[0.138s] Invoking command in '/home/safwan/ros_ws/bumperbot_ws/build/bumperbot_controller': CMAKE_PREFIX_PATH=${CMAKE_PREFIX_PATH}:/opt/ros/jazzy DEBUGINFOD_URLS=https://debuginfod.ubuntu.com /usr/bin/cmake --build /home/safwan/ros_ws/bumperbot_ws/build/bumperbot_controller -- -j8 -l8
[0.540s] Invoked command in '/home/safwan/ros_ws/bumperbot_ws/build/bumperbot_controller' returned '0': CMAKE_PREFIX_PATH=${CMAKE_PREFIX_PATH}:/opt/ros/jazzy DEBUGINFOD_URLS=https://debuginfod.ubuntu.com /usr/bin/cmake --build /home/safwan/ros_ws/bumperbot_ws/build/bumperbot_controller -- -j8 -l8
[0.636s] Invoking command in '/home/safwan/ros_ws/bumperbot_ws/build/bumperbot_controller': CMAKE_PREFIX_PATH=${CMAKE_PREFIX_PATH}:/opt/ros/jazzy DEBUGINFOD_URLS=https://debuginfod.ubuntu.com /usr/bin/cmake --install /home/safwan/ros_ws/bumperbot_ws/build/bumperbot_controller
[0.727s] -- Install configuration: ""
[0.729s] -- Up-to-date: /home/safwan/ros_ws/bumperbot_ws/install/bumperbot_controller/share/bumperbot_controller/config
[0.732s] -- Up-to-date: /home/safwan/ros_ws/bumperbot_ws/install/bumperbot_controller/share/bumperbot_controller/config/bumperbot_controllers.yaml
[0.734s] -- Up-to-date: /home/safwan/ros_ws/bumperbot_ws/install/bumperbot_controller/share/bumperbot_controller/launch
[0.736s] -- Up-to-date: /home/safwan/ros_ws/bumperbot_ws/install/bumperbot_controller/share/bumperbot_controller/launch/controller.launch.py
[0.737s] -- Up-to-date: /home/safwan/ros_ws/bumperbot_ws/install/bumperbot_controller/share/ament_index/resource_index/package_run_dependencies/bumperbot_controller
[0.739s] -- Up-to-date: /home/safwan/ros_ws/bumperbot_ws/install/bumperbot_controller/share/ament_index/resource_index/parent_prefix_path/bumperbot_controller
[0.740s] -- Up-to-date: /home/safwan/ros_ws/bumperbot_ws/install/bumperbot_controller/share/bumperbot_controller/environment/ament_prefix_path.sh
[0.742s] -- Up-to-date: /home/safwan/ros_ws/bumperbot_ws/install/bumperbot_controller/share/bumperbot_controller/environment/ament_prefix_path.dsv
[0.743s] -- Up-to-date: /home/safwan/ros_ws/bumperbot_ws/install/bumperbot_controller/share/bumperbot_controller/environment/path.sh
[0.745s] -- Up-to-date: /home/safwan/ros_ws/bumperbot_ws/install/bumperbot_controller/share/bumperbot_controller/environment/path.dsv
[0.748s] -- Up-to-date: /home/safwan/ros_ws/bumperbot_ws/install/bumperbot_controller/share/bumperbot_controller/local_setup.bash
[0.757s] -- Up-to-date: /home/safwan/ros_ws/bumperbot_ws/install/bumperbot_controller/share/bumperbot_controller/local_setup.sh
[0.758s] -- Up-to-date: /home/safwan/ros_ws/bumperbot_ws/install/bumperbot_controller/share/bumperbot_controller/local_setup.zsh
[0.760s] -- Up-to-date: /home/safwan/ros_ws/bumperbot_ws/install/bumperbot_controller/share/bumperbot_controller/local_setup.dsv
[0.765s] -- Installing: /home/safwan/ros_ws/bumperbot_ws/install/bumperbot_controller/share/bumperbot_controller/package.dsv
[0.790s] -- Up-to-date: /home/safwan/ros_ws/bumperbot_ws/install/bumperbot_controller/share/ament_index/resource_index/packages/bumperbot_controller
[0.791s] -- Up-to-date: /home/safwan/ros_ws/bumperbot_ws/install/bumperbot_controller/share/bumperbot_controller/cmake/bumperbot_controllerConfig.cmake
[0.793s] -- Up-to-date: /home/safwan/ros_ws/bumperbot_ws/install/bumperbot_controller/share/bumperbot_controller/cmake/bumperbot_controllerConfig-version.cmake
[0.795s] -- Up-to-date: /home/safwan/ros_ws/bumperbot_ws/install/bumperbot_controller/share/bumperbot_controller/package.xml
[0.845s] Invoked command in '/home/safwan/ros_ws/bumperbot_ws/build/bumperbot_controller' returned '0': CMAKE_PREFIX_PATH=${CMAKE_PREFIX_PATH}:/opt/ros/jazzy DEBUGINFOD_URLS=https://debuginfod.ubuntu.com /usr/bin/cmake --install /home/safwan/ros_ws/bumperbot_ws/build/bumperbot_controller
