[0.023s] Invoking command in '/home/safwan/ros_ws/bumperbot_ws/build/bumperbot_controller': CMAKE_PREFIX_PATH=${CMAKE_PREFIX_PATH}:/opt/ros/jazzy DEBUGINFOD_URLS=https://debuginfod.ubuntu.com /usr/bin/cmake --build /home/safwan/ros_ws/bumperbot_ws/build/bumperbot_controller -- -j8 -l8
[0.075s] -- Found ament_cmake: 2.5.4 (/opt/ros/jazzy/share/ament_cmake/cmake)
[0.546s] -- Configuring done (0.5s)
[0.554s] -- Generating done (0.0s)
[0.557s] -- Build files have been written to: /home/safwan/ros_ws/bumperbot_ws/build/bumperbot_controller
[0.589s] Invoked command in '/home/safwan/ros_ws/bumperbot_ws/build/bumperbot_controller' returned '0': CMAKE_PREFIX_PATH=${CMAKE_PREFIX_PATH}:/opt/ros/jazzy DEBUGINFOD_URLS=https://debuginfod.ubuntu.com /usr/bin/cmake --build /home/safwan/ros_ws/bumperbot_ws/build/bumperbot_controller -- -j8 -l8
[0.604s] Invoking command in '/home/safwan/ros_ws/bumperbot_ws/build/bumperbot_controller': CMAKE_PREFIX_PATH=${CMAKE_PREFIX_PATH}:/opt/ros/jazzy DEBUGINFOD_URLS=https://debuginfod.ubuntu.com /usr/bin/cmake --install /home/safwan/ros_ws/bumperbot_ws/build/bumperbot_controller
[0.617s] -- Install configuration: ""
[0.617s] -- Up-to-date: /home/safwan/ros_ws/bumperbot_ws/install/bumperbot_controller/share/bumperbot_controller/launch
[0.617s] -- Installing: /home/safwan/ros_ws/bumperbot_ws/install/bumperbot_controller/share/bumperbot_controller/launch/controller.launch.py
[0.618s] -- Up-to-date: /home/safwan/ros_ws/bumperbot_ws/install/bumperbot_controller/share/bumperbot_controller/config
[0.618s] -- Installing: /home/safwan/ros_ws/bumperbot_ws/install/bumperbot_controller/share/bumperbot_controller/config/bumperbot_controllers.yaml
[0.618s] -- Installing: /home/safwan/ros_ws/bumperbot_ws/install/bumperbot_controller/share/ament_index/resource_index/package_run_dependencies/bumperbot_controller
[0.619s] -- Up-to-date: /home/safwan/ros_ws/bumperbot_ws/install/bumperbot_controller/share/ament_index/resource_index/parent_prefix_path/bumperbot_controller
[0.619s] -- Up-to-date: /home/safwan/ros_ws/bumperbot_ws/install/bumperbot_controller/share/bumperbot_controller/environment/ament_prefix_path.sh
[0.619s] -- Up-to-date: /home/safwan/ros_ws/bumperbot_ws/install/bumperbot_controller/share/bumperbot_controller/environment/ament_prefix_path.dsv
[0.619s] -- Up-to-date: /home/safwan/ros_ws/bumperbot_ws/install/bumperbot_controller/share/bumperbot_controller/environment/path.sh
[0.619s] -- Up-to-date: /home/safwan/ros_ws/bumperbot_ws/install/bumperbot_controller/share/bumperbot_controller/environment/path.dsv
[0.619s] -- Up-to-date: /home/safwan/ros_ws/bumperbot_ws/install/bumperbot_controller/share/bumperbot_controller/local_setup.bash
[0.620s] -- Up-to-date: /home/safwan/ros_ws/bumperbot_ws/install/bumperbot_controller/share/bumperbot_controller/local_setup.sh
[0.620s] -- Up-to-date: /home/safwan/ros_ws/bumperbot_ws/install/bumperbot_controller/share/bumperbot_controller/local_setup.zsh
[0.620s] -- Up-to-date: /home/safwan/ros_ws/bumperbot_ws/install/bumperbot_controller/share/bumperbot_controller/local_setup.dsv
[0.620s] -- Installing: /home/safwan/ros_ws/bumperbot_ws/install/bumperbot_controller/share/bumperbot_controller/package.dsv
[0.620s] -- Up-to-date: /home/safwan/ros_ws/bumperbot_ws/install/bumperbot_controller/share/ament_index/resource_index/packages/bumperbot_controller
[0.621s] -- Up-to-date: /home/safwan/ros_ws/bumperbot_ws/install/bumperbot_controller/share/bumperbot_controller/cmake/bumperbot_controllerConfig.cmake
[0.621s] -- Up-to-date: /home/safwan/ros_ws/bumperbot_ws/install/bumperbot_controller/share/bumperbot_controller/cmake/bumperbot_controllerConfig-version.cmake
[0.621s] -- Installing: /home/safwan/ros_ws/bumperbot_ws/install/bumperbot_controller/share/bumperbot_controller/package.xml
[0.622s] Invoked command in '/home/safwan/ros_ws/bumperbot_ws/build/bumperbot_controller' returned '0': CMAKE_PREFIX_PATH=${CMAKE_PREFIX_PATH}:/opt/ros/jazzy DEBUGINFOD_URLS=https://debuginfod.ubuntu.com /usr/bin/cmake --install /home/safwan/ros_ws/bumperbot_ws/build/bumperbot_controller
