-- Install configuration: ""
-- Up-to-date: /home/safwan/ros_ws/bumperbot_ws/install/bumperbot_description/share/bumperbot_description/meshes/meshes
-- Up-to-date: /home/safwan/ros_ws/bumperbot_ws/install/bumperbot_description/share/bumperbot_description/meshes/meshes/wheel_left_link.STL
-- Up-to-date: /home/safwan/ros_ws/bumperbot_ws/install/bumperbot_description/share/bumperbot_description/meshes/meshes/caster_front_link.STL
-- Up-to-date: /home/safwan/ros_ws/bumperbot_ws/install/bumperbot_description/share/bumperbot_description/meshes/meshes/base_link.STL
-- Up-to-date: /home/safwan/ros_ws/bumperbot_ws/install/bumperbot_description/share/bumperbot_description/meshes/meshes/base_link.dae
-- Up-to-date: /home/safwan/ros_ws/bumperbot_ws/install/bumperbot_description/share/bumperbot_description/meshes/meshes/caster_rear_link.STL
-- Up-to-date: /home/safwan/ros_ws/bumperbot_ws/install/bumperbot_description/share/bumperbot_description/meshes/meshes/imu_link.STL
-- Up-to-date: /home/safwan/ros_ws/bumperbot_ws/install/bumperbot_description/share/bumperbot_description/meshes/meshes/wheel_right_link.STL
-- Up-to-date: /home/safwan/ros_ws/bumperbot_ws/install/bumperbot_description/share/bumperbot_description/meshes/urdf
-- Up-to-date: /home/safwan/ros_ws/bumperbot_ws/install/bumperbot_description/share/bumperbot_description/meshes/urdf/bumperbot.urdf.xacro
-- Up-to-date: /home/safwan/ros_ws/bumperbot_ws/install/bumperbot_description/share/ament_index/resource_index/package_run_dependencies/bumperbot_description
-- Up-to-date: /home/safwan/ros_ws/bumperbot_ws/install/bumperbot_description/share/ament_index/resource_index/parent_prefix_path/bumperbot_description
-- Up-to-date: /home/safwan/ros_ws/bumperbot_ws/install/bumperbot_description/share/bumperbot_description/environment/ament_prefix_path.sh
-- Up-to-date: /home/safwan/ros_ws/bumperbot_ws/install/bumperbot_description/share/bumperbot_description/environment/ament_prefix_path.dsv
-- Up-to-date: /home/safwan/ros_ws/bumperbot_ws/install/bumperbot_description/share/bumperbot_description/environment/path.sh
-- Up-to-date: /home/safwan/ros_ws/bumperbot_ws/install/bumperbot_description/share/bumperbot_description/environment/path.dsv
-- Up-to-date: /home/safwan/ros_ws/bumperbot_ws/install/bumperbot_description/share/bumperbot_description/local_setup.bash
-- Up-to-date: /home/safwan/ros_ws/bumperbot_ws/install/bumperbot_description/share/bumperbot_description/local_setup.sh
-- Up-to-date: /home/safwan/ros_ws/bumperbot_ws/install/bumperbot_description/share/bumperbot_description/local_setup.zsh
-- Up-to-date: /home/safwan/ros_ws/bumperbot_ws/install/bumperbot_description/share/bumperbot_description/local_setup.dsv
-- Installing: /home/safwan/ros_ws/bumperbot_ws/install/bumperbot_description/share/bumperbot_description/package.dsv
-- Up-to-date: /home/safwan/ros_ws/bumperbot_ws/install/bumperbot_description/share/ament_index/resource_index/packages/bumperbot_description
-- Up-to-date: /home/safwan/ros_ws/bumperbot_ws/install/bumperbot_description/share/bumperbot_description/cmake/bumperbot_descriptionConfig.cmake
-- Up-to-date: /home/safwan/ros_ws/bumperbot_ws/install/bumperbot_description/share/bumperbot_description/cmake/bumperbot_descriptionConfig-version.cmake
-- Up-to-date: /home/safwan/ros_ws/bumperbot_ws/install/bumperbot_description/share/bumperbot_description/package.xml
