[0.152s] DEBUG:colcon:Command line arguments: ['/usr/bin/colcon', 'build']
[0.152s] DEBUG:colcon:Parsed command line arguments: Namespace(log_base=None, log_level=None, verb_name='build', build_base='build', install_base='install', merge_install=False, symlink_install=False, test_result_base=None, continue_on_error=False, executor='parallel', parallel_workers=8, event_handlers=None, ignore_user_meta=False, metas=['./colcon.meta'], base_paths=['.'], packages_ignore=None, packages_ignore_regex=None, paths=None, packages_up_to=None, packages_up_to_regex=None, packages_above=None, packages_above_and_dependencies=None, packages_above_depth=None, packages_select_by_dep=None, packages_skip_by_dep=None, packages_skip_up_to=None, packages_select_build_failed=False, packages_skip_build_finished=False, packages_select_test_failures=False, packages_skip_test_passed=False, packages_select=None, packages_skip=None, packages_select_regex=None, packages_skip_regex=None, packages_start=None, packages_end=None, allow_overriding=[], cmake_args=None, cmake_target=None, cmake_target_skip_unavailable=False, cmake_clean_cache=False, cmake_clean_first=False, cmake_force_configure=False, ament_cmake_args=None, catkin_cmake_args=None, catkin_skip_building_tests=False, mixin_files=None, mixin=None, verb_parser=<colcon_mixin.mixin.mixin_argument.MixinArgumentDecorator object at 0x73fdcbdace30>, verb_extension=<colcon_core.verb.build.BuildVerb object at 0x73fdcc7e5fa0>, main=<bound method BuildVerb.main of <colcon_core.verb.build.BuildVerb object at 0x73fdcc7e5fa0>>, mixin_verb=('build',))
[0.201s] Level 1:colcon.colcon_core.package_discovery:discover_packages(colcon_meta) check parameters
[0.201s] Level 1:colcon.colcon_core.package_discovery:discover_packages(recursive) check parameters
[0.201s] Level 1:colcon.colcon_core.package_discovery:discover_packages(ignore) check parameters
[0.201s] Level 1:colcon.colcon_core.package_discovery:discover_packages(path) check parameters
[0.201s] Level 1:colcon.colcon_core.package_discovery:discover_packages(colcon_meta) discover
[0.201s] Level 1:colcon.colcon_core.package_discovery:discover_packages(recursive) discover
[0.201s] INFO:colcon.colcon_core.package_discovery:Crawling recursively for packages in '/home/safwan/ros_ws/bumperbot_ws'
[0.201s] Level 1:colcon.colcon_core.package_identification:_identify(.) by extensions ['ignore', 'ignore_ament_install']
[0.202s] Level 1:colcon.colcon_core.package_identification:_identify(.) by extension 'ignore'
[0.202s] Level 1:colcon.colcon_core.package_identification:_identify(.) by extension 'ignore_ament_install'
[0.202s] Level 1:colcon.colcon_core.package_identification:_identify(.) by extensions ['colcon_pkg']
[0.202s] Level 1:colcon.colcon_core.package_identification:_identify(.) by extension 'colcon_pkg'
[0.202s] Level 1:colcon.colcon_core.package_identification:_identify(.) by extensions ['colcon_meta']
[0.202s] Level 1:colcon.colcon_core.package_identification:_identify(.) by extension 'colcon_meta'
[0.202s] Level 1:colcon.colcon_core.package_identification:_identify(.) by extensions ['ros']
[0.202s] Level 1:colcon.colcon_core.package_identification:_identify(.) by extension 'ros'
[0.237s] Level 1:colcon.colcon_core.package_identification:_identify(.) by extensions ['cmake', 'python']
[0.237s] Level 1:colcon.colcon_core.package_identification:_identify(.) by extension 'cmake'
[0.237s] Level 1:colcon.colcon_core.package_identification:_identify(.) by extension 'python'
[0.237s] Level 1:colcon.colcon_core.package_identification:_identify(.) by extensions ['python_setup_py']
[0.237s] Level 1:colcon.colcon_core.package_identification:_identify(.) by extension 'python_setup_py'
[0.237s] Level 1:colcon.colcon_core.package_identification:_identify(build) by extensions ['ignore', 'ignore_ament_install']
[0.237s] Level 1:colcon.colcon_core.package_identification:_identify(build) by extension 'ignore'
[0.237s] Level 1:colcon.colcon_core.package_identification:_identify(build) ignored
[0.238s] Level 1:colcon.colcon_core.package_identification:_identify(install) by extensions ['ignore', 'ignore_ament_install']
[0.238s] Level 1:colcon.colcon_core.package_identification:_identify(install) by extension 'ignore'
[0.238s] Level 1:colcon.colcon_core.package_identification:_identify(install) ignored
[0.238s] Level 1:colcon.colcon_core.package_identification:_identify(log) by extensions ['ignore', 'ignore_ament_install']
[0.238s] Level 1:colcon.colcon_core.package_identification:_identify(log) by extension 'ignore'
[0.238s] Level 1:colcon.colcon_core.package_identification:_identify(log) ignored
[0.238s] Level 1:colcon.colcon_core.package_identification:_identify(src) by extensions ['ignore', 'ignore_ament_install']
[0.238s] Level 1:colcon.colcon_core.package_identification:_identify(src) by extension 'ignore'
[0.238s] Level 1:colcon.colcon_core.package_identification:_identify(src) by extension 'ignore_ament_install'
[0.238s] Level 1:colcon.colcon_core.package_identification:_identify(src) by extensions ['colcon_pkg']
[0.239s] Level 1:colcon.colcon_core.package_identification:_identify(src) by extension 'colcon_pkg'
[0.239s] Level 1:colcon.colcon_core.package_identification:_identify(src) by extensions ['colcon_meta']
[0.239s] Level 1:colcon.colcon_core.package_identification:_identify(src) by extension 'colcon_meta'
[0.239s] Level 1:colcon.colcon_core.package_identification:_identify(src) by extensions ['ros']
[0.239s] Level 1:colcon.colcon_core.package_identification:_identify(src) by extension 'ros'
[0.239s] Level 1:colcon.colcon_core.package_identification:_identify(src) by extensions ['cmake', 'python']
[0.239s] Level 1:colcon.colcon_core.package_identification:_identify(src) by extension 'cmake'
[0.239s] Level 1:colcon.colcon_core.package_identification:_identify(src) by extension 'python'
[0.239s] Level 1:colcon.colcon_core.package_identification:_identify(src) by extensions ['python_setup_py']
[0.239s] Level 1:colcon.colcon_core.package_identification:_identify(src) by extension 'python_setup_py'
[0.239s] Level 1:colcon.colcon_core.package_identification:_identify(src/bumperbot_cpp_examples) by extensions ['ignore', 'ignore_ament_install']
[0.239s] Level 1:colcon.colcon_core.package_identification:_identify(src/bumperbot_cpp_examples) by extension 'ignore'
[0.240s] Level 1:colcon.colcon_core.package_identification:_identify(src/bumperbot_cpp_examples) by extension 'ignore_ament_install'
[0.240s] Level 1:colcon.colcon_core.package_identification:_identify(src/bumperbot_cpp_examples) by extensions ['colcon_pkg']
[0.240s] Level 1:colcon.colcon_core.package_identification:_identify(src/bumperbot_cpp_examples) by extension 'colcon_pkg'
[0.240s] Level 1:colcon.colcon_core.package_identification:_identify(src/bumperbot_cpp_examples) by extensions ['colcon_meta']
[0.240s] Level 1:colcon.colcon_core.package_identification:_identify(src/bumperbot_cpp_examples) by extension 'colcon_meta'
[0.240s] Level 1:colcon.colcon_core.package_identification:_identify(src/bumperbot_cpp_examples) by extensions ['ros']
[0.240s] Level 1:colcon.colcon_core.package_identification:_identify(src/bumperbot_cpp_examples) by extension 'ros'
[0.243s] DEBUG:colcon.colcon_core.package_identification:Package 'src/bumperbot_cpp_examples' with type 'ros.ament_cmake' and name 'bumperbot_cpp_examples'
[0.243s] Level 1:colcon.colcon_core.package_identification:_identify(src/bumperbot_description) by extensions ['ignore', 'ignore_ament_install']
[0.243s] Level 1:colcon.colcon_core.package_identification:_identify(src/bumperbot_description) by extension 'ignore'
[0.244s] Level 1:colcon.colcon_core.package_identification:_identify(src/bumperbot_description) by extension 'ignore_ament_install'
[0.244s] Level 1:colcon.colcon_core.package_identification:_identify(src/bumperbot_description) by extensions ['colcon_pkg']
[0.244s] Level 1:colcon.colcon_core.package_identification:_identify(src/bumperbot_description) by extension 'colcon_pkg'
[0.244s] Level 1:colcon.colcon_core.package_identification:_identify(src/bumperbot_description) by extensions ['colcon_meta']
[0.244s] Level 1:colcon.colcon_core.package_identification:_identify(src/bumperbot_description) by extension 'colcon_meta'
[0.244s] Level 1:colcon.colcon_core.package_identification:_identify(src/bumperbot_description) by extensions ['ros']
[0.244s] Level 1:colcon.colcon_core.package_identification:_identify(src/bumperbot_description) by extension 'ros'
[0.245s] DEBUG:colcon.colcon_core.package_identification:Package 'src/bumperbot_description' with type 'ros.ament_cmake' and name 'bumperbot_description'
[0.245s] Level 1:colcon.colcon_core.package_identification:_identify(src/bumperbot_py_examples) by extensions ['ignore', 'ignore_ament_install']
[0.245s] Level 1:colcon.colcon_core.package_identification:_identify(src/bumperbot_py_examples) by extension 'ignore'
[0.245s] Level 1:colcon.colcon_core.package_identification:_identify(src/bumperbot_py_examples) by extension 'ignore_ament_install'
[0.245s] Level 1:colcon.colcon_core.package_identification:_identify(src/bumperbot_py_examples) by extensions ['colcon_pkg']
[0.245s] Level 1:colcon.colcon_core.package_identification:_identify(src/bumperbot_py_examples) by extension 'colcon_pkg'
[0.245s] Level 1:colcon.colcon_core.package_identification:_identify(src/bumperbot_py_examples) by extensions ['colcon_meta']
[0.245s] Level 1:colcon.colcon_core.package_identification:_identify(src/bumperbot_py_examples) by extension 'colcon_meta'
[0.245s] Level 1:colcon.colcon_core.package_identification:_identify(src/bumperbot_py_examples) by extensions ['ros']
[0.245s] Level 1:colcon.colcon_core.package_identification:_identify(src/bumperbot_py_examples) by extension 'ros'
[0.246s] DEBUG:colcon.colcon_core.package_identification:Package 'src/bumperbot_py_examples' with type 'ros.ament_python' and name 'bumperbot_py_examples'
[0.246s] Level 1:colcon.colcon_core.package_discovery:discover_packages(recursive) using defaults
[0.246s] Level 1:colcon.colcon_core.package_discovery:discover_packages(ignore) discover
[0.246s] Level 1:colcon.colcon_core.package_discovery:discover_packages(ignore) using defaults
[0.246s] Level 1:colcon.colcon_core.package_discovery:discover_packages(path) discover
[0.246s] Level 1:colcon.colcon_core.package_discovery:discover_packages(path) using defaults
[0.268s] Level 1:colcon.colcon_core.package_discovery:discover_packages(prefix_path) check parameters
[0.268s] Level 1:colcon.colcon_core.package_discovery:discover_packages(prefix_path) discover
[0.271s] DEBUG:colcon.colcon_installed_package_information.package_discovery:Found 3 installed packages in /home/safwan/ros_ws/bumperbot_ws/install
[0.274s] DEBUG:colcon.colcon_installed_package_information.package_discovery:Found 440 installed packages in /opt/ros/jazzy
[0.276s] Level 1:colcon.colcon_core.package_discovery:discover_packages(prefix_path) using defaults
[0.351s] Level 5:colcon.colcon_core.verb:set package 'bumperbot_cpp_examples' build argument 'cmake_args' from command line to 'None'
[0.351s] Level 5:colcon.colcon_core.verb:set package 'bumperbot_cpp_examples' build argument 'cmake_target' from command line to 'None'
[0.351s] Level 5:colcon.colcon_core.verb:set package 'bumperbot_cpp_examples' build argument 'cmake_target_skip_unavailable' from command line to 'False'
[0.351s] Level 5:colcon.colcon_core.verb:set package 'bumperbot_cpp_examples' build argument 'cmake_clean_cache' from command line to 'False'
[0.351s] Level 5:colcon.colcon_core.verb:set package 'bumperbot_cpp_examples' build argument 'cmake_clean_first' from command line to 'False'
[0.351s] Level 5:colcon.colcon_core.verb:set package 'bumperbot_cpp_examples' build argument 'cmake_force_configure' from command line to 'False'
[0.351s] Level 5:colcon.colcon_core.verb:set package 'bumperbot_cpp_examples' build argument 'ament_cmake_args' from command line to 'None'
[0.351s] Level 5:colcon.colcon_core.verb:set package 'bumperbot_cpp_examples' build argument 'catkin_cmake_args' from command line to 'None'
[0.351s] Level 5:colcon.colcon_core.verb:set package 'bumperbot_cpp_examples' build argument 'catkin_skip_building_tests' from command line to 'False'
[0.351s] DEBUG:colcon.colcon_core.verb:Building package 'bumperbot_cpp_examples' with the following arguments: {'ament_cmake_args': None, 'build_base': '/home/safwan/ros_ws/bumperbot_ws/build/bumperbot_cpp_examples', 'catkin_cmake_args': None, 'catkin_skip_building_tests': False, 'cmake_args': None, 'cmake_clean_cache': False, 'cmake_clean_first': False, 'cmake_force_configure': False, 'cmake_target': None, 'cmake_target_skip_unavailable': False, 'install_base': '/home/safwan/ros_ws/bumperbot_ws/install/bumperbot_cpp_examples', 'merge_install': False, 'path': '/home/safwan/ros_ws/bumperbot_ws/src/bumperbot_cpp_examples', 'symlink_install': False, 'test_result_base': None}
[0.352s] Level 5:colcon.colcon_core.verb:set package 'bumperbot_description' build argument 'cmake_args' from command line to 'None'
[0.352s] Level 5:colcon.colcon_core.verb:set package 'bumperbot_description' build argument 'cmake_target' from command line to 'None'
[0.352s] Level 5:colcon.colcon_core.verb:set package 'bumperbot_description' build argument 'cmake_target_skip_unavailable' from command line to 'False'
[0.352s] Level 5:colcon.colcon_core.verb:set package 'bumperbot_description' build argument 'cmake_clean_cache' from command line to 'False'
[0.352s] Level 5:colcon.colcon_core.verb:set package 'bumperbot_description' build argument 'cmake_clean_first' from command line to 'False'
[0.352s] Level 5:colcon.colcon_core.verb:set package 'bumperbot_description' build argument 'cmake_force_configure' from command line to 'False'
[0.352s] Level 5:colcon.colcon_core.verb:set package 'bumperbot_description' build argument 'ament_cmake_args' from command line to 'None'
[0.352s] Level 5:colcon.colcon_core.verb:set package 'bumperbot_description' build argument 'catkin_cmake_args' from command line to 'None'
[0.352s] Level 5:colcon.colcon_core.verb:set package 'bumperbot_description' build argument 'catkin_skip_building_tests' from command line to 'False'
[0.352s] DEBUG:colcon.colcon_core.verb:Building package 'bumperbot_description' with the following arguments: {'ament_cmake_args': None, 'build_base': '/home/safwan/ros_ws/bumperbot_ws/build/bumperbot_description', 'catkin_cmake_args': None, 'catkin_skip_building_tests': False, 'cmake_args': None, 'cmake_clean_cache': False, 'cmake_clean_first': False, 'cmake_force_configure': False, 'cmake_target': None, 'cmake_target_skip_unavailable': False, 'install_base': '/home/safwan/ros_ws/bumperbot_ws/install/bumperbot_description', 'merge_install': False, 'path': '/home/safwan/ros_ws/bumperbot_ws/src/bumperbot_description', 'symlink_install': False, 'test_result_base': None}
[0.352s] Level 5:colcon.colcon_core.verb:set package 'bumperbot_py_examples' build argument 'cmake_args' from command line to 'None'
[0.352s] Level 5:colcon.colcon_core.verb:set package 'bumperbot_py_examples' build argument 'cmake_target' from command line to 'None'
[0.352s] Level 5:colcon.colcon_core.verb:set package 'bumperbot_py_examples' build argument 'cmake_target_skip_unavailable' from command line to 'False'
[0.352s] Level 5:colcon.colcon_core.verb:set package 'bumperbot_py_examples' build argument 'cmake_clean_cache' from command line to 'False'
[0.352s] Level 5:colcon.colcon_core.verb:set package 'bumperbot_py_examples' build argument 'cmake_clean_first' from command line to 'False'
[0.352s] Level 5:colcon.colcon_core.verb:set package 'bumperbot_py_examples' build argument 'cmake_force_configure' from command line to 'False'
[0.352s] Level 5:colcon.colcon_core.verb:set package 'bumperbot_py_examples' build argument 'ament_cmake_args' from command line to 'None'
[0.353s] Level 5:colcon.colcon_core.verb:set package 'bumperbot_py_examples' build argument 'catkin_cmake_args' from command line to 'None'
[0.353s] Level 5:colcon.colcon_core.verb:set package 'bumperbot_py_examples' build argument 'catkin_skip_building_tests' from command line to 'False'
[0.353s] DEBUG:colcon.colcon_core.verb:Building package 'bumperbot_py_examples' with the following arguments: {'ament_cmake_args': None, 'build_base': '/home/safwan/ros_ws/bumperbot_ws/build/bumperbot_py_examples', 'catkin_cmake_args': None, 'catkin_skip_building_tests': False, 'cmake_args': None, 'cmake_clean_cache': False, 'cmake_clean_first': False, 'cmake_force_configure': False, 'cmake_target': None, 'cmake_target_skip_unavailable': False, 'install_base': '/home/safwan/ros_ws/bumperbot_ws/install/bumperbot_py_examples', 'merge_install': False, 'path': '/home/safwan/ros_ws/bumperbot_ws/src/bumperbot_py_examples', 'symlink_install': False, 'test_result_base': None}
[0.353s] INFO:colcon.colcon_core.executor:Executing jobs using 'parallel' executor
[0.354s] DEBUG:colcon.colcon_parallel_executor.executor.parallel:run_until_complete
[0.354s] INFO:colcon.colcon_ros.task.ament_cmake.build:Building ROS package in '/home/safwan/ros_ws/bumperbot_ws/src/bumperbot_cpp_examples' with build type 'ament_cmake'
[0.354s] INFO:colcon.colcon_cmake.task.cmake.build:Building CMake package in '/home/safwan/ros_ws/bumperbot_ws/src/bumperbot_cpp_examples'
[0.357s] INFO:colcon.colcon_core.plugin_system:Skipping extension 'colcon_core.shell.bat': Not used on non-Windows systems
[0.358s] INFO:colcon.colcon_core.shell:Skip shell extension 'powershell' for command environment: Not usable outside of PowerShell
[0.358s] DEBUG:colcon.colcon_core.shell:Skip shell extension 'dsv' for command environment
[0.363s] INFO:colcon.colcon_ros.task.ament_cmake.build:Building ROS package in '/home/safwan/ros_ws/bumperbot_ws/src/bumperbot_description' with build type 'ament_cmake'
[0.363s] INFO:colcon.colcon_cmake.task.cmake.build:Building CMake package in '/home/safwan/ros_ws/bumperbot_ws/src/bumperbot_description'
[0.364s] INFO:colcon.colcon_core.shell:Skip shell extension 'powershell' for command environment: Not usable outside of PowerShell
[0.364s] DEBUG:colcon.colcon_core.shell:Skip shell extension 'dsv' for command environment
[0.372s] INFO:colcon.colcon_ros.task.ament_python.build:Building ROS package in '/home/safwan/ros_ws/bumperbot_ws/src/bumperbot_py_examples' with build type 'ament_python'
[0.372s] Level 1:colcon.colcon_core.shell:create_environment_hook('bumperbot_py_examples', 'ament_prefix_path')
[0.373s] INFO:colcon.colcon_core.shell:Creating environment hook '/home/safwan/ros_ws/bumperbot_ws/install/bumperbot_py_examples/share/bumperbot_py_examples/hook/ament_prefix_path.ps1'
[0.375s] INFO:colcon.colcon_core.shell:Creating environment descriptor '/home/safwan/ros_ws/bumperbot_ws/install/bumperbot_py_examples/share/bumperbot_py_examples/hook/ament_prefix_path.dsv'
[0.376s] INFO:colcon.colcon_core.shell:Creating environment hook '/home/safwan/ros_ws/bumperbot_ws/install/bumperbot_py_examples/share/bumperbot_py_examples/hook/ament_prefix_path.sh'
[0.377s] INFO:colcon.colcon_core.shell:Skip shell extension 'powershell' for command environment: Not usable outside of PowerShell
[0.377s] DEBUG:colcon.colcon_core.shell:Skip shell extension 'dsv' for command environment
[0.393s] DEBUG:colcon.colcon_core.event_handler.log_command:Invoking command in '/home/safwan/ros_ws/bumperbot_ws/build/bumperbot_cpp_examples': CMAKE_PREFIX_PATH=${CMAKE_PREFIX_PATH}:/home/safwan/ros_ws/bumperbot_ws/install/bumperbot_py_examples:/opt/ros/jazzy DEBUGINFOD_URLS=https://debuginfod.ubuntu.com /usr/bin/cmake --build /home/safwan/ros_ws/bumperbot_ws/build/bumperbot_cpp_examples -- -j8 -l8
[0.399s] DEBUG:colcon.colcon_core.event_handler.log_command:Invoking command in '/home/safwan/ros_ws/bumperbot_ws/build/bumperbot_description': CMAKE_PREFIX_PATH=${CMAKE_PREFIX_PATH}:/home/safwan/ros_ws/bumperbot_ws/install/bumperbot_py_examples:/opt/ros/jazzy DEBUGINFOD_URLS=https://debuginfod.ubuntu.com /usr/bin/cmake --build /home/safwan/ros_ws/bumperbot_ws/build/bumperbot_description -- -j8 -l8
[0.743s] INFO:colcon.colcon_core.task.python.build:Building Python package in '/home/safwan/ros_ws/bumperbot_ws/src/bumperbot_py_examples'
[0.744s] INFO:colcon.colcon_core.shell:Skip shell extension 'powershell' for command environment: Not usable outside of PowerShell
[0.744s] DEBUG:colcon.colcon_core.shell:Skip shell extension 'dsv' for command environment
[0.751s] DEBUG:colcon.colcon_core.event_handler.log_command:Invoked command in '/home/safwan/ros_ws/bumperbot_ws/build/bumperbot_description' returned '0': CMAKE_PREFIX_PATH=${CMAKE_PREFIX_PATH}:/home/safwan/ros_ws/bumperbot_ws/install/bumperbot_py_examples:/opt/ros/jazzy DEBUGINFOD_URLS=https://debuginfod.ubuntu.com /usr/bin/cmake --build /home/safwan/ros_ws/bumperbot_ws/build/bumperbot_description -- -j8 -l8
[0.771s] DEBUG:colcon.colcon_core.event_handler.log_command:Invoking command in '/home/safwan/ros_ws/bumperbot_ws/build/bumperbot_description': CMAKE_PREFIX_PATH=${CMAKE_PREFIX_PATH}:/home/safwan/ros_ws/bumperbot_ws/install/bumperbot_py_examples:/opt/ros/jazzy DEBUGINFOD_URLS=https://debuginfod.ubuntu.com /usr/bin/cmake --install /home/safwan/ros_ws/bumperbot_ws/build/bumperbot_description
[0.773s] DEBUG:colcon.colcon_core.event_handler.log_command:Invoked command in '/home/safwan/ros_ws/bumperbot_ws/build/bumperbot_cpp_examples' returned '0': CMAKE_PREFIX_PATH=${CMAKE_PREFIX_PATH}:/home/safwan/ros_ws/bumperbot_ws/install/bumperbot_py_examples:/opt/ros/jazzy DEBUGINFOD_URLS=https://debuginfod.ubuntu.com /usr/bin/cmake --build /home/safwan/ros_ws/bumperbot_ws/build/bumperbot_cpp_examples -- -j8 -l8
[0.776s] DEBUG:colcon.colcon_core.event_handler.log_command:Invoking command in '/home/safwan/ros_ws/bumperbot_ws/build/bumperbot_cpp_examples': CMAKE_PREFIX_PATH=${CMAKE_PREFIX_PATH}:/home/safwan/ros_ws/bumperbot_ws/install/bumperbot_py_examples:/opt/ros/jazzy DEBUGINFOD_URLS=https://debuginfod.ubuntu.com /usr/bin/cmake --install /home/safwan/ros_ws/bumperbot_ws/build/bumperbot_cpp_examples
[0.794s] Level 1:colcon.colcon_core.environment:create_environment_scripts_only(bumperbot_description)
[0.798s] DEBUG:colcon.colcon_core.event_handler.log_command:Invoked command in '/home/safwan/ros_ws/bumperbot_ws/build/bumperbot_description' returned '0': CMAKE_PREFIX_PATH=${CMAKE_PREFIX_PATH}:/home/safwan/ros_ws/bumperbot_ws/install/bumperbot_py_examples:/opt/ros/jazzy DEBUGINFOD_URLS=https://debuginfod.ubuntu.com /usr/bin/cmake --install /home/safwan/ros_ws/bumperbot_ws/build/bumperbot_description
[0.803s] Level 1:colcon.colcon_core.environment:checking '/home/safwan/ros_ws/bumperbot_ws/install/bumperbot_description' for CMake module files
[0.804s] Level 1:colcon.colcon_core.environment:checking '/home/safwan/ros_ws/bumperbot_ws/install/bumperbot_description' for CMake config files
[0.804s] Level 1:colcon.colcon_core.shell:create_environment_hook('bumperbot_description', 'cmake_prefix_path')
[0.804s] INFO:colcon.colcon_core.shell:Creating environment hook '/home/safwan/ros_ws/bumperbot_ws/install/bumperbot_description/share/bumperbot_description/hook/cmake_prefix_path.ps1'
[0.805s] INFO:colcon.colcon_core.shell:Creating environment descriptor '/home/safwan/ros_ws/bumperbot_ws/install/bumperbot_description/share/bumperbot_description/hook/cmake_prefix_path.dsv'
[0.806s] INFO:colcon.colcon_core.shell:Creating environment hook '/home/safwan/ros_ws/bumperbot_ws/install/bumperbot_description/share/bumperbot_description/hook/cmake_prefix_path.sh'
[0.807s] Level 1:colcon.colcon_core.environment:checking '/home/safwan/ros_ws/bumperbot_ws/install/bumperbot_description/bin'
[0.807s] Level 1:colcon.colcon_core.environment:checking '/home/safwan/ros_ws/bumperbot_ws/install/bumperbot_description/lib/pkgconfig/bumperbot_description.pc'
[0.807s] Level 1:colcon.colcon_core.environment:checking '/home/safwan/ros_ws/bumperbot_ws/install/bumperbot_description/lib/python3.12/site-packages'
[0.808s] Level 1:colcon.colcon_core.environment:checking '/home/safwan/ros_ws/bumperbot_ws/install/bumperbot_description/bin'
[0.808s] INFO:colcon.colcon_core.shell:Creating package script '/home/safwan/ros_ws/bumperbot_ws/install/bumperbot_description/share/bumperbot_description/package.ps1'
[0.810s] INFO:colcon.colcon_core.shell:Creating package descriptor '/home/safwan/ros_ws/bumperbot_ws/install/bumperbot_description/share/bumperbot_description/package.dsv'
[0.811s] INFO:colcon.colcon_core.shell:Creating package script '/home/safwan/ros_ws/bumperbot_ws/install/bumperbot_description/share/bumperbot_description/package.sh'
[0.812s] INFO:colcon.colcon_core.shell:Creating package script '/home/safwan/ros_ws/bumperbot_ws/install/bumperbot_description/share/bumperbot_description/package.bash'
[0.813s] INFO:colcon.colcon_core.shell:Creating package script '/home/safwan/ros_ws/bumperbot_ws/install/bumperbot_description/share/bumperbot_description/package.zsh'
[0.814s] Level 1:colcon.colcon_core.environment:create_file_with_runtime_dependencies(/home/safwan/ros_ws/bumperbot_ws/install/bumperbot_description/share/colcon-core/packages/bumperbot_description)
[0.815s] Level 1:colcon.colcon_core.environment:create_environment_scripts_only(bumperbot_description)
[0.816s] Level 1:colcon.colcon_core.environment:checking '/home/safwan/ros_ws/bumperbot_ws/install/bumperbot_description' for CMake module files
[0.817s] Level 1:colcon.colcon_core.environment:checking '/home/safwan/ros_ws/bumperbot_ws/install/bumperbot_description' for CMake config files
[0.817s] Level 1:colcon.colcon_core.shell:create_environment_hook('bumperbot_description', 'cmake_prefix_path')
[0.817s] INFO:colcon.colcon_core.shell:Creating environment hook '/home/safwan/ros_ws/bumperbot_ws/install/bumperbot_description/share/bumperbot_description/hook/cmake_prefix_path.ps1'
[0.818s] INFO:colcon.colcon_core.shell:Creating environment descriptor '/home/safwan/ros_ws/bumperbot_ws/install/bumperbot_description/share/bumperbot_description/hook/cmake_prefix_path.dsv'
[0.818s] INFO:colcon.colcon_core.shell:Creating environment hook '/home/safwan/ros_ws/bumperbot_ws/install/bumperbot_description/share/bumperbot_description/hook/cmake_prefix_path.sh'
[0.819s] Level 1:colcon.colcon_core.environment:checking '/home/safwan/ros_ws/bumperbot_ws/install/bumperbot_description/bin'
[0.819s] Level 1:colcon.colcon_core.environment:checking '/home/safwan/ros_ws/bumperbot_ws/install/bumperbot_description/lib/pkgconfig/bumperbot_description.pc'
[0.820s] Level 1:colcon.colcon_core.environment:checking '/home/safwan/ros_ws/bumperbot_ws/install/bumperbot_description/lib/python3.12/site-packages'
[0.820s] Level 1:colcon.colcon_core.environment:checking '/home/safwan/ros_ws/bumperbot_ws/install/bumperbot_description/bin'
[0.821s] INFO:colcon.colcon_core.shell:Creating package script '/home/safwan/ros_ws/bumperbot_ws/install/bumperbot_description/share/bumperbot_description/package.ps1'
[0.822s] INFO:colcon.colcon_core.shell:Creating package descriptor '/home/safwan/ros_ws/bumperbot_ws/install/bumperbot_description/share/bumperbot_description/package.dsv'
[0.823s] INFO:colcon.colcon_core.shell:Creating package script '/home/safwan/ros_ws/bumperbot_ws/install/bumperbot_description/share/bumperbot_description/package.sh'
[0.824s] INFO:colcon.colcon_core.shell:Creating package script '/home/safwan/ros_ws/bumperbot_ws/install/bumperbot_description/share/bumperbot_description/package.bash'
[0.824s] INFO:colcon.colcon_core.shell:Creating package script '/home/safwan/ros_ws/bumperbot_ws/install/bumperbot_description/share/bumperbot_description/package.zsh'
[0.825s] Level 1:colcon.colcon_core.environment:create_file_with_runtime_dependencies(/home/safwan/ros_ws/bumperbot_ws/install/bumperbot_description/share/colcon-core/packages/bumperbot_description)
[0.826s] Level 1:colcon.colcon_core.environment:create_environment_scripts_only(bumperbot_cpp_examples)
[0.827s] Level 1:colcon.colcon_core.environment:checking '/home/safwan/ros_ws/bumperbot_ws/install/bumperbot_cpp_examples' for CMake module files
[0.828s] DEBUG:colcon.colcon_core.event_handler.log_command:Invoked command in '/home/safwan/ros_ws/bumperbot_ws/build/bumperbot_cpp_examples' returned '0': CMAKE_PREFIX_PATH=${CMAKE_PREFIX_PATH}:/home/safwan/ros_ws/bumperbot_ws/install/bumperbot_py_examples:/opt/ros/jazzy DEBUGINFOD_URLS=https://debuginfod.ubuntu.com /usr/bin/cmake --install /home/safwan/ros_ws/bumperbot_ws/build/bumperbot_cpp_examples
[0.829s] Level 1:colcon.colcon_core.environment:checking '/home/safwan/ros_ws/bumperbot_ws/install/bumperbot_cpp_examples' for CMake config files
[0.829s] Level 1:colcon.colcon_core.shell:create_environment_hook('bumperbot_cpp_examples', 'cmake_prefix_path')
[0.830s] INFO:colcon.colcon_core.shell:Creating environment hook '/home/safwan/ros_ws/bumperbot_ws/install/bumperbot_cpp_examples/share/bumperbot_cpp_examples/hook/cmake_prefix_path.ps1'
[0.830s] INFO:colcon.colcon_core.shell:Creating environment descriptor '/home/safwan/ros_ws/bumperbot_ws/install/bumperbot_cpp_examples/share/bumperbot_cpp_examples/hook/cmake_prefix_path.dsv'
[0.831s] INFO:colcon.colcon_core.shell:Creating environment hook '/home/safwan/ros_ws/bumperbot_ws/install/bumperbot_cpp_examples/share/bumperbot_cpp_examples/hook/cmake_prefix_path.sh'
[0.832s] Level 1:colcon.colcon_core.environment:checking '/home/safwan/ros_ws/bumperbot_ws/install/bumperbot_cpp_examples/bin'
[0.832s] Level 1:colcon.colcon_core.environment:checking '/home/safwan/ros_ws/bumperbot_ws/install/bumperbot_cpp_examples/lib/pkgconfig/bumperbot_cpp_examples.pc'
[0.833s] Level 1:colcon.colcon_core.environment:checking '/home/safwan/ros_ws/bumperbot_ws/install/bumperbot_cpp_examples/lib/python3.12/site-packages'
[0.833s] Level 1:colcon.colcon_core.environment:checking '/home/safwan/ros_ws/bumperbot_ws/install/bumperbot_cpp_examples/bin'
[0.834s] INFO:colcon.colcon_core.shell:Creating package script '/home/safwan/ros_ws/bumperbot_ws/install/bumperbot_cpp_examples/share/bumperbot_cpp_examples/package.ps1'
[0.834s] INFO:colcon.colcon_core.shell:Creating package descriptor '/home/safwan/ros_ws/bumperbot_ws/install/bumperbot_cpp_examples/share/bumperbot_cpp_examples/package.dsv'
[0.835s] INFO:colcon.colcon_core.shell:Creating package script '/home/safwan/ros_ws/bumperbot_ws/install/bumperbot_cpp_examples/share/bumperbot_cpp_examples/package.sh'
[0.836s] INFO:colcon.colcon_core.shell:Creating package script '/home/safwan/ros_ws/bumperbot_ws/install/bumperbot_cpp_examples/share/bumperbot_cpp_examples/package.bash'
[0.837s] INFO:colcon.colcon_core.shell:Creating package script '/home/safwan/ros_ws/bumperbot_ws/install/bumperbot_cpp_examples/share/bumperbot_cpp_examples/package.zsh'
[0.838s] Level 1:colcon.colcon_core.environment:create_file_with_runtime_dependencies(/home/safwan/ros_ws/bumperbot_ws/install/bumperbot_cpp_examples/share/colcon-core/packages/bumperbot_cpp_examples)
[0.838s] Level 1:colcon.colcon_core.environment:create_environment_scripts_only(bumperbot_cpp_examples)
[0.839s] Level 1:colcon.colcon_core.environment:checking '/home/safwan/ros_ws/bumperbot_ws/install/bumperbot_cpp_examples' for CMake module files
[0.840s] Level 1:colcon.colcon_core.environment:checking '/home/safwan/ros_ws/bumperbot_ws/install/bumperbot_cpp_examples' for CMake config files
[0.840s] Level 1:colcon.colcon_core.shell:create_environment_hook('bumperbot_cpp_examples', 'cmake_prefix_path')
[0.840s] INFO:colcon.colcon_core.shell:Creating environment hook '/home/safwan/ros_ws/bumperbot_ws/install/bumperbot_cpp_examples/share/bumperbot_cpp_examples/hook/cmake_prefix_path.ps1'
[0.841s] INFO:colcon.colcon_core.shell:Creating environment descriptor '/home/safwan/ros_ws/bumperbot_ws/install/bumperbot_cpp_examples/share/bumperbot_cpp_examples/hook/cmake_prefix_path.dsv'
[0.841s] INFO:colcon.colcon_core.shell:Creating environment hook '/home/safwan/ros_ws/bumperbot_ws/install/bumperbot_cpp_examples/share/bumperbot_cpp_examples/hook/cmake_prefix_path.sh'
[0.842s] Level 1:colcon.colcon_core.environment:checking '/home/safwan/ros_ws/bumperbot_ws/install/bumperbot_cpp_examples/bin'
[0.842s] Level 1:colcon.colcon_core.environment:checking '/home/safwan/ros_ws/bumperbot_ws/install/bumperbot_cpp_examples/lib/pkgconfig/bumperbot_cpp_examples.pc'
[0.843s] Level 1:colcon.colcon_core.environment:checking '/home/safwan/ros_ws/bumperbot_ws/install/bumperbot_cpp_examples/lib/python3.12/site-packages'
[0.843s] Level 1:colcon.colcon_core.environment:checking '/home/safwan/ros_ws/bumperbot_ws/install/bumperbot_cpp_examples/bin'
[0.843s] INFO:colcon.colcon_core.shell:Creating package script '/home/safwan/ros_ws/bumperbot_ws/install/bumperbot_cpp_examples/share/bumperbot_cpp_examples/package.ps1'
[0.844s] INFO:colcon.colcon_core.shell:Creating package descriptor '/home/safwan/ros_ws/bumperbot_ws/install/bumperbot_cpp_examples/share/bumperbot_cpp_examples/package.dsv'
[0.845s] INFO:colcon.colcon_core.shell:Creating package script '/home/safwan/ros_ws/bumperbot_ws/install/bumperbot_cpp_examples/share/bumperbot_cpp_examples/package.sh'
[0.846s] INFO:colcon.colcon_core.shell:Creating package script '/home/safwan/ros_ws/bumperbot_ws/install/bumperbot_cpp_examples/share/bumperbot_cpp_examples/package.bash'
[0.847s] INFO:colcon.colcon_core.shell:Creating package script '/home/safwan/ros_ws/bumperbot_ws/install/bumperbot_cpp_examples/share/bumperbot_cpp_examples/package.zsh'
[0.847s] Level 1:colcon.colcon_core.environment:create_file_with_runtime_dependencies(/home/safwan/ros_ws/bumperbot_ws/install/bumperbot_cpp_examples/share/colcon-core/packages/bumperbot_cpp_examples)
[1.813s] DEBUG:colcon.colcon_core.event_handler.log_command:Invoking command in '/home/safwan/ros_ws/bumperbot_ws/src/bumperbot_py_examples': DEBUGINFOD_URLS=https://debuginfod.ubuntu.com PYTHONPATH=/home/safwan/ros_ws/bumperbot_ws/build/bumperbot_py_examples/prefix_override:/usr/lib/python3/dist-packages/colcon_core/task/python/colcon_distutils_commands:/home/safwan/ros_ws/bumperbot_ws/install/bumperbot_py_examples/lib/python3.12/site-packages:${PYTHONPATH} /usr/bin/python3 -W ignore:setup.py install is deprecated -W ignore:easy_install command is deprecated setup.py egg_info --egg-base ../../build/bumperbot_py_examples build --build-base /home/safwan/ros_ws/bumperbot_ws/build/bumperbot_py_examples/build install --record /home/safwan/ros_ws/bumperbot_ws/build/bumperbot_py_examples/install.log --single-version-externally-managed install_data
[2.657s] Level 1:colcon.colcon_core.environment:checking '/home/safwan/ros_ws/bumperbot_ws/install/bumperbot_py_examples' for CMake module files
[2.658s] DEBUG:colcon.colcon_core.event_handler.log_command:Invoked command in '/home/safwan/ros_ws/bumperbot_ws/src/bumperbot_py_examples' returned '0': DEBUGINFOD_URLS=https://debuginfod.ubuntu.com PYTHONPATH=/home/safwan/ros_ws/bumperbot_ws/build/bumperbot_py_examples/prefix_override:/usr/lib/python3/dist-packages/colcon_core/task/python/colcon_distutils_commands:/home/safwan/ros_ws/bumperbot_ws/install/bumperbot_py_examples/lib/python3.12/site-packages:${PYTHONPATH} /usr/bin/python3 -W ignore:setup.py install is deprecated -W ignore:easy_install command is deprecated setup.py egg_info --egg-base ../../build/bumperbot_py_examples build --build-base /home/safwan/ros_ws/bumperbot_ws/build/bumperbot_py_examples/build install --record /home/safwan/ros_ws/bumperbot_ws/build/bumperbot_py_examples/install.log --single-version-externally-managed install_data
[2.658s] Level 1:colcon.colcon_core.environment:checking '/home/safwan/ros_ws/bumperbot_ws/install/bumperbot_py_examples' for CMake config files
[2.659s] Level 1:colcon.colcon_core.environment:checking '/home/safwan/ros_ws/bumperbot_ws/install/bumperbot_py_examples/lib'
[2.659s] Level 1:colcon.colcon_core.environment:checking '/home/safwan/ros_ws/bumperbot_ws/install/bumperbot_py_examples/bin'
[2.659s] Level 1:colcon.colcon_core.environment:checking '/home/safwan/ros_ws/bumperbot_ws/install/bumperbot_py_examples/lib/pkgconfig/bumperbot_py_examples.pc'
[2.660s] Level 1:colcon.colcon_core.environment:checking '/home/safwan/ros_ws/bumperbot_ws/install/bumperbot_py_examples/lib/python3.12/site-packages'
[2.660s] Level 1:colcon.colcon_core.shell:create_environment_hook('bumperbot_py_examples', 'pythonpath')
[2.660s] INFO:colcon.colcon_core.shell:Creating environment hook '/home/safwan/ros_ws/bumperbot_ws/install/bumperbot_py_examples/share/bumperbot_py_examples/hook/pythonpath.ps1'
[2.661s] INFO:colcon.colcon_core.shell:Creating environment descriptor '/home/safwan/ros_ws/bumperbot_ws/install/bumperbot_py_examples/share/bumperbot_py_examples/hook/pythonpath.dsv'
[2.662s] INFO:colcon.colcon_core.shell:Creating environment hook '/home/safwan/ros_ws/bumperbot_ws/install/bumperbot_py_examples/share/bumperbot_py_examples/hook/pythonpath.sh'
[2.662s] Level 1:colcon.colcon_core.environment:checking '/home/safwan/ros_ws/bumperbot_ws/install/bumperbot_py_examples/bin'
[2.663s] Level 1:colcon.colcon_core.environment:create_environment_scripts_only(bumperbot_py_examples)
[2.663s] INFO:colcon.colcon_core.shell:Creating package script '/home/safwan/ros_ws/bumperbot_ws/install/bumperbot_py_examples/share/bumperbot_py_examples/package.ps1'
[2.664s] INFO:colcon.colcon_core.shell:Creating package descriptor '/home/safwan/ros_ws/bumperbot_ws/install/bumperbot_py_examples/share/bumperbot_py_examples/package.dsv'
[2.665s] INFO:colcon.colcon_core.shell:Creating package script '/home/safwan/ros_ws/bumperbot_ws/install/bumperbot_py_examples/share/bumperbot_py_examples/package.sh'
[2.665s] INFO:colcon.colcon_core.shell:Creating package script '/home/safwan/ros_ws/bumperbot_ws/install/bumperbot_py_examples/share/bumperbot_py_examples/package.bash'
[2.666s] INFO:colcon.colcon_core.shell:Creating package script '/home/safwan/ros_ws/bumperbot_ws/install/bumperbot_py_examples/share/bumperbot_py_examples/package.zsh'
[2.666s] Level 1:colcon.colcon_core.environment:create_file_with_runtime_dependencies(/home/safwan/ros_ws/bumperbot_ws/install/bumperbot_py_examples/share/colcon-core/packages/bumperbot_py_examples)
[2.667s] DEBUG:colcon.colcon_parallel_executor.executor.parallel:closing loop
[2.667s] DEBUG:colcon.colcon_parallel_executor.executor.parallel:loop closed
[2.667s] DEBUG:colcon.colcon_parallel_executor.executor.parallel:run_until_complete finished with '0'
[2.668s] DEBUG:colcon.colcon_core.event_reactor:joining thread
[2.678s] INFO:colcon.colcon_core.plugin_system:Skipping extension 'colcon_notification.desktop_notification.terminal_notifier': Not used on non-Darwin systems
[2.678s] INFO:colcon.colcon_core.plugin_system:Skipping extension 'colcon_notification.desktop_notification.win32': Not used on non-Windows systems
[2.678s] INFO:colcon.colcon_notification.desktop_notification:Sending desktop notification using 'notify2'
[2.703s] DEBUG:colcon.colcon_core.event_reactor:joined thread
[2.703s] INFO:colcon.colcon_core.shell:Creating prefix script '/home/safwan/ros_ws/bumperbot_ws/install/local_setup.ps1'
[2.705s] INFO:colcon.colcon_core.shell:Creating prefix util module '/home/safwan/ros_ws/bumperbot_ws/install/_local_setup_util_ps1.py'
[2.707s] INFO:colcon.colcon_core.shell:Creating prefix chain script '/home/safwan/ros_ws/bumperbot_ws/install/setup.ps1'
[2.709s] INFO:colcon.colcon_core.shell:Creating prefix script '/home/safwan/ros_ws/bumperbot_ws/install/local_setup.sh'
[2.710s] INFO:colcon.colcon_core.shell:Creating prefix util module '/home/safwan/ros_ws/bumperbot_ws/install/_local_setup_util_sh.py'
[2.711s] INFO:colcon.colcon_core.shell:Creating prefix chain script '/home/safwan/ros_ws/bumperbot_ws/install/setup.sh'
[2.713s] INFO:colcon.colcon_core.shell:Creating prefix script '/home/safwan/ros_ws/bumperbot_ws/install/local_setup.bash'
[2.715s] INFO:colcon.colcon_core.shell:Creating prefix chain script '/home/safwan/ros_ws/bumperbot_ws/install/setup.bash'
[2.716s] INFO:colcon.colcon_core.shell:Creating prefix script '/home/safwan/ros_ws/bumperbot_ws/install/local_setup.zsh'
[2.717s] INFO:colcon.colcon_core.shell:Creating prefix chain script '/home/safwan/ros_ws/bumperbot_ws/install/setup.zsh'
