[0.026s] Invoking command in '/home/safwan/ros_ws/bumperbot_ws/build/bumperbot_description': CMAKE_PREFIX_PATH=${CMAKE_PREFIX_PATH}:/home/safwan/ros_ws/bumperbot_ws/install/bumperbot_py_examples:/opt/ros/jazzy DEBUGINFOD_URLS=https://debuginfod.ubuntu.com /usr/bin/cmake --build /home/safwan/ros_ws/bumperbot_ws/build/bumperbot_description -- -j8 -l8
[0.117s] Invoked command in '/home/safwan/ros_ws/bumperbot_ws/build/bumperbot_description' returned '0': CMAKE_PREFIX_PATH=${CMAKE_PREFIX_PATH}:/home/safwan/ros_ws/bumperbot_ws/install/bumperbot_py_examples:/opt/ros/jazzy DEBUGINFOD_URLS=https://debuginfod.ubuntu.com /usr/bin/cmake --build /home/safwan/ros_ws/bumperbot_ws/build/bumperbot_description -- -j8 -l8
[0.119s] Invoking command in '/home/safwan/ros_ws/bumperbot_ws/build/bumperbot_description': CMAKE_PREFIX_PATH=${CMAKE_PREFIX_PATH}:/home/safwan/ros_ws/bumperbot_ws/install/bumperbot_py_examples:/opt/ros/jazzy DEBUGINFOD_URLS=https://debuginfod.ubuntu.com /usr/bin/cmake --install /home/safwan/ros_ws/bumperbot_ws/build/bumperbot_description
[0.141s] -- Install configuration: ""
[0.142s] -- Up-to-date: /home/safwan/ros_ws/bumperbot_ws/install/bumperbot_description/share/bumperbot_description/meshes
[0.142s] -- Up-to-date: /home/safwan/ros_ws/bumperbot_ws/install/bumperbot_description/share/bumperbot_description/meshes/wheel_left_link.STL
[0.143s] -- Up-to-date: /home/safwan/ros_ws/bumperbot_ws/install/bumperbot_description/share/bumperbot_description/meshes/imu_link.dae
[0.143s] -- Up-to-date: /home/safwan/ros_ws/bumperbot_ws/install/bumperbot_description/share/bumperbot_description/meshes/caster_front_link.STL
[0.144s] -- Up-to-date: /home/safwan/ros_ws/bumperbot_ws/install/bumperbot_description/share/bumperbot_description/meshes/base_link.STL
[0.144s] -- Up-to-date: /home/safwan/ros_ws/bumperbot_ws/install/bumperbot_description/share/bumperbot_description/meshes/caster_rear_link.dae
[0.145s] -- Up-to-date: /home/safwan/ros_ws/bumperbot_ws/install/bumperbot_description/share/bumperbot_description/meshes/caster_front_link.dae
[0.145s] -- Up-to-date: /home/safwan/ros_ws/bumperbot_ws/install/bumperbot_description/share/bumperbot_description/meshes/base_link.dae
[0.145s] -- Up-to-date: /home/safwan/ros_ws/bumperbot_ws/install/bumperbot_description/share/bumperbot_description/meshes/caster_rear_link.STL
[0.146s] -- Up-to-date: /home/safwan/ros_ws/bumperbot_ws/install/bumperbot_description/share/bumperbot_description/meshes/imu_link.STL
[0.147s] -- Up-to-date: /home/safwan/ros_ws/bumperbot_ws/install/bumperbot_description/share/bumperbot_description/meshes/wheel_left_link.dae
[0.147s] -- Up-to-date: /home/safwan/ros_ws/bumperbot_ws/install/bumperbot_description/share/bumperbot_description/meshes/wheel_right_link.STL
[0.147s] -- Up-to-date: /home/safwan/ros_ws/bumperbot_ws/install/bumperbot_description/share/bumperbot_description/meshes/wheel_right_link.dae
[0.148s] -- Up-to-date: /home/safwan/ros_ws/bumperbot_ws/install/bumperbot_description/share/bumperbot_description/urdf
[0.148s] -- Up-to-date: /home/safwan/ros_ws/bumperbot_ws/install/bumperbot_description/share/bumperbot_description/urdf/bumperbot_ros2_control.xacro
[0.149s] -- Up-to-date: /home/safwan/ros_ws/bumperbot_ws/install/bumperbot_description/share/bumperbot_description/urdf/bumperbot.urdf.xacro
[0.150s] -- Up-to-date: /home/safwan/ros_ws/bumperbot_ws/install/bumperbot_description/share/bumperbot_description/urdf/bumperbot_gazebo.xacro
[0.151s] -- Up-to-date: /home/safwan/ros_ws/bumperbot_ws/install/bumperbot_description/share/bumperbot_description/launch
[0.151s] -- Up-to-date: /home/safwan/ros_ws/bumperbot_ws/install/bumperbot_description/share/bumperbot_description/launch/gazebo.launch.py
[0.152s] -- Up-to-date: /home/safwan/ros_ws/bumperbot_ws/install/bumperbot_description/share/bumperbot_description/launch/display.launch.py
[0.152s] -- Up-to-date: /home/safwan/ros_ws/bumperbot_ws/install/bumperbot_description/share/bumperbot_description/rviz
[0.152s] -- Up-to-date: /home/safwan/ros_ws/bumperbot_ws/install/bumperbot_description/share/bumperbot_description/rviz/display.rviz
[0.153s] -- Up-to-date: /home/safwan/ros_ws/bumperbot_ws/install/bumperbot_description/share/ament_index/resource_index/package_run_dependencies/bumperbot_description
[0.153s] -- Up-to-date: /home/safwan/ros_ws/bumperbot_ws/install/bumperbot_description/share/ament_index/resource_index/parent_prefix_path/bumperbot_description
[0.154s] -- Up-to-date: /home/safwan/ros_ws/bumperbot_ws/install/bumperbot_description/share/bumperbot_description/environment/ament_prefix_path.sh
[0.154s] -- Up-to-date: /home/safwan/ros_ws/bumperbot_ws/install/bumperbot_description/share/bumperbot_description/environment/ament_prefix_path.dsv
[0.154s] -- Up-to-date: /home/safwan/ros_ws/bumperbot_ws/install/bumperbot_description/share/bumperbot_description/environment/path.sh
[0.155s] -- Up-to-date: /home/safwan/ros_ws/bumperbot_ws/install/bumperbot_description/share/bumperbot_description/environment/path.dsv
[0.156s] -- Up-to-date: /home/safwan/ros_ws/bumperbot_ws/install/bumperbot_description/share/bumperbot_description/local_setup.bash
[0.157s] -- Up-to-date: /home/safwan/ros_ws/bumperbot_ws/install/bumperbot_description/share/bumperbot_description/local_setup.sh
[0.157s] -- Up-to-date: /home/safwan/ros_ws/bumperbot_ws/install/bumperbot_description/share/bumperbot_description/local_setup.zsh
[0.158s] -- Up-to-date: /home/safwan/ros_ws/bumperbot_ws/install/bumperbot_description/share/bumperbot_description/local_setup.dsv
[0.158s] -- Installing: /home/safwan/ros_ws/bumperbot_ws/install/bumperbot_description/share/bumperbot_description/package.dsv
[0.158s] -- Up-to-date: /home/safwan/ros_ws/bumperbot_ws/install/bumperbot_description/share/ament_index/resource_index/packages/bumperbot_description
[0.159s] -- Up-to-date: /home/safwan/ros_ws/bumperbot_ws/install/bumperbot_description/share/bumperbot_description/cmake/bumperbot_descriptionConfig.cmake
[0.159s] -- Up-to-date: /home/safwan/ros_ws/bumperbot_ws/install/bumperbot_description/share/bumperbot_description/cmake/bumperbot_descriptionConfig-version.cmake
[0.159s] -- Up-to-date: /home/safwan/ros_ws/bumperbot_ws/install/bumperbot_description/share/bumperbot_description/package.xml
[0.188s] Invoked command in '/home/safwan/ros_ws/bumperbot_ws/build/bumperbot_description' returned '0': CMAKE_PREFIX_PATH=${CMAKE_PREFIX_PATH}:/home/safwan/ros_ws/bumperbot_ws/install/bumperbot_py_examples:/opt/ros/jazzy DEBUGINFOD_URLS=https://debuginfod.ubuntu.com /usr/bin/cmake --install /home/safwan/ros_ws/bumperbot_ws/build/bumperbot_description
