[0.674s] DEBUG:colcon:Command line arguments: ['/usr/bin/colcon', 'build']
[0.674s] DEBUG:colcon:Parsed command line arguments: Namespace(log_base=None, log_level=None, verb_name='build', build_base='build', install_base='install', merge_install=False, symlink_install=False, test_result_base=None, continue_on_error=False, executor='parallel', parallel_workers=8, event_handlers=None, ignore_user_meta=False, metas=['./colcon.meta'], base_paths=['.'], packages_ignore=None, packages_ignore_regex=None, paths=None, packages_up_to=None, packages_up_to_regex=None, packages_above=None, packages_above_and_dependencies=None, packages_above_depth=None, packages_select_by_dep=None, packages_skip_by_dep=None, packages_skip_up_to=None, packages_select_build_failed=False, packages_skip_build_finished=False, packages_select_test_failures=False, packages_skip_test_passed=False, packages_select=None, packages_skip=None, packages_select_regex=None, packages_skip_regex=None, packages_start=None, packages_end=None, allow_overriding=[], cmake_args=None, cmake_target=None, cmake_target_skip_unavailable=False, cmake_clean_cache=False, cmake_clean_first=False, cmake_force_configure=False, ament_cmake_args=None, catkin_cmake_args=None, catkin_skip_building_tests=False, mixin_files=None, mixin=None, verb_parser=<colcon_mixin.mixin.mixin_argument.MixinArgumentDecorator object at 0x7ca83abad0a0>, verb_extension=<colcon_core.verb.build.BuildVerb object at 0x7ca83accd490>, main=<bound method BuildVerb.main of <colcon_core.verb.build.BuildVerb object at 0x7ca83accd490>>, mixin_verb=('build',))
[1.023s] Level 1:colcon.colcon_core.package_discovery:discover_packages(colcon_meta) check parameters
[1.024s] Level 1:colcon.colcon_core.package_discovery:discover_packages(recursive) check parameters
[1.024s] Level 1:colcon.colcon_core.package_discovery:discover_packages(ignore) check parameters
[1.025s] Level 1:colcon.colcon_core.package_discovery:discover_packages(path) check parameters
[1.025s] Level 1:colcon.colcon_core.package_discovery:discover_packages(colcon_meta) discover
[1.025s] Level 1:colcon.colcon_core.package_discovery:discover_packages(recursive) discover
[1.025s] INFO:colcon.colcon_core.package_discovery:Crawling recursively for packages in '/home/safwan/ros_ws/bumperbot_ws'
[1.026s] Level 1:colcon.colcon_core.package_identification:_identify(.) by extensions ['ignore', 'ignore_ament_install']
[1.027s] Level 1:colcon.colcon_core.package_identification:_identify(.) by extension 'ignore'
[1.027s] Level 1:colcon.colcon_core.package_identification:_identify(.) by extension 'ignore_ament_install'
[1.028s] Level 1:colcon.colcon_core.package_identification:_identify(.) by extensions ['colcon_pkg']
[1.028s] Level 1:colcon.colcon_core.package_identification:_identify(.) by extension 'colcon_pkg'
[1.028s] Level 1:colcon.colcon_core.package_identification:_identify(.) by extensions ['colcon_meta']
[1.029s] Level 1:colcon.colcon_core.package_identification:_identify(.) by extension 'colcon_meta'
[1.029s] Level 1:colcon.colcon_core.package_identification:_identify(.) by extensions ['ros']
[1.029s] Level 1:colcon.colcon_core.package_identification:_identify(.) by extension 'ros'
[1.231s] Level 1:colcon.colcon_core.package_identification:_identify(.) by extensions ['cmake', 'python']
[1.231s] Level 1:colcon.colcon_core.package_identification:_identify(.) by extension 'cmake'
[1.231s] Level 1:colcon.colcon_core.package_identification:_identify(.) by extension 'python'
[1.232s] Level 1:colcon.colcon_core.package_identification:_identify(.) by extensions ['python_setup_py']
[1.232s] Level 1:colcon.colcon_core.package_identification:_identify(.) by extension 'python_setup_py'
[1.233s] Level 1:colcon.colcon_core.package_identification:_identify(build) by extensions ['ignore', 'ignore_ament_install']
[1.233s] Level 1:colcon.colcon_core.package_identification:_identify(build) by extension 'ignore'
[1.234s] Level 1:colcon.colcon_core.package_identification:_identify(build) ignored
[1.234s] Level 1:colcon.colcon_core.package_identification:_identify(install) by extensions ['ignore', 'ignore_ament_install']
[1.235s] Level 1:colcon.colcon_core.package_identification:_identify(install) by extension 'ignore'
[1.235s] Level 1:colcon.colcon_core.package_identification:_identify(install) ignored
[1.235s] Level 1:colcon.colcon_core.package_identification:_identify(log) by extensions ['ignore', 'ignore_ament_install']
[1.236s] Level 1:colcon.colcon_core.package_identification:_identify(log) by extension 'ignore'
[1.236s] Level 1:colcon.colcon_core.package_identification:_identify(log) ignored
[1.236s] Level 1:colcon.colcon_core.package_identification:_identify(src) by extensions ['ignore', 'ignore_ament_install']
[1.237s] Level 1:colcon.colcon_core.package_identification:_identify(src) by extension 'ignore'
[1.237s] Level 1:colcon.colcon_core.package_identification:_identify(src) by extension 'ignore_ament_install'
[1.238s] Level 1:colcon.colcon_core.package_identification:_identify(src) by extensions ['colcon_pkg']
[1.238s] Level 1:colcon.colcon_core.package_identification:_identify(src) by extension 'colcon_pkg'
[1.238s] Level 1:colcon.colcon_core.package_identification:_identify(src) by extensions ['colcon_meta']
[1.238s] Level 1:colcon.colcon_core.package_identification:_identify(src) by extension 'colcon_meta'
[1.239s] Level 1:colcon.colcon_core.package_identification:_identify(src) by extensions ['ros']
[1.239s] Level 1:colcon.colcon_core.package_identification:_identify(src) by extension 'ros'
[1.239s] Level 1:colcon.colcon_core.package_identification:_identify(src) by extensions ['cmake', 'python']
[1.239s] Level 1:colcon.colcon_core.package_identification:_identify(src) by extension 'cmake'
[1.239s] Level 1:colcon.colcon_core.package_identification:_identify(src) by extension 'python'
[1.239s] Level 1:colcon.colcon_core.package_identification:_identify(src) by extensions ['python_setup_py']
[1.239s] Level 1:colcon.colcon_core.package_identification:_identify(src) by extension 'python_setup_py'
[1.240s] Level 1:colcon.colcon_core.package_identification:_identify(src/bumperbot_controller) by extensions ['ignore', 'ignore_ament_install']
[1.240s] Level 1:colcon.colcon_core.package_identification:_identify(src/bumperbot_controller) by extension 'ignore'
[1.240s] Level 1:colcon.colcon_core.package_identification:_identify(src/bumperbot_controller) by extension 'ignore_ament_install'
[1.241s] Level 1:colcon.colcon_core.package_identification:_identify(src/bumperbot_controller) by extensions ['colcon_pkg']
[1.241s] Level 1:colcon.colcon_core.package_identification:_identify(src/bumperbot_controller) by extension 'colcon_pkg'
[1.241s] Level 1:colcon.colcon_core.package_identification:_identify(src/bumperbot_controller) by extensions ['colcon_meta']
[1.241s] Level 1:colcon.colcon_core.package_identification:_identify(src/bumperbot_controller) by extension 'colcon_meta'
[1.241s] Level 1:colcon.colcon_core.package_identification:_identify(src/bumperbot_controller) by extensions ['ros']
[1.241s] Level 1:colcon.colcon_core.package_identification:_identify(src/bumperbot_controller) by extension 'ros'
[1.251s] DEBUG:colcon.colcon_core.package_identification:Package 'src/bumperbot_controller' with type 'ros.ament_cmake' and name 'bumperbot_controller'
[1.252s] Level 1:colcon.colcon_core.package_identification:_identify(src/bumperbot_description) by extensions ['ignore', 'ignore_ament_install']
[1.252s] Level 1:colcon.colcon_core.package_identification:_identify(src/bumperbot_description) by extension 'ignore'
[1.253s] Level 1:colcon.colcon_core.package_identification:_identify(src/bumperbot_description) by extension 'ignore_ament_install'
[1.253s] Level 1:colcon.colcon_core.package_identification:_identify(src/bumperbot_description) by extensions ['colcon_pkg']
[1.254s] Level 1:colcon.colcon_core.package_identification:_identify(src/bumperbot_description) by extension 'colcon_pkg'
[1.254s] Level 1:colcon.colcon_core.package_identification:_identify(src/bumperbot_description) by extensions ['colcon_meta']
[1.254s] Level 1:colcon.colcon_core.package_identification:_identify(src/bumperbot_description) by extension 'colcon_meta'
[1.255s] Level 1:colcon.colcon_core.package_identification:_identify(src/bumperbot_description) by extensions ['ros']
[1.255s] Level 1:colcon.colcon_core.package_identification:_identify(src/bumperbot_description) by extension 'ros'
[1.270s] DEBUG:colcon.colcon_core.package_identification:Package 'src/bumperbot_description' with type 'ros.ament_cmake' and name 'bumperbot_description'
[1.270s] Level 1:colcon.colcon_core.package_discovery:discover_packages(recursive) using defaults
[1.271s] Level 1:colcon.colcon_core.package_discovery:discover_packages(ignore) discover
[1.271s] Level 1:colcon.colcon_core.package_discovery:discover_packages(ignore) using defaults
[1.271s] Level 1:colcon.colcon_core.package_discovery:discover_packages(path) discover
[1.271s] Level 1:colcon.colcon_core.package_discovery:discover_packages(path) using defaults
[1.366s] Level 1:colcon.colcon_core.package_discovery:discover_packages(prefix_path) check parameters
[1.366s] Level 1:colcon.colcon_core.package_discovery:discover_packages(prefix_path) discover
[1.384s] DEBUG:colcon.colcon_installed_package_information.package_discovery:Found 4 installed packages in /home/safwan/ros_ws/bumperbot_ws/install
[1.401s] DEBUG:colcon.colcon_installed_package_information.package_discovery:Found 440 installed packages in /opt/ros/jazzy
[1.412s] Level 1:colcon.colcon_core.package_discovery:discover_packages(prefix_path) using defaults
[1.688s] Level 5:colcon.colcon_core.verb:set package 'bumperbot_controller' build argument 'cmake_args' from command line to 'None'
[1.688s] Level 5:colcon.colcon_core.verb:set package 'bumperbot_controller' build argument 'cmake_target' from command line to 'None'
[1.688s] Level 5:colcon.colcon_core.verb:set package 'bumperbot_controller' build argument 'cmake_target_skip_unavailable' from command line to 'False'
[1.688s] Level 5:colcon.colcon_core.verb:set package 'bumperbot_controller' build argument 'cmake_clean_cache' from command line to 'False'
[1.688s] Level 5:colcon.colcon_core.verb:set package 'bumperbot_controller' build argument 'cmake_clean_first' from command line to 'False'
[1.688s] Level 5:colcon.colcon_core.verb:set package 'bumperbot_controller' build argument 'cmake_force_configure' from command line to 'False'
[1.689s] Level 5:colcon.colcon_core.verb:set package 'bumperbot_controller' build argument 'ament_cmake_args' from command line to 'None'
[1.689s] Level 5:colcon.colcon_core.verb:set package 'bumperbot_controller' build argument 'catkin_cmake_args' from command line to 'None'
[1.689s] Level 5:colcon.colcon_core.verb:set package 'bumperbot_controller' build argument 'catkin_skip_building_tests' from command line to 'False'
[1.689s] DEBUG:colcon.colcon_core.verb:Building package 'bumperbot_controller' with the following arguments: {'ament_cmake_args': None, 'build_base': '/home/safwan/ros_ws/bumperbot_ws/build/bumperbot_controller', 'catkin_cmake_args': None, 'catkin_skip_building_tests': False, 'cmake_args': None, 'cmake_clean_cache': False, 'cmake_clean_first': False, 'cmake_force_configure': False, 'cmake_target': None, 'cmake_target_skip_unavailable': False, 'install_base': '/home/safwan/ros_ws/bumperbot_ws/install/bumperbot_controller', 'merge_install': False, 'path': '/home/safwan/ros_ws/bumperbot_ws/src/bumperbot_controller', 'symlink_install': False, 'test_result_base': None}
[1.690s] Level 5:colcon.colcon_core.verb:set package 'bumperbot_description' build argument 'cmake_args' from command line to 'None'
[1.690s] Level 5:colcon.colcon_core.verb:set package 'bumperbot_description' build argument 'cmake_target' from command line to 'None'
[1.690s] Level 5:colcon.colcon_core.verb:set package 'bumperbot_description' build argument 'cmake_target_skip_unavailable' from command line to 'False'
[1.690s] Level 5:colcon.colcon_core.verb:set package 'bumperbot_description' build argument 'cmake_clean_cache' from command line to 'False'
[1.690s] Level 5:colcon.colcon_core.verb:set package 'bumperbot_description' build argument 'cmake_clean_first' from command line to 'False'
[1.690s] Level 5:colcon.colcon_core.verb:set package 'bumperbot_description' build argument 'cmake_force_configure' from command line to 'False'
[1.690s] Level 5:colcon.colcon_core.verb:set package 'bumperbot_description' build argument 'ament_cmake_args' from command line to 'None'
[1.690s] Level 5:colcon.colcon_core.verb:set package 'bumperbot_description' build argument 'catkin_cmake_args' from command line to 'None'
[1.690s] Level 5:colcon.colcon_core.verb:set package 'bumperbot_description' build argument 'catkin_skip_building_tests' from command line to 'False'
[1.691s] DEBUG:colcon.colcon_core.verb:Building package 'bumperbot_description' with the following arguments: {'ament_cmake_args': None, 'build_base': '/home/safwan/ros_ws/bumperbot_ws/build/bumperbot_description', 'catkin_cmake_args': None, 'catkin_skip_building_tests': False, 'cmake_args': None, 'cmake_clean_cache': False, 'cmake_clean_first': False, 'cmake_force_configure': False, 'cmake_target': None, 'cmake_target_skip_unavailable': False, 'install_base': '/home/safwan/ros_ws/bumperbot_ws/install/bumperbot_description', 'merge_install': False, 'path': '/home/safwan/ros_ws/bumperbot_ws/src/bumperbot_description', 'symlink_install': False, 'test_result_base': None}
[1.691s] INFO:colcon.colcon_core.executor:Executing jobs using 'parallel' executor
[1.693s] DEBUG:colcon.colcon_parallel_executor.executor.parallel:run_until_complete
[1.694s] INFO:colcon.colcon_ros.task.ament_cmake.build:Building ROS package in '/home/safwan/ros_ws/bumperbot_ws/src/bumperbot_controller' with build type 'ament_cmake'
[1.695s] INFO:colcon.colcon_cmake.task.cmake.build:Building CMake package in '/home/safwan/ros_ws/bumperbot_ws/src/bumperbot_controller'
[1.703s] INFO:colcon.colcon_core.plugin_system:Skipping extension 'colcon_core.shell.bat': Not used on non-Windows systems
[1.704s] INFO:colcon.colcon_core.shell:Skip shell extension 'powershell' for command environment: Not usable outside of PowerShell
[1.704s] DEBUG:colcon.colcon_core.shell:Skip shell extension 'dsv' for command environment
[1.718s] INFO:colcon.colcon_ros.task.ament_cmake.build:Building ROS package in '/home/safwan/ros_ws/bumperbot_ws/src/bumperbot_description' with build type 'ament_cmake'
[1.718s] INFO:colcon.colcon_cmake.task.cmake.build:Building CMake package in '/home/safwan/ros_ws/bumperbot_ws/src/bumperbot_description'
[1.719s] INFO:colcon.colcon_core.shell:Skip shell extension 'powershell' for command environment: Not usable outside of PowerShell
[1.720s] DEBUG:colcon.colcon_core.shell:Skip shell extension 'dsv' for command environment
[1.755s] DEBUG:colcon.colcon_core.event_handler.log_command:Invoking command in '/home/safwan/ros_ws/bumperbot_ws/build/bumperbot_controller': CMAKE_PREFIX_PATH=${CMAKE_PREFIX_PATH}:/home/safwan/ros_ws/bumperbot_ws/install/bumperbot_py_examples:/opt/ros/jazzy DEBUGINFOD_URLS=https://debuginfod.ubuntu.com /usr/bin/cmake --build /home/safwan/ros_ws/bumperbot_ws/build/bumperbot_controller -- -j8 -l8
[1.769s] DEBUG:colcon.colcon_core.event_handler.log_command:Invoking command in '/home/safwan/ros_ws/bumperbot_ws/build/bumperbot_description': CMAKE_PREFIX_PATH=${CMAKE_PREFIX_PATH}:/home/safwan/ros_ws/bumperbot_ws/install/bumperbot_py_examples:/opt/ros/jazzy DEBUGINFOD_URLS=https://debuginfod.ubuntu.com /usr/bin/cmake --build /home/safwan/ros_ws/bumperbot_ws/build/bumperbot_description -- -j8 -l8
[1.891s] DEBUG:colcon.colcon_core.event_handler.log_command:Invoked command in '/home/safwan/ros_ws/bumperbot_ws/build/bumperbot_controller' returned '0': CMAKE_PREFIX_PATH=${CMAKE_PREFIX_PATH}:/home/safwan/ros_ws/bumperbot_ws/install/bumperbot_py_examples:/opt/ros/jazzy DEBUGINFOD_URLS=https://debuginfod.ubuntu.com /usr/bin/cmake --build /home/safwan/ros_ws/bumperbot_ws/build/bumperbot_controller -- -j8 -l8
[1.934s] DEBUG:colcon.colcon_core.event_handler.log_command:Invoking command in '/home/safwan/ros_ws/bumperbot_ws/build/bumperbot_controller': CMAKE_PREFIX_PATH=${CMAKE_PREFIX_PATH}:/home/safwan/ros_ws/bumperbot_ws/install/bumperbot_py_examples:/opt/ros/jazzy DEBUGINFOD_URLS=https://debuginfod.ubuntu.com /usr/bin/cmake --install /home/safwan/ros_ws/bumperbot_ws/build/bumperbot_controller
[1.940s] DEBUG:colcon.colcon_core.event_handler.log_command:Invoked command in '/home/safwan/ros_ws/bumperbot_ws/build/bumperbot_description' returned '0': CMAKE_PREFIX_PATH=${CMAKE_PREFIX_PATH}:/home/safwan/ros_ws/bumperbot_ws/install/bumperbot_py_examples:/opt/ros/jazzy DEBUGINFOD_URLS=https://debuginfod.ubuntu.com /usr/bin/cmake --build /home/safwan/ros_ws/bumperbot_ws/build/bumperbot_description -- -j8 -l8
[1.945s] DEBUG:colcon.colcon_core.event_handler.log_command:Invoking command in '/home/safwan/ros_ws/bumperbot_ws/build/bumperbot_description': CMAKE_PREFIX_PATH=${CMAKE_PREFIX_PATH}:/home/safwan/ros_ws/bumperbot_ws/install/bumperbot_py_examples:/opt/ros/jazzy DEBUGINFOD_URLS=https://debuginfod.ubuntu.com /usr/bin/cmake --install /home/safwan/ros_ws/bumperbot_ws/build/bumperbot_description
[1.977s] Level 1:colcon.colcon_core.environment:create_environment_scripts_only(bumperbot_controller)
[1.980s] DEBUG:colcon.colcon_core.event_handler.log_command:Invoked command in '/home/safwan/ros_ws/bumperbot_ws/build/bumperbot_controller' returned '0': CMAKE_PREFIX_PATH=${CMAKE_PREFIX_PATH}:/home/safwan/ros_ws/bumperbot_ws/install/bumperbot_py_examples:/opt/ros/jazzy DEBUGINFOD_URLS=https://debuginfod.ubuntu.com /usr/bin/cmake --install /home/safwan/ros_ws/bumperbot_ws/build/bumperbot_controller
[2.011s] Level 1:colcon.colcon_core.environment:checking '/home/safwan/ros_ws/bumperbot_ws/install/bumperbot_controller' for CMake module files
[2.013s] Level 1:colcon.colcon_core.environment:checking '/home/safwan/ros_ws/bumperbot_ws/install/bumperbot_controller' for CMake config files
[2.014s] Level 1:colcon.colcon_core.shell:create_environment_hook('bumperbot_controller', 'cmake_prefix_path')
[2.014s] INFO:colcon.colcon_core.shell:Creating environment hook '/home/safwan/ros_ws/bumperbot_ws/install/bumperbot_controller/share/bumperbot_controller/hook/cmake_prefix_path.ps1'
[2.016s] INFO:colcon.colcon_core.shell:Creating environment descriptor '/home/safwan/ros_ws/bumperbot_ws/install/bumperbot_controller/share/bumperbot_controller/hook/cmake_prefix_path.dsv'
[2.018s] INFO:colcon.colcon_core.shell:Creating environment hook '/home/safwan/ros_ws/bumperbot_ws/install/bumperbot_controller/share/bumperbot_controller/hook/cmake_prefix_path.sh'
[2.021s] Level 1:colcon.colcon_core.environment:checking '/home/safwan/ros_ws/bumperbot_ws/install/bumperbot_controller/bin'
[2.022s] Level 1:colcon.colcon_core.environment:checking '/home/safwan/ros_ws/bumperbot_ws/install/bumperbot_controller/lib/pkgconfig/bumperbot_controller.pc'
[2.023s] Level 1:colcon.colcon_core.environment:checking '/home/safwan/ros_ws/bumperbot_ws/install/bumperbot_controller/lib/python3.12/site-packages'
[2.024s] Level 1:colcon.colcon_core.environment:checking '/home/safwan/ros_ws/bumperbot_ws/install/bumperbot_controller/bin'
[2.025s] INFO:colcon.colcon_core.shell:Creating package script '/home/safwan/ros_ws/bumperbot_ws/install/bumperbot_controller/share/bumperbot_controller/package.ps1'
[2.027s] INFO:colcon.colcon_core.shell:Creating package descriptor '/home/safwan/ros_ws/bumperbot_ws/install/bumperbot_controller/share/bumperbot_controller/package.dsv'
[2.029s] INFO:colcon.colcon_core.shell:Creating package script '/home/safwan/ros_ws/bumperbot_ws/install/bumperbot_controller/share/bumperbot_controller/package.sh'
[2.032s] INFO:colcon.colcon_core.shell:Creating package script '/home/safwan/ros_ws/bumperbot_ws/install/bumperbot_controller/share/bumperbot_controller/package.bash'
[2.034s] INFO:colcon.colcon_core.shell:Creating package script '/home/safwan/ros_ws/bumperbot_ws/install/bumperbot_controller/share/bumperbot_controller/package.zsh'
[2.037s] Level 1:colcon.colcon_core.environment:create_file_with_runtime_dependencies(/home/safwan/ros_ws/bumperbot_ws/install/bumperbot_controller/share/colcon-core/packages/bumperbot_controller)
[2.040s] Level 1:colcon.colcon_core.environment:create_environment_scripts_only(bumperbot_controller)
[2.040s] Level 1:colcon.colcon_core.environment:checking '/home/safwan/ros_ws/bumperbot_ws/install/bumperbot_controller' for CMake module files
[2.043s] Level 1:colcon.colcon_core.environment:checking '/home/safwan/ros_ws/bumperbot_ws/install/bumperbot_controller' for CMake config files
[2.043s] Level 1:colcon.colcon_core.shell:create_environment_hook('bumperbot_controller', 'cmake_prefix_path')
[2.044s] INFO:colcon.colcon_core.shell:Creating environment hook '/home/safwan/ros_ws/bumperbot_ws/install/bumperbot_controller/share/bumperbot_controller/hook/cmake_prefix_path.ps1'
[2.045s] INFO:colcon.colcon_core.shell:Creating environment descriptor '/home/safwan/ros_ws/bumperbot_ws/install/bumperbot_controller/share/bumperbot_controller/hook/cmake_prefix_path.dsv'
[2.046s] INFO:colcon.colcon_core.shell:Creating environment hook '/home/safwan/ros_ws/bumperbot_ws/install/bumperbot_controller/share/bumperbot_controller/hook/cmake_prefix_path.sh'
[2.048s] Level 1:colcon.colcon_core.environment:checking '/home/safwan/ros_ws/bumperbot_ws/install/bumperbot_controller/bin'
[2.049s] Level 1:colcon.colcon_core.environment:checking '/home/safwan/ros_ws/bumperbot_ws/install/bumperbot_controller/lib/pkgconfig/bumperbot_controller.pc'
[2.049s] Level 1:colcon.colcon_core.environment:checking '/home/safwan/ros_ws/bumperbot_ws/install/bumperbot_controller/lib/python3.12/site-packages'
[2.050s] Level 1:colcon.colcon_core.environment:checking '/home/safwan/ros_ws/bumperbot_ws/install/bumperbot_controller/bin'
[2.051s] INFO:colcon.colcon_core.shell:Creating package script '/home/safwan/ros_ws/bumperbot_ws/install/bumperbot_controller/share/bumperbot_controller/package.ps1'
[2.053s] INFO:colcon.colcon_core.shell:Creating package descriptor '/home/safwan/ros_ws/bumperbot_ws/install/bumperbot_controller/share/bumperbot_controller/package.dsv'
[2.055s] INFO:colcon.colcon_core.shell:Creating package script '/home/safwan/ros_ws/bumperbot_ws/install/bumperbot_controller/share/bumperbot_controller/package.sh'
[2.057s] INFO:colcon.colcon_core.shell:Creating package script '/home/safwan/ros_ws/bumperbot_ws/install/bumperbot_controller/share/bumperbot_controller/package.bash'
[2.058s] INFO:colcon.colcon_core.shell:Creating package script '/home/safwan/ros_ws/bumperbot_ws/install/bumperbot_controller/share/bumperbot_controller/package.zsh'
[2.060s] Level 1:colcon.colcon_core.environment:create_file_with_runtime_dependencies(/home/safwan/ros_ws/bumperbot_ws/install/bumperbot_controller/share/colcon-core/packages/bumperbot_controller)
[2.064s] Level 1:colcon.colcon_core.environment:create_environment_scripts_only(bumperbot_description)
[2.064s] Level 1:colcon.colcon_core.environment:checking '/home/safwan/ros_ws/bumperbot_ws/install/bumperbot_description' for CMake module files
[2.067s] DEBUG:colcon.colcon_core.event_handler.log_command:Invoked command in '/home/safwan/ros_ws/bumperbot_ws/build/bumperbot_description' returned '0': CMAKE_PREFIX_PATH=${CMAKE_PREFIX_PATH}:/home/safwan/ros_ws/bumperbot_ws/install/bumperbot_py_examples:/opt/ros/jazzy DEBUGINFOD_URLS=https://debuginfod.ubuntu.com /usr/bin/cmake --install /home/safwan/ros_ws/bumperbot_ws/build/bumperbot_description
[2.069s] Level 1:colcon.colcon_core.environment:checking '/home/safwan/ros_ws/bumperbot_ws/install/bumperbot_description' for CMake config files
[2.070s] Level 1:colcon.colcon_core.shell:create_environment_hook('bumperbot_description', 'cmake_prefix_path')
[2.071s] INFO:colcon.colcon_core.shell:Creating environment hook '/home/safwan/ros_ws/bumperbot_ws/install/bumperbot_description/share/bumperbot_description/hook/cmake_prefix_path.ps1'
[2.072s] INFO:colcon.colcon_core.shell:Creating environment descriptor '/home/safwan/ros_ws/bumperbot_ws/install/bumperbot_description/share/bumperbot_description/hook/cmake_prefix_path.dsv'
[2.074s] INFO:colcon.colcon_core.shell:Creating environment hook '/home/safwan/ros_ws/bumperbot_ws/install/bumperbot_description/share/bumperbot_description/hook/cmake_prefix_path.sh'
[2.076s] Level 1:colcon.colcon_core.environment:checking '/home/safwan/ros_ws/bumperbot_ws/install/bumperbot_description/bin'
[2.077s] Level 1:colcon.colcon_core.environment:checking '/home/safwan/ros_ws/bumperbot_ws/install/bumperbot_description/lib/pkgconfig/bumperbot_description.pc'
[2.077s] Level 1:colcon.colcon_core.environment:checking '/home/safwan/ros_ws/bumperbot_ws/install/bumperbot_description/lib/python3.12/site-packages'
[2.078s] Level 1:colcon.colcon_core.environment:checking '/home/safwan/ros_ws/bumperbot_ws/install/bumperbot_description/bin'
[2.079s] INFO:colcon.colcon_core.shell:Creating package script '/home/safwan/ros_ws/bumperbot_ws/install/bumperbot_description/share/bumperbot_description/package.ps1'
[2.081s] INFO:colcon.colcon_core.shell:Creating package descriptor '/home/safwan/ros_ws/bumperbot_ws/install/bumperbot_description/share/bumperbot_description/package.dsv'
[2.082s] INFO:colcon.colcon_core.shell:Creating package script '/home/safwan/ros_ws/bumperbot_ws/install/bumperbot_description/share/bumperbot_description/package.sh'
[2.084s] INFO:colcon.colcon_core.shell:Creating package script '/home/safwan/ros_ws/bumperbot_ws/install/bumperbot_description/share/bumperbot_description/package.bash'
[2.085s] INFO:colcon.colcon_core.shell:Creating package script '/home/safwan/ros_ws/bumperbot_ws/install/bumperbot_description/share/bumperbot_description/package.zsh'
[2.087s] Level 1:colcon.colcon_core.environment:create_file_with_runtime_dependencies(/home/safwan/ros_ws/bumperbot_ws/install/bumperbot_description/share/colcon-core/packages/bumperbot_description)
[2.090s] Level 1:colcon.colcon_core.environment:create_environment_scripts_only(bumperbot_description)
[2.091s] Level 1:colcon.colcon_core.environment:checking '/home/safwan/ros_ws/bumperbot_ws/install/bumperbot_description' for CMake module files
[2.094s] Level 1:colcon.colcon_core.environment:checking '/home/safwan/ros_ws/bumperbot_ws/install/bumperbot_description' for CMake config files
[2.095s] Level 1:colcon.colcon_core.shell:create_environment_hook('bumperbot_description', 'cmake_prefix_path')
[2.096s] INFO:colcon.colcon_core.shell:Creating environment hook '/home/safwan/ros_ws/bumperbot_ws/install/bumperbot_description/share/bumperbot_description/hook/cmake_prefix_path.ps1'
[2.097s] INFO:colcon.colcon_core.shell:Creating environment descriptor '/home/safwan/ros_ws/bumperbot_ws/install/bumperbot_description/share/bumperbot_description/hook/cmake_prefix_path.dsv'
[2.098s] INFO:colcon.colcon_core.shell:Creating environment hook '/home/safwan/ros_ws/bumperbot_ws/install/bumperbot_description/share/bumperbot_description/hook/cmake_prefix_path.sh'
[2.100s] Level 1:colcon.colcon_core.environment:checking '/home/safwan/ros_ws/bumperbot_ws/install/bumperbot_description/bin'
[2.101s] Level 1:colcon.colcon_core.environment:checking '/home/safwan/ros_ws/bumperbot_ws/install/bumperbot_description/lib/pkgconfig/bumperbot_description.pc'
[2.101s] Level 1:colcon.colcon_core.environment:checking '/home/safwan/ros_ws/bumperbot_ws/install/bumperbot_description/lib/python3.12/site-packages'
[2.102s] Level 1:colcon.colcon_core.environment:checking '/home/safwan/ros_ws/bumperbot_ws/install/bumperbot_description/bin'
[2.103s] INFO:colcon.colcon_core.shell:Creating package script '/home/safwan/ros_ws/bumperbot_ws/install/bumperbot_description/share/bumperbot_description/package.ps1'
[2.106s] INFO:colcon.colcon_core.shell:Creating package descriptor '/home/safwan/ros_ws/bumperbot_ws/install/bumperbot_description/share/bumperbot_description/package.dsv'
[2.108s] INFO:colcon.colcon_core.shell:Creating package script '/home/safwan/ros_ws/bumperbot_ws/install/bumperbot_description/share/bumperbot_description/package.sh'
[2.110s] INFO:colcon.colcon_core.shell:Creating package script '/home/safwan/ros_ws/bumperbot_ws/install/bumperbot_description/share/bumperbot_description/package.bash'
[2.112s] INFO:colcon.colcon_core.shell:Creating package script '/home/safwan/ros_ws/bumperbot_ws/install/bumperbot_description/share/bumperbot_description/package.zsh'
[2.113s] Level 1:colcon.colcon_core.environment:create_file_with_runtime_dependencies(/home/safwan/ros_ws/bumperbot_ws/install/bumperbot_description/share/colcon-core/packages/bumperbot_description)
[2.114s] DEBUG:colcon.colcon_parallel_executor.executor.parallel:closing loop
[2.115s] DEBUG:colcon.colcon_parallel_executor.executor.parallel:loop closed
[2.116s] DEBUG:colcon.colcon_parallel_executor.executor.parallel:run_until_complete finished with '0'
[2.117s] DEBUG:colcon.colcon_core.event_reactor:joining thread
[2.142s] INFO:colcon.colcon_core.plugin_system:Skipping extension 'colcon_notification.desktop_notification.terminal_notifier': Not used on non-Darwin systems
[2.143s] INFO:colcon.colcon_core.plugin_system:Skipping extension 'colcon_notification.desktop_notification.win32': Not used on non-Windows systems
[2.143s] INFO:colcon.colcon_notification.desktop_notification:Sending desktop notification using 'notify2'
[2.180s] DEBUG:colcon.colcon_core.event_reactor:joined thread
[2.180s] INFO:colcon.colcon_core.shell:Creating prefix script '/home/safwan/ros_ws/bumperbot_ws/install/local_setup.ps1'
[2.182s] INFO:colcon.colcon_core.shell:Creating prefix util module '/home/safwan/ros_ws/bumperbot_ws/install/_local_setup_util_ps1.py'
[2.185s] INFO:colcon.colcon_core.shell:Creating prefix chain script '/home/safwan/ros_ws/bumperbot_ws/install/setup.ps1'
[2.187s] INFO:colcon.colcon_core.shell:Creating prefix script '/home/safwan/ros_ws/bumperbot_ws/install/local_setup.sh'
[2.189s] INFO:colcon.colcon_core.shell:Creating prefix util module '/home/safwan/ros_ws/bumperbot_ws/install/_local_setup_util_sh.py'
[2.191s] INFO:colcon.colcon_core.shell:Creating prefix chain script '/home/safwan/ros_ws/bumperbot_ws/install/setup.sh'
[2.196s] INFO:colcon.colcon_core.shell:Creating prefix script '/home/safwan/ros_ws/bumperbot_ws/install/local_setup.bash'
[2.198s] INFO:colcon.colcon_core.shell:Creating prefix chain script '/home/safwan/ros_ws/bumperbot_ws/install/setup.bash'
[2.203s] INFO:colcon.colcon_core.shell:Creating prefix script '/home/safwan/ros_ws/bumperbot_ws/install/local_setup.zsh'
[2.205s] INFO:colcon.colcon_core.shell:Creating prefix chain script '/home/safwan/ros_ws/bumperbot_ws/install/setup.zsh'
