[0.035s] Invoking command in '/home/safwan/ros_ws/bumperbot_ws/build/bumperbot_controller': CMAKE_PREFIX_PATH=${CMAKE_PREFIX_PATH}:/opt/ros/jazzy DEBUGINFOD_URLS=https://debuginfod.ubuntu.com /usr/bin/cmake --build /home/safwan/ros_ws/bumperbot_ws/build/bumperbot_controller -- -j8 -l8
[0.131s] Invoked command in '/home/safwan/ros_ws/bumperbot_ws/build/bumperbot_controller' returned '0': CMAKE_PREFIX_PATH=${CMAKE_PREFIX_PATH}:/opt/ros/jazzy DEBUGINFOD_URLS=https://debuginfod.ubuntu.com /usr/bin/cmake --build /home/safwan/ros_ws/bumperbot_ws/build/bumperbot_controller -- -j8 -l8
[0.154s] Invoking command in '/home/safwan/ros_ws/bumperbot_ws/build/bumperbot_controller': CMAKE_PREFIX_PATH=${CMAKE_PREFIX_PATH}:/opt/ros/jazzy DEBUGINFOD_URLS=https://debuginfod.ubuntu.com /usr/bin/cmake --install /home/safwan/ros_ws/bumperbot_ws/build/bumperbot_controller
[0.177s] -- Install configuration: ""
[0.177s] -- Up-to-date: /home/safwan/ros_ws/bumperbot_ws/install/bumperbot_controller/share/bumperbot_controller/config
[0.178s] -- Up-to-date: /home/safwan/ros_ws/bumperbot_ws/install/bumperbot_controller/share/bumperbot_controller/config/bumperbot_controllers.yaml
[0.178s] -- Up-to-date: /home/safwan/ros_ws/bumperbot_ws/install/bumperbot_controller/share/bumperbot_controller/launch
[0.178s] -- Up-to-date: /home/safwan/ros_ws/bumperbot_ws/install/bumperbot_controller/share/bumperbot_controller/launch/controller.launch.py
[0.179s] -- Up-to-date: /home/safwan/ros_ws/bumperbot_ws/install/bumperbot_controller/share/ament_index/resource_index/package_run_dependencies/bumperbot_controller
[0.179s] -- Up-to-date: /home/safwan/ros_ws/bumperbot_ws/install/bumperbot_controller/share/ament_index/resource_index/parent_prefix_path/bumperbot_controller
[0.179s] -- Up-to-date: /home/safwan/ros_ws/bumperbot_ws/install/bumperbot_controller/share/bumperbot_controller/environment/ament_prefix_path.sh
[0.180s] -- Up-to-date: /home/safwan/ros_ws/bumperbot_ws/install/bumperbot_controller/share/bumperbot_controller/environment/ament_prefix_path.dsv
[0.181s] -- Up-to-date: /home/safwan/ros_ws/bumperbot_ws/install/bumperbot_controller/share/bumperbot_controller/environment/path.sh
[0.182s] -- Up-to-date: /home/safwan/ros_ws/bumperbot_ws/install/bumperbot_controller/share/bumperbot_controller/environment/path.dsv
[0.182s] -- Up-to-date: /home/safwan/ros_ws/bumperbot_ws/install/bumperbot_controller/share/bumperbot_controller/local_setup.bash
[0.183s] -- Up-to-date: /home/safwan/ros_ws/bumperbot_ws/install/bumperbot_controller/share/bumperbot_controller/local_setup.sh
[0.183s] -- Up-to-date: /home/safwan/ros_ws/bumperbot_ws/install/bumperbot_controller/share/bumperbot_controller/local_setup.zsh
[0.183s] -- Up-to-date: /home/safwan/ros_ws/bumperbot_ws/install/bumperbot_controller/share/bumperbot_controller/local_setup.dsv
[0.183s] -- Installing: /home/safwan/ros_ws/bumperbot_ws/install/bumperbot_controller/share/bumperbot_controller/package.dsv
[0.184s] -- Up-to-date: /home/safwan/ros_ws/bumperbot_ws/install/bumperbot_controller/share/ament_index/resource_index/packages/bumperbot_controller
[0.185s] -- Up-to-date: /home/safwan/ros_ws/bumperbot_ws/install/bumperbot_controller/share/bumperbot_controller/cmake/bumperbot_controllerConfig.cmake
[0.185s] -- Up-to-date: /home/safwan/ros_ws/bumperbot_ws/install/bumperbot_controller/share/bumperbot_controller/cmake/bumperbot_controllerConfig-version.cmake
[0.185s] -- Up-to-date: /home/safwan/ros_ws/bumperbot_ws/install/bumperbot_controller/share/bumperbot_controller/package.xml
[0.194s] Invoked command in '/home/safwan/ros_ws/bumperbot_ws/build/bumperbot_controller' returned '0': CMAKE_PREFIX_PATH=${CMAKE_PREFIX_PATH}:/opt/ros/jazzy DEBUGINFOD_URLS=https://debuginfod.ubuntu.com /usr/bin/cmake --install /home/safwan/ros_ws/bumperbot_ws/build/bumperbot_controller
