[0.181s] DEBUG:colcon:Command line arguments: ['/usr/bin/colcon', 'build']
[0.181s] DEBUG:colcon:Parsed command line arguments: Namespace(log_base=None, log_level=None, verb_name='build', build_base='build', install_base='install', merge_install=False, symlink_install=False, test_result_base=None, continue_on_error=False, executor='parallel', parallel_workers=8, event_handlers=None, ignore_user_meta=False, metas=['./colcon.meta'], base_paths=['.'], packages_ignore=None, packages_ignore_regex=None, paths=None, packages_up_to=None, packages_up_to_regex=None, packages_above=None, packages_above_and_dependencies=None, packages_above_depth=None, packages_select_by_dep=None, packages_skip_by_dep=None, packages_skip_up_to=None, packages_select_build_failed=False, packages_skip_build_finished=False, packages_select_test_failures=False, packages_skip_test_passed=False, packages_select=None, packages_skip=None, packages_select_regex=None, packages_skip_regex=None, packages_start=None, packages_end=None, allow_overriding=[], cmake_args=None, cmake_target=None, cmake_target_skip_unavailable=False, cmake_clean_cache=False, cmake_clean_first=False, cmake_force_configure=False, ament_cmake_args=None, catkin_cmake_args=None, catkin_skip_building_tests=False, mixin_files=None, mixin=None, verb_parser=<colcon_mixin.mixin.mixin_argument.MixinArgumentDecorator object at 0x7918c06508c0>, verb_extension=<colcon_core.verb.build.BuildVerb object at 0x7918c131a6c0>, main=<bound method BuildVerb.main of <colcon_core.verb.build.BuildVerb object at 0x7918c131a6c0>>, mixin_verb=('build',))
[0.242s] Level 1:colcon.colcon_core.package_discovery:discover_packages(colcon_meta) check parameters
[0.243s] Level 1:colcon.colcon_core.package_discovery:discover_packages(recursive) check parameters
[0.243s] Level 1:colcon.colcon_core.package_discovery:discover_packages(ignore) check parameters
[0.243s] Level 1:colcon.colcon_core.package_discovery:discover_packages(path) check parameters
[0.243s] Level 1:colcon.colcon_core.package_discovery:discover_packages(colcon_meta) discover
[0.243s] Level 1:colcon.colcon_core.package_discovery:discover_packages(recursive) discover
[0.243s] INFO:colcon.colcon_core.package_discovery:Crawling recursively for packages in '/home/safwan/ros_ws/bumperbot_ws'
[0.243s] Level 1:colcon.colcon_core.package_identification:_identify(.) by extensions ['ignore', 'ignore_ament_install']
[0.244s] Level 1:colcon.colcon_core.package_identification:_identify(.) by extension 'ignore'
[0.244s] Level 1:colcon.colcon_core.package_identification:_identify(.) by extension 'ignore_ament_install'
[0.244s] Level 1:colcon.colcon_core.package_identification:_identify(.) by extensions ['colcon_pkg']
[0.244s] Level 1:colcon.colcon_core.package_identification:_identify(.) by extension 'colcon_pkg'
[0.244s] Level 1:colcon.colcon_core.package_identification:_identify(.) by extensions ['colcon_meta']
[0.244s] Level 1:colcon.colcon_core.package_identification:_identify(.) by extension 'colcon_meta'
[0.244s] Level 1:colcon.colcon_core.package_identification:_identify(.) by extensions ['ros']
[0.244s] Level 1:colcon.colcon_core.package_identification:_identify(.) by extension 'ros'
[0.289s] Level 1:colcon.colcon_core.package_identification:_identify(.) by extensions ['cmake', 'python']
[0.289s] Level 1:colcon.colcon_core.package_identification:_identify(.) by extension 'cmake'
[0.289s] Level 1:colcon.colcon_core.package_identification:_identify(.) by extension 'python'
[0.289s] Level 1:colcon.colcon_core.package_identification:_identify(.) by extensions ['python_setup_py']
[0.289s] Level 1:colcon.colcon_core.package_identification:_identify(.) by extension 'python_setup_py'
[0.289s] Level 1:colcon.colcon_core.package_identification:_identify(build) by extensions ['ignore', 'ignore_ament_install']
[0.290s] Level 1:colcon.colcon_core.package_identification:_identify(build) by extension 'ignore'
[0.290s] Level 1:colcon.colcon_core.package_identification:_identify(build) ignored
[0.290s] Level 1:colcon.colcon_core.package_identification:_identify(install) by extensions ['ignore', 'ignore_ament_install']
[0.290s] Level 1:colcon.colcon_core.package_identification:_identify(install) by extension 'ignore'
[0.290s] Level 1:colcon.colcon_core.package_identification:_identify(install) ignored
[0.290s] Level 1:colcon.colcon_core.package_identification:_identify(log) by extensions ['ignore', 'ignore_ament_install']
[0.291s] Level 1:colcon.colcon_core.package_identification:_identify(log) by extension 'ignore'
[0.291s] Level 1:colcon.colcon_core.package_identification:_identify(log) ignored
[0.291s] Level 1:colcon.colcon_core.package_identification:_identify(src) by extensions ['ignore', 'ignore_ament_install']
[0.291s] Level 1:colcon.colcon_core.package_identification:_identify(src) by extension 'ignore'
[0.291s] Level 1:colcon.colcon_core.package_identification:_identify(src) by extension 'ignore_ament_install'
[0.291s] Level 1:colcon.colcon_core.package_identification:_identify(src) by extensions ['colcon_pkg']
[0.291s] Level 1:colcon.colcon_core.package_identification:_identify(src) by extension 'colcon_pkg'
[0.291s] Level 1:colcon.colcon_core.package_identification:_identify(src) by extensions ['colcon_meta']
[0.291s] Level 1:colcon.colcon_core.package_identification:_identify(src) by extension 'colcon_meta'
[0.291s] Level 1:colcon.colcon_core.package_identification:_identify(src) by extensions ['ros']
[0.291s] Level 1:colcon.colcon_core.package_identification:_identify(src) by extension 'ros'
[0.292s] Level 1:colcon.colcon_core.package_identification:_identify(src) by extensions ['cmake', 'python']
[0.292s] Level 1:colcon.colcon_core.package_identification:_identify(src) by extension 'cmake'
[0.292s] Level 1:colcon.colcon_core.package_identification:_identify(src) by extension 'python'
[0.292s] Level 1:colcon.colcon_core.package_identification:_identify(src) by extensions ['python_setup_py']
[0.292s] Level 1:colcon.colcon_core.package_identification:_identify(src) by extension 'python_setup_py'
[0.292s] Level 1:colcon.colcon_core.package_identification:_identify(src/bumperbot_cpp_examples) by extensions ['ignore', 'ignore_ament_install']
[0.292s] Level 1:colcon.colcon_core.package_identification:_identify(src/bumperbot_cpp_examples) by extension 'ignore'
[0.292s] Level 1:colcon.colcon_core.package_identification:_identify(src/bumperbot_cpp_examples) by extension 'ignore_ament_install'
[0.292s] Level 1:colcon.colcon_core.package_identification:_identify(src/bumperbot_cpp_examples) by extensions ['colcon_pkg']
[0.292s] Level 1:colcon.colcon_core.package_identification:_identify(src/bumperbot_cpp_examples) by extension 'colcon_pkg'
[0.293s] Level 1:colcon.colcon_core.package_identification:_identify(src/bumperbot_cpp_examples) by extensions ['colcon_meta']
[0.293s] Level 1:colcon.colcon_core.package_identification:_identify(src/bumperbot_cpp_examples) by extension 'colcon_meta'
[0.293s] Level 1:colcon.colcon_core.package_identification:_identify(src/bumperbot_cpp_examples) by extensions ['ros']
[0.293s] Level 1:colcon.colcon_core.package_identification:_identify(src/bumperbot_cpp_examples) by extension 'ros'
[0.296s] DEBUG:colcon.colcon_core.package_identification:Package 'src/bumperbot_cpp_examples' with type 'ros.ament_cmake' and name 'bumperbot_cpp_examples'
[0.297s] Level 1:colcon.colcon_core.package_identification:_identify(src/bumperbot_description) by extensions ['ignore', 'ignore_ament_install']
[0.297s] Level 1:colcon.colcon_core.package_identification:_identify(src/bumperbot_description) by extension 'ignore'
[0.297s] Level 1:colcon.colcon_core.package_identification:_identify(src/bumperbot_description) by extension 'ignore_ament_install'
[0.297s] Level 1:colcon.colcon_core.package_identification:_identify(src/bumperbot_description) by extensions ['colcon_pkg']
[0.297s] Level 1:colcon.colcon_core.package_identification:_identify(src/bumperbot_description) by extension 'colcon_pkg'
[0.297s] Level 1:colcon.colcon_core.package_identification:_identify(src/bumperbot_description) by extensions ['colcon_meta']
[0.297s] Level 1:colcon.colcon_core.package_identification:_identify(src/bumperbot_description) by extension 'colcon_meta'
[0.297s] Level 1:colcon.colcon_core.package_identification:_identify(src/bumperbot_description) by extensions ['ros']
[0.297s] Level 1:colcon.colcon_core.package_identification:_identify(src/bumperbot_description) by extension 'ros'
[0.298s] DEBUG:colcon.colcon_core.package_identification:Package 'src/bumperbot_description' with type 'ros.ament_cmake' and name 'bumperbot_description'
[0.298s] Level 1:colcon.colcon_core.package_identification:_identify(src/bumperbot_py_examples) by extensions ['ignore', 'ignore_ament_install']
[0.298s] Level 1:colcon.colcon_core.package_identification:_identify(src/bumperbot_py_examples) by extension 'ignore'
[0.299s] Level 1:colcon.colcon_core.package_identification:_identify(src/bumperbot_py_examples) by extension 'ignore_ament_install'
[0.299s] Level 1:colcon.colcon_core.package_identification:_identify(src/bumperbot_py_examples) by extensions ['colcon_pkg']
[0.299s] Level 1:colcon.colcon_core.package_identification:_identify(src/bumperbot_py_examples) by extension 'colcon_pkg'
[0.299s] Level 1:colcon.colcon_core.package_identification:_identify(src/bumperbot_py_examples) by extensions ['colcon_meta']
[0.299s] Level 1:colcon.colcon_core.package_identification:_identify(src/bumperbot_py_examples) by extension 'colcon_meta'
[0.299s] Level 1:colcon.colcon_core.package_identification:_identify(src/bumperbot_py_examples) by extensions ['ros']
[0.299s] Level 1:colcon.colcon_core.package_identification:_identify(src/bumperbot_py_examples) by extension 'ros'
[0.300s] DEBUG:colcon.colcon_core.package_identification:Package 'src/bumperbot_py_examples' with type 'ros.ament_python' and name 'bumperbot_py_examples'
[0.300s] Level 1:colcon.colcon_core.package_discovery:discover_packages(recursive) using defaults
[0.300s] Level 1:colcon.colcon_core.package_discovery:discover_packages(ignore) discover
[0.300s] Level 1:colcon.colcon_core.package_discovery:discover_packages(ignore) using defaults
[0.300s] Level 1:colcon.colcon_core.package_discovery:discover_packages(path) discover
[0.300s] Level 1:colcon.colcon_core.package_discovery:discover_packages(path) using defaults
[0.329s] Level 1:colcon.colcon_core.package_discovery:discover_packages(prefix_path) check parameters
[0.330s] Level 1:colcon.colcon_core.package_discovery:discover_packages(prefix_path) discover
[0.335s] DEBUG:colcon.colcon_installed_package_information.package_discovery:Found 440 installed packages in /opt/ros/jazzy
[0.338s] Level 1:colcon.colcon_core.package_discovery:discover_packages(prefix_path) using defaults
[0.439s] Level 5:colcon.colcon_core.verb:set package 'bumperbot_cpp_examples' build argument 'cmake_args' from command line to 'None'
[0.439s] Level 5:colcon.colcon_core.verb:set package 'bumperbot_cpp_examples' build argument 'cmake_target' from command line to 'None'
[0.440s] Level 5:colcon.colcon_core.verb:set package 'bumperbot_cpp_examples' build argument 'cmake_target_skip_unavailable' from command line to 'False'
[0.440s] Level 5:colcon.colcon_core.verb:set package 'bumperbot_cpp_examples' build argument 'cmake_clean_cache' from command line to 'False'
[0.440s] Level 5:colcon.colcon_core.verb:set package 'bumperbot_cpp_examples' build argument 'cmake_clean_first' from command line to 'False'
[0.440s] Level 5:colcon.colcon_core.verb:set package 'bumperbot_cpp_examples' build argument 'cmake_force_configure' from command line to 'False'
[0.440s] Level 5:colcon.colcon_core.verb:set package 'bumperbot_cpp_examples' build argument 'ament_cmake_args' from command line to 'None'
[0.440s] Level 5:colcon.colcon_core.verb:set package 'bumperbot_cpp_examples' build argument 'catkin_cmake_args' from command line to 'None'
[0.440s] Level 5:colcon.colcon_core.verb:set package 'bumperbot_cpp_examples' build argument 'catkin_skip_building_tests' from command line to 'False'
[0.440s] DEBUG:colcon.colcon_core.verb:Building package 'bumperbot_cpp_examples' with the following arguments: {'ament_cmake_args': None, 'build_base': '/home/safwan/ros_ws/bumperbot_ws/build/bumperbot_cpp_examples', 'catkin_cmake_args': None, 'catkin_skip_building_tests': False, 'cmake_args': None, 'cmake_clean_cache': False, 'cmake_clean_first': False, 'cmake_force_configure': False, 'cmake_target': None, 'cmake_target_skip_unavailable': False, 'install_base': '/home/safwan/ros_ws/bumperbot_ws/install/bumperbot_cpp_examples', 'merge_install': False, 'path': '/home/safwan/ros_ws/bumperbot_ws/src/bumperbot_cpp_examples', 'symlink_install': False, 'test_result_base': None}
[0.440s] Level 5:colcon.colcon_core.verb:set package 'bumperbot_description' build argument 'cmake_args' from command line to 'None'
[0.440s] Level 5:colcon.colcon_core.verb:set package 'bumperbot_description' build argument 'cmake_target' from command line to 'None'
[0.440s] Level 5:colcon.colcon_core.verb:set package 'bumperbot_description' build argument 'cmake_target_skip_unavailable' from command line to 'False'
[0.440s] Level 5:colcon.colcon_core.verb:set package 'bumperbot_description' build argument 'cmake_clean_cache' from command line to 'False'
[0.440s] Level 5:colcon.colcon_core.verb:set package 'bumperbot_description' build argument 'cmake_clean_first' from command line to 'False'
[0.441s] Level 5:colcon.colcon_core.verb:set package 'bumperbot_description' build argument 'cmake_force_configure' from command line to 'False'
[0.441s] Level 5:colcon.colcon_core.verb:set package 'bumperbot_description' build argument 'ament_cmake_args' from command line to 'None'
[0.441s] Level 5:colcon.colcon_core.verb:set package 'bumperbot_description' build argument 'catkin_cmake_args' from command line to 'None'
[0.441s] Level 5:colcon.colcon_core.verb:set package 'bumperbot_description' build argument 'catkin_skip_building_tests' from command line to 'False'
[0.441s] DEBUG:colcon.colcon_core.verb:Building package 'bumperbot_description' with the following arguments: {'ament_cmake_args': None, 'build_base': '/home/safwan/ros_ws/bumperbot_ws/build/bumperbot_description', 'catkin_cmake_args': None, 'catkin_skip_building_tests': False, 'cmake_args': None, 'cmake_clean_cache': False, 'cmake_clean_first': False, 'cmake_force_configure': False, 'cmake_target': None, 'cmake_target_skip_unavailable': False, 'install_base': '/home/safwan/ros_ws/bumperbot_ws/install/bumperbot_description', 'merge_install': False, 'path': '/home/safwan/ros_ws/bumperbot_ws/src/bumperbot_description', 'symlink_install': False, 'test_result_base': None}
[0.441s] Level 5:colcon.colcon_core.verb:set package 'bumperbot_py_examples' build argument 'cmake_args' from command line to 'None'
[0.441s] Level 5:colcon.colcon_core.verb:set package 'bumperbot_py_examples' build argument 'cmake_target' from command line to 'None'
[0.441s] Level 5:colcon.colcon_core.verb:set package 'bumperbot_py_examples' build argument 'cmake_target_skip_unavailable' from command line to 'False'
[0.441s] Level 5:colcon.colcon_core.verb:set package 'bumperbot_py_examples' build argument 'cmake_clean_cache' from command line to 'False'
[0.441s] Level 5:colcon.colcon_core.verb:set package 'bumperbot_py_examples' build argument 'cmake_clean_first' from command line to 'False'
[0.441s] Level 5:colcon.colcon_core.verb:set package 'bumperbot_py_examples' build argument 'cmake_force_configure' from command line to 'False'
[0.441s] Level 5:colcon.colcon_core.verb:set package 'bumperbot_py_examples' build argument 'ament_cmake_args' from command line to 'None'
[0.441s] Level 5:colcon.colcon_core.verb:set package 'bumperbot_py_examples' build argument 'catkin_cmake_args' from command line to 'None'
[0.441s] Level 5:colcon.colcon_core.verb:set package 'bumperbot_py_examples' build argument 'catkin_skip_building_tests' from command line to 'False'
[0.441s] DEBUG:colcon.colcon_core.verb:Building package 'bumperbot_py_examples' with the following arguments: {'ament_cmake_args': None, 'build_base': '/home/safwan/ros_ws/bumperbot_ws/build/bumperbot_py_examples', 'catkin_cmake_args': None, 'catkin_skip_building_tests': False, 'cmake_args': None, 'cmake_clean_cache': False, 'cmake_clean_first': False, 'cmake_force_configure': False, 'cmake_target': None, 'cmake_target_skip_unavailable': False, 'install_base': '/home/safwan/ros_ws/bumperbot_ws/install/bumperbot_py_examples', 'merge_install': False, 'path': '/home/safwan/ros_ws/bumperbot_ws/src/bumperbot_py_examples', 'symlink_install': False, 'test_result_base': None}
[0.442s] INFO:colcon.colcon_core.executor:Executing jobs using 'parallel' executor
[0.443s] DEBUG:colcon.colcon_parallel_executor.executor.parallel:run_until_complete
[0.443s] INFO:colcon.colcon_ros.task.ament_cmake.build:Building ROS package in '/home/safwan/ros_ws/bumperbot_ws/src/bumperbot_cpp_examples' with build type 'ament_cmake'
[0.443s] INFO:colcon.colcon_cmake.task.cmake.build:Building CMake package in '/home/safwan/ros_ws/bumperbot_ws/src/bumperbot_cpp_examples'
[0.447s] INFO:colcon.colcon_core.plugin_system:Skipping extension 'colcon_core.shell.bat': Not used on non-Windows systems
[0.447s] INFO:colcon.colcon_core.shell:Skip shell extension 'powershell' for command environment: Not usable outside of PowerShell
[0.447s] DEBUG:colcon.colcon_core.shell:Skip shell extension 'dsv' for command environment
[0.454s] INFO:colcon.colcon_ros.task.ament_cmake.build:Building ROS package in '/home/safwan/ros_ws/bumperbot_ws/src/bumperbot_description' with build type 'ament_cmake'
[0.454s] INFO:colcon.colcon_cmake.task.cmake.build:Building CMake package in '/home/safwan/ros_ws/bumperbot_ws/src/bumperbot_description'
[0.455s] INFO:colcon.colcon_core.shell:Skip shell extension 'powershell' for command environment: Not usable outside of PowerShell
[0.455s] DEBUG:colcon.colcon_core.shell:Skip shell extension 'dsv' for command environment
[0.462s] INFO:colcon.colcon_ros.task.ament_python.build:Building ROS package in '/home/safwan/ros_ws/bumperbot_ws/src/bumperbot_py_examples' with build type 'ament_python'
[0.462s] Level 1:colcon.colcon_core.shell:create_environment_hook('bumperbot_py_examples', 'ament_prefix_path')
[0.462s] INFO:colcon.colcon_core.shell:Creating environment hook '/home/safwan/ros_ws/bumperbot_ws/install/bumperbot_py_examples/share/bumperbot_py_examples/hook/ament_prefix_path.ps1'
[0.464s] INFO:colcon.colcon_core.shell:Creating environment descriptor '/home/safwan/ros_ws/bumperbot_ws/install/bumperbot_py_examples/share/bumperbot_py_examples/hook/ament_prefix_path.dsv'
[0.464s] INFO:colcon.colcon_core.shell:Creating environment hook '/home/safwan/ros_ws/bumperbot_ws/install/bumperbot_py_examples/share/bumperbot_py_examples/hook/ament_prefix_path.sh'
[0.466s] INFO:colcon.colcon_core.shell:Skip shell extension 'powershell' for command environment: Not usable outside of PowerShell
[0.466s] DEBUG:colcon.colcon_core.shell:Skip shell extension 'dsv' for command environment
[0.482s] DEBUG:colcon.colcon_core.event_handler.log_command:Invoking command in '/home/safwan/ros_ws/bumperbot_ws/build/bumperbot_cpp_examples': CMAKE_PREFIX_PATH=${CMAKE_PREFIX_PATH}:/opt/ros/jazzy DEBUGINFOD_URLS=https://debuginfod.ubuntu.com /usr/bin/cmake --build /home/safwan/ros_ws/bumperbot_ws/build/bumperbot_cpp_examples -- -j8 -l8
[0.491s] DEBUG:colcon.colcon_core.event_handler.log_command:Invoking command in '/home/safwan/ros_ws/bumperbot_ws/build/bumperbot_description': CMAKE_PREFIX_PATH=${CMAKE_PREFIX_PATH}:/opt/ros/jazzy DEBUGINFOD_URLS=https://debuginfod.ubuntu.com /usr/bin/cmake --build /home/safwan/ros_ws/bumperbot_ws/build/bumperbot_description -- -j8 -l8
[0.923s] INFO:colcon.colcon_core.task.python.build:Building Python package in '/home/safwan/ros_ws/bumperbot_ws/src/bumperbot_py_examples'
[0.924s] INFO:colcon.colcon_core.shell:Skip shell extension 'powershell' for command environment: Not usable outside of PowerShell
[0.924s] DEBUG:colcon.colcon_core.shell:Skip shell extension 'dsv' for command environment
[0.933s] DEBUG:colcon.colcon_core.event_handler.log_command:Invoked command in '/home/safwan/ros_ws/bumperbot_ws/build/bumperbot_description' returned '0': CMAKE_PREFIX_PATH=${CMAKE_PREFIX_PATH}:/opt/ros/jazzy DEBUGINFOD_URLS=https://debuginfod.ubuntu.com /usr/bin/cmake --build /home/safwan/ros_ws/bumperbot_ws/build/bumperbot_description -- -j8 -l8
[0.955s] DEBUG:colcon.colcon_core.event_handler.log_command:Invoking command in '/home/safwan/ros_ws/bumperbot_ws/build/bumperbot_description': CMAKE_PREFIX_PATH=${CMAKE_PREFIX_PATH}:/opt/ros/jazzy DEBUGINFOD_URLS=https://debuginfod.ubuntu.com /usr/bin/cmake --install /home/safwan/ros_ws/bumperbot_ws/build/bumperbot_description
[0.956s] DEBUG:colcon.colcon_core.event_handler.log_command:Invoked command in '/home/safwan/ros_ws/bumperbot_ws/build/bumperbot_cpp_examples' returned '0': CMAKE_PREFIX_PATH=${CMAKE_PREFIX_PATH}:/opt/ros/jazzy DEBUGINFOD_URLS=https://debuginfod.ubuntu.com /usr/bin/cmake --build /home/safwan/ros_ws/bumperbot_ws/build/bumperbot_cpp_examples -- -j8 -l8
[0.958s] DEBUG:colcon.colcon_core.event_handler.log_command:Invoking command in '/home/safwan/ros_ws/bumperbot_ws/build/bumperbot_cpp_examples': CMAKE_PREFIX_PATH=${CMAKE_PREFIX_PATH}:/opt/ros/jazzy DEBUGINFOD_URLS=https://debuginfod.ubuntu.com /usr/bin/cmake --install /home/safwan/ros_ws/bumperbot_ws/build/bumperbot_cpp_examples
[0.980s] Level 1:colcon.colcon_core.environment:create_environment_scripts_only(bumperbot_description)
[0.991s] DEBUG:colcon.colcon_core.event_handler.log_command:Invoked command in '/home/safwan/ros_ws/bumperbot_ws/build/bumperbot_description' returned '0': CMAKE_PREFIX_PATH=${CMAKE_PREFIX_PATH}:/opt/ros/jazzy DEBUGINFOD_URLS=https://debuginfod.ubuntu.com /usr/bin/cmake --install /home/safwan/ros_ws/bumperbot_ws/build/bumperbot_description
[0.991s] Level 1:colcon.colcon_core.environment:checking '/home/safwan/ros_ws/bumperbot_ws/install/bumperbot_description' for CMake module files
[0.992s] Level 1:colcon.colcon_core.environment:checking '/home/safwan/ros_ws/bumperbot_ws/install/bumperbot_description' for CMake config files
[0.993s] Level 1:colcon.colcon_core.shell:create_environment_hook('bumperbot_description', 'cmake_prefix_path')
[0.993s] INFO:colcon.colcon_core.shell:Creating environment hook '/home/safwan/ros_ws/bumperbot_ws/install/bumperbot_description/share/bumperbot_description/hook/cmake_prefix_path.ps1'
[0.994s] INFO:colcon.colcon_core.shell:Creating environment descriptor '/home/safwan/ros_ws/bumperbot_ws/install/bumperbot_description/share/bumperbot_description/hook/cmake_prefix_path.dsv'
[0.995s] INFO:colcon.colcon_core.shell:Creating environment hook '/home/safwan/ros_ws/bumperbot_ws/install/bumperbot_description/share/bumperbot_description/hook/cmake_prefix_path.sh'
[0.996s] Level 1:colcon.colcon_core.environment:checking '/home/safwan/ros_ws/bumperbot_ws/install/bumperbot_description/bin'
[0.996s] Level 1:colcon.colcon_core.environment:checking '/home/safwan/ros_ws/bumperbot_ws/install/bumperbot_description/lib/pkgconfig/bumperbot_description.pc'
[0.996s] Level 1:colcon.colcon_core.environment:checking '/home/safwan/ros_ws/bumperbot_ws/install/bumperbot_description/lib/python3.12/site-packages'
[0.997s] Level 1:colcon.colcon_core.environment:checking '/home/safwan/ros_ws/bumperbot_ws/install/bumperbot_description/bin'
[0.997s] INFO:colcon.colcon_core.shell:Creating package script '/home/safwan/ros_ws/bumperbot_ws/install/bumperbot_description/share/bumperbot_description/package.ps1'
[0.999s] INFO:colcon.colcon_core.shell:Creating package descriptor '/home/safwan/ros_ws/bumperbot_ws/install/bumperbot_description/share/bumperbot_description/package.dsv'
[1.000s] INFO:colcon.colcon_core.shell:Creating package script '/home/safwan/ros_ws/bumperbot_ws/install/bumperbot_description/share/bumperbot_description/package.sh'
[1.001s] INFO:colcon.colcon_core.shell:Creating package script '/home/safwan/ros_ws/bumperbot_ws/install/bumperbot_description/share/bumperbot_description/package.bash'
[1.002s] INFO:colcon.colcon_core.shell:Creating package script '/home/safwan/ros_ws/bumperbot_ws/install/bumperbot_description/share/bumperbot_description/package.zsh'
[1.003s] Level 1:colcon.colcon_core.environment:create_file_with_runtime_dependencies(/home/safwan/ros_ws/bumperbot_ws/install/bumperbot_description/share/colcon-core/packages/bumperbot_description)
[1.004s] Level 1:colcon.colcon_core.environment:create_environment_scripts_only(bumperbot_description)
[1.004s] Level 1:colcon.colcon_core.environment:checking '/home/safwan/ros_ws/bumperbot_ws/install/bumperbot_description' for CMake module files
[1.005s] Level 1:colcon.colcon_core.environment:checking '/home/safwan/ros_ws/bumperbot_ws/install/bumperbot_description' for CMake config files
[1.006s] Level 1:colcon.colcon_core.shell:create_environment_hook('bumperbot_description', 'cmake_prefix_path')
[1.006s] INFO:colcon.colcon_core.shell:Creating environment hook '/home/safwan/ros_ws/bumperbot_ws/install/bumperbot_description/share/bumperbot_description/hook/cmake_prefix_path.ps1'
[1.007s] INFO:colcon.colcon_core.shell:Creating environment descriptor '/home/safwan/ros_ws/bumperbot_ws/install/bumperbot_description/share/bumperbot_description/hook/cmake_prefix_path.dsv'
[1.007s] INFO:colcon.colcon_core.shell:Creating environment hook '/home/safwan/ros_ws/bumperbot_ws/install/bumperbot_description/share/bumperbot_description/hook/cmake_prefix_path.sh'
[1.008s] Level 1:colcon.colcon_core.environment:checking '/home/safwan/ros_ws/bumperbot_ws/install/bumperbot_description/bin'
[1.009s] Level 1:colcon.colcon_core.environment:checking '/home/safwan/ros_ws/bumperbot_ws/install/bumperbot_description/lib/pkgconfig/bumperbot_description.pc'
[1.009s] Level 1:colcon.colcon_core.environment:checking '/home/safwan/ros_ws/bumperbot_ws/install/bumperbot_description/lib/python3.12/site-packages'
[1.009s] Level 1:colcon.colcon_core.environment:checking '/home/safwan/ros_ws/bumperbot_ws/install/bumperbot_description/bin'
[1.010s] INFO:colcon.colcon_core.shell:Creating package script '/home/safwan/ros_ws/bumperbot_ws/install/bumperbot_description/share/bumperbot_description/package.ps1'
[1.011s] INFO:colcon.colcon_core.shell:Creating package descriptor '/home/safwan/ros_ws/bumperbot_ws/install/bumperbot_description/share/bumperbot_description/package.dsv'
[1.013s] INFO:colcon.colcon_core.shell:Creating package script '/home/safwan/ros_ws/bumperbot_ws/install/bumperbot_description/share/bumperbot_description/package.sh'
[1.013s] INFO:colcon.colcon_core.shell:Creating package script '/home/safwan/ros_ws/bumperbot_ws/install/bumperbot_description/share/bumperbot_description/package.bash'
[1.014s] INFO:colcon.colcon_core.shell:Creating package script '/home/safwan/ros_ws/bumperbot_ws/install/bumperbot_description/share/bumperbot_description/package.zsh'
[1.015s] Level 1:colcon.colcon_core.environment:create_file_with_runtime_dependencies(/home/safwan/ros_ws/bumperbot_ws/install/bumperbot_description/share/colcon-core/packages/bumperbot_description)
[1.017s] Level 1:colcon.colcon_core.environment:create_environment_scripts_only(bumperbot_cpp_examples)
[1.018s] Level 1:colcon.colcon_core.environment:checking '/home/safwan/ros_ws/bumperbot_ws/install/bumperbot_cpp_examples' for CMake module files
[1.019s] DEBUG:colcon.colcon_core.event_handler.log_command:Invoked command in '/home/safwan/ros_ws/bumperbot_ws/build/bumperbot_cpp_examples' returned '0': CMAKE_PREFIX_PATH=${CMAKE_PREFIX_PATH}:/opt/ros/jazzy DEBUGINFOD_URLS=https://debuginfod.ubuntu.com /usr/bin/cmake --install /home/safwan/ros_ws/bumperbot_ws/build/bumperbot_cpp_examples
[1.020s] Level 1:colcon.colcon_core.environment:checking '/home/safwan/ros_ws/bumperbot_ws/install/bumperbot_cpp_examples' for CMake config files
[1.021s] Level 1:colcon.colcon_core.shell:create_environment_hook('bumperbot_cpp_examples', 'cmake_prefix_path')
[1.021s] INFO:colcon.colcon_core.shell:Creating environment hook '/home/safwan/ros_ws/bumperbot_ws/install/bumperbot_cpp_examples/share/bumperbot_cpp_examples/hook/cmake_prefix_path.ps1'
[1.022s] INFO:colcon.colcon_core.shell:Creating environment descriptor '/home/safwan/ros_ws/bumperbot_ws/install/bumperbot_cpp_examples/share/bumperbot_cpp_examples/hook/cmake_prefix_path.dsv'
[1.022s] INFO:colcon.colcon_core.shell:Creating environment hook '/home/safwan/ros_ws/bumperbot_ws/install/bumperbot_cpp_examples/share/bumperbot_cpp_examples/hook/cmake_prefix_path.sh'
[1.024s] Level 1:colcon.colcon_core.environment:checking '/home/safwan/ros_ws/bumperbot_ws/install/bumperbot_cpp_examples/bin'
[1.024s] Level 1:colcon.colcon_core.environment:checking '/home/safwan/ros_ws/bumperbot_ws/install/bumperbot_cpp_examples/lib/pkgconfig/bumperbot_cpp_examples.pc'
[1.024s] Level 1:colcon.colcon_core.environment:checking '/home/safwan/ros_ws/bumperbot_ws/install/bumperbot_cpp_examples/lib/python3.12/site-packages'
[1.025s] Level 1:colcon.colcon_core.environment:checking '/home/safwan/ros_ws/bumperbot_ws/install/bumperbot_cpp_examples/bin'
[1.025s] INFO:colcon.colcon_core.shell:Creating package script '/home/safwan/ros_ws/bumperbot_ws/install/bumperbot_cpp_examples/share/bumperbot_cpp_examples/package.ps1'
[1.026s] INFO:colcon.colcon_core.shell:Creating package descriptor '/home/safwan/ros_ws/bumperbot_ws/install/bumperbot_cpp_examples/share/bumperbot_cpp_examples/package.dsv'
[1.027s] INFO:colcon.colcon_core.shell:Creating package script '/home/safwan/ros_ws/bumperbot_ws/install/bumperbot_cpp_examples/share/bumperbot_cpp_examples/package.sh'
[1.028s] INFO:colcon.colcon_core.shell:Creating package script '/home/safwan/ros_ws/bumperbot_ws/install/bumperbot_cpp_examples/share/bumperbot_cpp_examples/package.bash'
[1.029s] INFO:colcon.colcon_core.shell:Creating package script '/home/safwan/ros_ws/bumperbot_ws/install/bumperbot_cpp_examples/share/bumperbot_cpp_examples/package.zsh'
[1.029s] Level 1:colcon.colcon_core.environment:create_file_with_runtime_dependencies(/home/safwan/ros_ws/bumperbot_ws/install/bumperbot_cpp_examples/share/colcon-core/packages/bumperbot_cpp_examples)
[1.030s] Level 1:colcon.colcon_core.environment:create_environment_scripts_only(bumperbot_cpp_examples)
[1.030s] Level 1:colcon.colcon_core.environment:checking '/home/safwan/ros_ws/bumperbot_ws/install/bumperbot_cpp_examples' for CMake module files
[1.031s] Level 1:colcon.colcon_core.environment:checking '/home/safwan/ros_ws/bumperbot_ws/install/bumperbot_cpp_examples' for CMake config files
[1.032s] Level 1:colcon.colcon_core.shell:create_environment_hook('bumperbot_cpp_examples', 'cmake_prefix_path')
[1.032s] INFO:colcon.colcon_core.shell:Creating environment hook '/home/safwan/ros_ws/bumperbot_ws/install/bumperbot_cpp_examples/share/bumperbot_cpp_examples/hook/cmake_prefix_path.ps1'
[1.033s] INFO:colcon.colcon_core.shell:Creating environment descriptor '/home/safwan/ros_ws/bumperbot_ws/install/bumperbot_cpp_examples/share/bumperbot_cpp_examples/hook/cmake_prefix_path.dsv'
[1.033s] INFO:colcon.colcon_core.shell:Creating environment hook '/home/safwan/ros_ws/bumperbot_ws/install/bumperbot_cpp_examples/share/bumperbot_cpp_examples/hook/cmake_prefix_path.sh'
[1.034s] Level 1:colcon.colcon_core.environment:checking '/home/safwan/ros_ws/bumperbot_ws/install/bumperbot_cpp_examples/bin'
[1.034s] Level 1:colcon.colcon_core.environment:checking '/home/safwan/ros_ws/bumperbot_ws/install/bumperbot_cpp_examples/lib/pkgconfig/bumperbot_cpp_examples.pc'
[1.035s] Level 1:colcon.colcon_core.environment:checking '/home/safwan/ros_ws/bumperbot_ws/install/bumperbot_cpp_examples/lib/python3.12/site-packages'
[1.035s] Level 1:colcon.colcon_core.environment:checking '/home/safwan/ros_ws/bumperbot_ws/install/bumperbot_cpp_examples/bin'
[1.036s] INFO:colcon.colcon_core.shell:Creating package script '/home/safwan/ros_ws/bumperbot_ws/install/bumperbot_cpp_examples/share/bumperbot_cpp_examples/package.ps1'
[1.037s] INFO:colcon.colcon_core.shell:Creating package descriptor '/home/safwan/ros_ws/bumperbot_ws/install/bumperbot_cpp_examples/share/bumperbot_cpp_examples/package.dsv'
[1.037s] INFO:colcon.colcon_core.shell:Creating package script '/home/safwan/ros_ws/bumperbot_ws/install/bumperbot_cpp_examples/share/bumperbot_cpp_examples/package.sh'
[1.038s] INFO:colcon.colcon_core.shell:Creating package script '/home/safwan/ros_ws/bumperbot_ws/install/bumperbot_cpp_examples/share/bumperbot_cpp_examples/package.bash'
[1.039s] INFO:colcon.colcon_core.shell:Creating package script '/home/safwan/ros_ws/bumperbot_ws/install/bumperbot_cpp_examples/share/bumperbot_cpp_examples/package.zsh'
[1.040s] Level 1:colcon.colcon_core.environment:create_file_with_runtime_dependencies(/home/safwan/ros_ws/bumperbot_ws/install/bumperbot_cpp_examples/share/colcon-core/packages/bumperbot_cpp_examples)
[2.107s] DEBUG:colcon.colcon_core.event_handler.log_command:Invoking command in '/home/safwan/ros_ws/bumperbot_ws/src/bumperbot_py_examples': DEBUGINFOD_URLS=https://debuginfod.ubuntu.com PYTHONPATH=/home/safwan/ros_ws/bumperbot_ws/build/bumperbot_py_examples/prefix_override:/usr/lib/python3/dist-packages/colcon_core/task/python/colcon_distutils_commands:/home/safwan/ros_ws/bumperbot_ws/install/bumperbot_py_examples/lib/python3.12/site-packages:${PYTHONPATH} /usr/bin/python3 -W ignore:setup.py install is deprecated -W ignore:easy_install command is deprecated setup.py egg_info --egg-base ../../build/bumperbot_py_examples build --build-base /home/safwan/ros_ws/bumperbot_ws/build/bumperbot_py_examples/build install --record /home/safwan/ros_ws/bumperbot_ws/build/bumperbot_py_examples/install.log --single-version-externally-managed install_data
[3.165s] Level 1:colcon.colcon_core.environment:checking '/home/safwan/ros_ws/bumperbot_ws/install/bumperbot_py_examples' for CMake module files
[3.167s] DEBUG:colcon.colcon_core.event_handler.log_command:Invoked command in '/home/safwan/ros_ws/bumperbot_ws/src/bumperbot_py_examples' returned '0': DEBUGINFOD_URLS=https://debuginfod.ubuntu.com PYTHONPATH=/home/safwan/ros_ws/bumperbot_ws/build/bumperbot_py_examples/prefix_override:/usr/lib/python3/dist-packages/colcon_core/task/python/colcon_distutils_commands:/home/safwan/ros_ws/bumperbot_ws/install/bumperbot_py_examples/lib/python3.12/site-packages:${PYTHONPATH} /usr/bin/python3 -W ignore:setup.py install is deprecated -W ignore:easy_install command is deprecated setup.py egg_info --egg-base ../../build/bumperbot_py_examples build --build-base /home/safwan/ros_ws/bumperbot_ws/build/bumperbot_py_examples/build install --record /home/safwan/ros_ws/bumperbot_ws/build/bumperbot_py_examples/install.log --single-version-externally-managed install_data
[3.167s] Level 1:colcon.colcon_core.environment:checking '/home/safwan/ros_ws/bumperbot_ws/install/bumperbot_py_examples' for CMake config files
[3.169s] Level 1:colcon.colcon_core.environment:checking '/home/safwan/ros_ws/bumperbot_ws/install/bumperbot_py_examples/lib'
[3.169s] Level 1:colcon.colcon_core.environment:checking '/home/safwan/ros_ws/bumperbot_ws/install/bumperbot_py_examples/bin'
[3.169s] Level 1:colcon.colcon_core.environment:checking '/home/safwan/ros_ws/bumperbot_ws/install/bumperbot_py_examples/lib/pkgconfig/bumperbot_py_examples.pc'
[3.170s] Level 1:colcon.colcon_core.environment:checking '/home/safwan/ros_ws/bumperbot_ws/install/bumperbot_py_examples/lib/python3.12/site-packages'
[3.170s] Level 1:colcon.colcon_core.shell:create_environment_hook('bumperbot_py_examples', 'pythonpath')
[3.171s] INFO:colcon.colcon_core.shell:Creating environment hook '/home/safwan/ros_ws/bumperbot_ws/install/bumperbot_py_examples/share/bumperbot_py_examples/hook/pythonpath.ps1'
[3.171s] INFO:colcon.colcon_core.shell:Creating environment descriptor '/home/safwan/ros_ws/bumperbot_ws/install/bumperbot_py_examples/share/bumperbot_py_examples/hook/pythonpath.dsv'
[3.172s] INFO:colcon.colcon_core.shell:Creating environment hook '/home/safwan/ros_ws/bumperbot_ws/install/bumperbot_py_examples/share/bumperbot_py_examples/hook/pythonpath.sh'
[3.173s] Level 1:colcon.colcon_core.environment:checking '/home/safwan/ros_ws/bumperbot_ws/install/bumperbot_py_examples/bin'
[3.173s] Level 1:colcon.colcon_core.environment:create_environment_scripts_only(bumperbot_py_examples)
[3.174s] INFO:colcon.colcon_core.shell:Creating package script '/home/safwan/ros_ws/bumperbot_ws/install/bumperbot_py_examples/share/bumperbot_py_examples/package.ps1'
[3.175s] INFO:colcon.colcon_core.shell:Creating package descriptor '/home/safwan/ros_ws/bumperbot_ws/install/bumperbot_py_examples/share/bumperbot_py_examples/package.dsv'
[3.175s] INFO:colcon.colcon_core.shell:Creating package script '/home/safwan/ros_ws/bumperbot_ws/install/bumperbot_py_examples/share/bumperbot_py_examples/package.sh'
[3.176s] INFO:colcon.colcon_core.shell:Creating package script '/home/safwan/ros_ws/bumperbot_ws/install/bumperbot_py_examples/share/bumperbot_py_examples/package.bash'
[3.177s] INFO:colcon.colcon_core.shell:Creating package script '/home/safwan/ros_ws/bumperbot_ws/install/bumperbot_py_examples/share/bumperbot_py_examples/package.zsh'
[3.178s] Level 1:colcon.colcon_core.environment:create_file_with_runtime_dependencies(/home/safwan/ros_ws/bumperbot_ws/install/bumperbot_py_examples/share/colcon-core/packages/bumperbot_py_examples)
[3.178s] DEBUG:colcon.colcon_parallel_executor.executor.parallel:closing loop
[3.179s] DEBUG:colcon.colcon_parallel_executor.executor.parallel:loop closed
[3.179s] DEBUG:colcon.colcon_parallel_executor.executor.parallel:run_until_complete finished with '0'
[3.179s] DEBUG:colcon.colcon_core.event_reactor:joining thread
[3.192s] INFO:colcon.colcon_core.plugin_system:Skipping extension 'colcon_notification.desktop_notification.terminal_notifier': Not used on non-Darwin systems
[3.192s] INFO:colcon.colcon_core.plugin_system:Skipping extension 'colcon_notification.desktop_notification.win32': Not used on non-Windows systems
[3.192s] INFO:colcon.colcon_notification.desktop_notification:Sending desktop notification using 'notify2'
[3.219s] DEBUG:colcon.colcon_core.event_reactor:joined thread
[3.220s] INFO:colcon.colcon_core.shell:Creating prefix script '/home/safwan/ros_ws/bumperbot_ws/install/local_setup.ps1'
[3.221s] INFO:colcon.colcon_core.shell:Creating prefix util module '/home/safwan/ros_ws/bumperbot_ws/install/_local_setup_util_ps1.py'
[3.224s] INFO:colcon.colcon_core.shell:Creating prefix chain script '/home/safwan/ros_ws/bumperbot_ws/install/setup.ps1'
[3.227s] INFO:colcon.colcon_core.shell:Creating prefix script '/home/safwan/ros_ws/bumperbot_ws/install/local_setup.sh'
[3.228s] INFO:colcon.colcon_core.shell:Creating prefix util module '/home/safwan/ros_ws/bumperbot_ws/install/_local_setup_util_sh.py'
[3.229s] INFO:colcon.colcon_core.shell:Creating prefix chain script '/home/safwan/ros_ws/bumperbot_ws/install/setup.sh'
[3.231s] INFO:colcon.colcon_core.shell:Creating prefix script '/home/safwan/ros_ws/bumperbot_ws/install/local_setup.bash'
[3.232s] INFO:colcon.colcon_core.shell:Creating prefix chain script '/home/safwan/ros_ws/bumperbot_ws/install/setup.bash'
[3.234s] INFO:colcon.colcon_core.shell:Creating prefix script '/home/safwan/ros_ws/bumperbot_ws/install/local_setup.zsh'
[3.235s] INFO:colcon.colcon_core.shell:Creating prefix chain script '/home/safwan/ros_ws/bumperbot_ws/install/setup.zsh'
