[0.446s] DEBUG:colcon:Command line arguments: ['/usr/bin/colcon', 'build']
[0.446s] DEBUG:colcon:Parsed command line arguments: Namespace(log_base=None, log_level=None, verb_name='build', build_base='build', install_base='install', merge_install=False, symlink_install=False, test_result_base=None, continue_on_error=False, executor='parallel', parallel_workers=8, event_handlers=None, ignore_user_meta=False, metas=['./colcon.meta'], base_paths=['.'], packages_ignore=None, packages_ignore_regex=None, paths=None, packages_up_to=None, packages_up_to_regex=None, packages_above=None, packages_above_and_dependencies=None, packages_above_depth=None, packages_select_by_dep=None, packages_skip_by_dep=None, packages_skip_up_to=None, packages_select_build_failed=False, packages_skip_build_finished=False, packages_select_test_failures=False, packages_skip_test_passed=False, packages_select=None, packages_skip=None, packages_select_regex=None, packages_skip_regex=None, packages_start=None, packages_end=None, allow_overriding=[], cmake_args=None, cmake_target=None, cmake_target_skip_unavailable=False, cmake_clean_cache=False, cmake_clean_first=False, cmake_force_configure=False, ament_cmake_args=None, catkin_cmake_args=None, catkin_skip_building_tests=False, mixin_files=None, mixin=None, verb_parser=<colcon_mixin.mixin.mixin_argument.MixinArgumentDecorator object at 0x7faa209a0ce0>, verb_extension=<colcon_core.verb.build.BuildVerb object at 0x7faa20a9baa0>, main=<bound method BuildVerb.main of <colcon_core.verb.build.BuildVerb object at 0x7faa20a9baa0>>, mixin_verb=('build',))
[0.621s] Level 1:colcon.colcon_core.package_discovery:discover_packages(colcon_meta) check parameters
[0.621s] Level 1:colcon.colcon_core.package_discovery:discover_packages(recursive) check parameters
[0.622s] Level 1:colcon.colcon_core.package_discovery:discover_packages(ignore) check parameters
[0.622s] Level 1:colcon.colcon_core.package_discovery:discover_packages(path) check parameters
[0.622s] Level 1:colcon.colcon_core.package_discovery:discover_packages(colcon_meta) discover
[0.622s] Level 1:colcon.colcon_core.package_discovery:discover_packages(recursive) discover
[0.622s] INFO:colcon.colcon_core.package_discovery:Crawling recursively for packages in '/home/safwan/ros_ws/bumperbot_ws'
[0.623s] Level 1:colcon.colcon_core.package_identification:_identify(.) by extensions ['ignore', 'ignore_ament_install']
[0.623s] Level 1:colcon.colcon_core.package_identification:_identify(.) by extension 'ignore'
[0.623s] Level 1:colcon.colcon_core.package_identification:_identify(.) by extension 'ignore_ament_install'
[0.624s] Level 1:colcon.colcon_core.package_identification:_identify(.) by extensions ['colcon_pkg']
[0.624s] Level 1:colcon.colcon_core.package_identification:_identify(.) by extension 'colcon_pkg'
[0.624s] Level 1:colcon.colcon_core.package_identification:_identify(.) by extensions ['colcon_meta']
[0.624s] Level 1:colcon.colcon_core.package_identification:_identify(.) by extension 'colcon_meta'
[0.624s] Level 1:colcon.colcon_core.package_identification:_identify(.) by extensions ['ros']
[0.624s] Level 1:colcon.colcon_core.package_identification:_identify(.) by extension 'ros'
[0.748s] Level 1:colcon.colcon_core.package_identification:_identify(.) by extensions ['cmake', 'python']
[0.749s] Level 1:colcon.colcon_core.package_identification:_identify(.) by extension 'cmake'
[0.749s] Level 1:colcon.colcon_core.package_identification:_identify(.) by extension 'python'
[0.749s] Level 1:colcon.colcon_core.package_identification:_identify(.) by extensions ['python_setup_py']
[0.749s] Level 1:colcon.colcon_core.package_identification:_identify(.) by extension 'python_setup_py'
[0.750s] Level 1:colcon.colcon_core.package_identification:_identify(build) by extensions ['ignore', 'ignore_ament_install']
[0.751s] Level 1:colcon.colcon_core.package_identification:_identify(build) by extension 'ignore'
[0.751s] Level 1:colcon.colcon_core.package_identification:_identify(build) ignored
[0.752s] Level 1:colcon.colcon_core.package_identification:_identify(install) by extensions ['ignore', 'ignore_ament_install']
[0.752s] Level 1:colcon.colcon_core.package_identification:_identify(install) by extension 'ignore'
[0.753s] Level 1:colcon.colcon_core.package_identification:_identify(install) ignored
[0.754s] Level 1:colcon.colcon_core.package_identification:_identify(log) by extensions ['ignore', 'ignore_ament_install']
[0.754s] Level 1:colcon.colcon_core.package_identification:_identify(log) by extension 'ignore'
[0.755s] Level 1:colcon.colcon_core.package_identification:_identify(log) ignored
[0.755s] Level 1:colcon.colcon_core.package_identification:_identify(src) by extensions ['ignore', 'ignore_ament_install']
[0.756s] Level 1:colcon.colcon_core.package_identification:_identify(src) by extension 'ignore'
[0.756s] Level 1:colcon.colcon_core.package_identification:_identify(src) by extension 'ignore_ament_install'
[0.756s] Level 1:colcon.colcon_core.package_identification:_identify(src) by extensions ['colcon_pkg']
[0.757s] Level 1:colcon.colcon_core.package_identification:_identify(src) by extension 'colcon_pkg'
[0.757s] Level 1:colcon.colcon_core.package_identification:_identify(src) by extensions ['colcon_meta']
[0.757s] Level 1:colcon.colcon_core.package_identification:_identify(src) by extension 'colcon_meta'
[0.757s] Level 1:colcon.colcon_core.package_identification:_identify(src) by extensions ['ros']
[0.757s] Level 1:colcon.colcon_core.package_identification:_identify(src) by extension 'ros'
[0.757s] Level 1:colcon.colcon_core.package_identification:_identify(src) by extensions ['cmake', 'python']
[0.758s] Level 1:colcon.colcon_core.package_identification:_identify(src) by extension 'cmake'
[0.758s] Level 1:colcon.colcon_core.package_identification:_identify(src) by extension 'python'
[0.758s] Level 1:colcon.colcon_core.package_identification:_identify(src) by extensions ['python_setup_py']
[0.758s] Level 1:colcon.colcon_core.package_identification:_identify(src) by extension 'python_setup_py'
[0.758s] Level 1:colcon.colcon_core.package_identification:_identify(src/bumperbot_controller) by extensions ['ignore', 'ignore_ament_install']
[0.759s] Level 1:colcon.colcon_core.package_identification:_identify(src/bumperbot_controller) by extension 'ignore'
[0.759s] Level 1:colcon.colcon_core.package_identification:_identify(src/bumperbot_controller) by extension 'ignore_ament_install'
[0.759s] Level 1:colcon.colcon_core.package_identification:_identify(src/bumperbot_controller) by extensions ['colcon_pkg']
[0.759s] Level 1:colcon.colcon_core.package_identification:_identify(src/bumperbot_controller) by extension 'colcon_pkg'
[0.759s] Level 1:colcon.colcon_core.package_identification:_identify(src/bumperbot_controller) by extensions ['colcon_meta']
[0.759s] Level 1:colcon.colcon_core.package_identification:_identify(src/bumperbot_controller) by extension 'colcon_meta'
[0.760s] Level 1:colcon.colcon_core.package_identification:_identify(src/bumperbot_controller) by extensions ['ros']
[0.760s] Level 1:colcon.colcon_core.package_identification:_identify(src/bumperbot_controller) by extension 'ros'
[0.771s] DEBUG:colcon.colcon_core.package_identification:Package 'src/bumperbot_controller' with type 'ros.ament_cmake' and name 'bumperbot_controller'
[0.772s] Level 1:colcon.colcon_core.package_identification:_identify(src/bumperbot_description) by extensions ['ignore', 'ignore_ament_install']
[0.772s] Level 1:colcon.colcon_core.package_identification:_identify(src/bumperbot_description) by extension 'ignore'
[0.773s] Level 1:colcon.colcon_core.package_identification:_identify(src/bumperbot_description) by extension 'ignore_ament_install'
[0.773s] Level 1:colcon.colcon_core.package_identification:_identify(src/bumperbot_description) by extensions ['colcon_pkg']
[0.773s] Level 1:colcon.colcon_core.package_identification:_identify(src/bumperbot_description) by extension 'colcon_pkg'
[0.774s] Level 1:colcon.colcon_core.package_identification:_identify(src/bumperbot_description) by extensions ['colcon_meta']
[0.774s] Level 1:colcon.colcon_core.package_identification:_identify(src/bumperbot_description) by extension 'colcon_meta'
[0.774s] Level 1:colcon.colcon_core.package_identification:_identify(src/bumperbot_description) by extensions ['ros']
[0.774s] Level 1:colcon.colcon_core.package_identification:_identify(src/bumperbot_description) by extension 'ros'
[0.786s] DEBUG:colcon.colcon_core.package_identification:Package 'src/bumperbot_description' with type 'ros.ament_cmake' and name 'bumperbot_description'
[0.787s] Level 1:colcon.colcon_core.package_discovery:discover_packages(recursive) using defaults
[0.787s] Level 1:colcon.colcon_core.package_discovery:discover_packages(ignore) discover
[0.787s] Level 1:colcon.colcon_core.package_discovery:discover_packages(ignore) using defaults
[0.787s] Level 1:colcon.colcon_core.package_discovery:discover_packages(path) discover
[0.787s] Level 1:colcon.colcon_core.package_discovery:discover_packages(path) using defaults
[0.870s] Level 1:colcon.colcon_core.package_discovery:discover_packages(prefix_path) check parameters
[0.871s] Level 1:colcon.colcon_core.package_discovery:discover_packages(prefix_path) discover
[0.883s] DEBUG:colcon.colcon_installed_package_information.package_discovery:Found 440 installed packages in /opt/ros/jazzy
[0.892s] Level 1:colcon.colcon_core.package_discovery:discover_packages(prefix_path) using defaults
[1.208s] Level 5:colcon.colcon_core.verb:set package 'bumperbot_controller' build argument 'cmake_args' from command line to 'None'
[1.208s] Level 5:colcon.colcon_core.verb:set package 'bumperbot_controller' build argument 'cmake_target' from command line to 'None'
[1.209s] Level 5:colcon.colcon_core.verb:set package 'bumperbot_controller' build argument 'cmake_target_skip_unavailable' from command line to 'False'
[1.209s] Level 5:colcon.colcon_core.verb:set package 'bumperbot_controller' build argument 'cmake_clean_cache' from command line to 'False'
[1.209s] Level 5:colcon.colcon_core.verb:set package 'bumperbot_controller' build argument 'cmake_clean_first' from command line to 'False'
[1.209s] Level 5:colcon.colcon_core.verb:set package 'bumperbot_controller' build argument 'cmake_force_configure' from command line to 'False'
[1.209s] Level 5:colcon.colcon_core.verb:set package 'bumperbot_controller' build argument 'ament_cmake_args' from command line to 'None'
[1.209s] Level 5:colcon.colcon_core.verb:set package 'bumperbot_controller' build argument 'catkin_cmake_args' from command line to 'None'
[1.209s] Level 5:colcon.colcon_core.verb:set package 'bumperbot_controller' build argument 'catkin_skip_building_tests' from command line to 'False'
[1.209s] DEBUG:colcon.colcon_core.verb:Building package 'bumperbot_controller' with the following arguments: {'ament_cmake_args': None, 'build_base': '/home/safwan/ros_ws/bumperbot_ws/build/bumperbot_controller', 'catkin_cmake_args': None, 'catkin_skip_building_tests': False, 'cmake_args': None, 'cmake_clean_cache': False, 'cmake_clean_first': False, 'cmake_force_configure': False, 'cmake_target': None, 'cmake_target_skip_unavailable': False, 'install_base': '/home/safwan/ros_ws/bumperbot_ws/install/bumperbot_controller', 'merge_install': False, 'path': '/home/safwan/ros_ws/bumperbot_ws/src/bumperbot_controller', 'symlink_install': False, 'test_result_base': None}
[1.210s] Level 5:colcon.colcon_core.verb:set package 'bumperbot_description' build argument 'cmake_args' from command line to 'None'
[1.210s] Level 5:colcon.colcon_core.verb:set package 'bumperbot_description' build argument 'cmake_target' from command line to 'None'
[1.210s] Level 5:colcon.colcon_core.verb:set package 'bumperbot_description' build argument 'cmake_target_skip_unavailable' from command line to 'False'
[1.210s] Level 5:colcon.colcon_core.verb:set package 'bumperbot_description' build argument 'cmake_clean_cache' from command line to 'False'
[1.210s] Level 5:colcon.colcon_core.verb:set package 'bumperbot_description' build argument 'cmake_clean_first' from command line to 'False'
[1.210s] Level 5:colcon.colcon_core.verb:set package 'bumperbot_description' build argument 'cmake_force_configure' from command line to 'False'
[1.210s] Level 5:colcon.colcon_core.verb:set package 'bumperbot_description' build argument 'ament_cmake_args' from command line to 'None'
[1.210s] Level 5:colcon.colcon_core.verb:set package 'bumperbot_description' build argument 'catkin_cmake_args' from command line to 'None'
[1.210s] Level 5:colcon.colcon_core.verb:set package 'bumperbot_description' build argument 'catkin_skip_building_tests' from command line to 'False'
[1.210s] DEBUG:colcon.colcon_core.verb:Building package 'bumperbot_description' with the following arguments: {'ament_cmake_args': None, 'build_base': '/home/safwan/ros_ws/bumperbot_ws/build/bumperbot_description', 'catkin_cmake_args': None, 'catkin_skip_building_tests': False, 'cmake_args': None, 'cmake_clean_cache': False, 'cmake_clean_first': False, 'cmake_force_configure': False, 'cmake_target': None, 'cmake_target_skip_unavailable': False, 'install_base': '/home/safwan/ros_ws/bumperbot_ws/install/bumperbot_description', 'merge_install': False, 'path': '/home/safwan/ros_ws/bumperbot_ws/src/bumperbot_description', 'symlink_install': False, 'test_result_base': None}
[1.211s] INFO:colcon.colcon_core.executor:Executing jobs using 'parallel' executor
[1.212s] DEBUG:colcon.colcon_parallel_executor.executor.parallel:run_until_complete
[1.213s] INFO:colcon.colcon_ros.task.ament_cmake.build:Building ROS package in '/home/safwan/ros_ws/bumperbot_ws/src/bumperbot_controller' with build type 'ament_cmake'
[1.213s] INFO:colcon.colcon_cmake.task.cmake.build:Building CMake package in '/home/safwan/ros_ws/bumperbot_ws/src/bumperbot_controller'
[1.224s] INFO:colcon.colcon_core.plugin_system:Skipping extension 'colcon_core.shell.bat': Not used on non-Windows systems
[1.224s] INFO:colcon.colcon_core.shell:Skip shell extension 'powershell' for command environment: Not usable outside of PowerShell
[1.225s] DEBUG:colcon.colcon_core.shell:Skip shell extension 'dsv' for command environment
[1.236s] INFO:colcon.colcon_ros.task.ament_cmake.build:Building ROS package in '/home/safwan/ros_ws/bumperbot_ws/src/bumperbot_description' with build type 'ament_cmake'
[1.236s] INFO:colcon.colcon_cmake.task.cmake.build:Building CMake package in '/home/safwan/ros_ws/bumperbot_ws/src/bumperbot_description'
[1.237s] INFO:colcon.colcon_core.shell:Skip shell extension 'powershell' for command environment: Not usable outside of PowerShell
[1.237s] DEBUG:colcon.colcon_core.shell:Skip shell extension 'dsv' for command environment
[1.287s] DEBUG:colcon.colcon_core.event_handler.log_command:Invoking command in '/home/safwan/ros_ws/bumperbot_ws/build/bumperbot_controller': CMAKE_PREFIX_PATH=${CMAKE_PREFIX_PATH}:/opt/ros/jazzy DEBUGINFOD_URLS=https://debuginfod.ubuntu.com /usr/bin/cmake --build /home/safwan/ros_ws/bumperbot_ws/build/bumperbot_controller -- -j8 -l8
[1.312s] DEBUG:colcon.colcon_core.event_handler.log_command:Invoking command in '/home/safwan/ros_ws/bumperbot_ws/build/bumperbot_description': CMAKE_PREFIX_PATH=${CMAKE_PREFIX_PATH}:/opt/ros/jazzy DEBUGINFOD_URLS=https://debuginfod.ubuntu.com /usr/bin/cmake --build /home/safwan/ros_ws/bumperbot_ws/build/bumperbot_description -- -j8 -l8
[1.510s] DEBUG:colcon.colcon_core.event_handler.log_command:Invoked command in '/home/safwan/ros_ws/bumperbot_ws/build/bumperbot_controller' returned '0': CMAKE_PREFIX_PATH=${CMAKE_PREFIX_PATH}:/opt/ros/jazzy DEBUGINFOD_URLS=https://debuginfod.ubuntu.com /usr/bin/cmake --build /home/safwan/ros_ws/bumperbot_ws/build/bumperbot_controller -- -j8 -l8
[1.552s] DEBUG:colcon.colcon_core.event_handler.log_command:Invoking command in '/home/safwan/ros_ws/bumperbot_ws/build/bumperbot_controller': CMAKE_PREFIX_PATH=${CMAKE_PREFIX_PATH}:/opt/ros/jazzy DEBUGINFOD_URLS=https://debuginfod.ubuntu.com /usr/bin/cmake --install /home/safwan/ros_ws/bumperbot_ws/build/bumperbot_controller
[1.559s] DEBUG:colcon.colcon_core.event_handler.log_command:Invoked command in '/home/safwan/ros_ws/bumperbot_ws/build/bumperbot_description' returned '0': CMAKE_PREFIX_PATH=${CMAKE_PREFIX_PATH}:/opt/ros/jazzy DEBUGINFOD_URLS=https://debuginfod.ubuntu.com /usr/bin/cmake --build /home/safwan/ros_ws/bumperbot_ws/build/bumperbot_description -- -j8 -l8
[1.570s] DEBUG:colcon.colcon_core.event_handler.log_command:Invoking command in '/home/safwan/ros_ws/bumperbot_ws/build/bumperbot_description': CMAKE_PREFIX_PATH=${CMAKE_PREFIX_PATH}:/opt/ros/jazzy DEBUGINFOD_URLS=https://debuginfod.ubuntu.com /usr/bin/cmake --install /home/safwan/ros_ws/bumperbot_ws/build/bumperbot_description
[1.617s] Level 1:colcon.colcon_core.environment:create_environment_scripts_only(bumperbot_controller)
[1.630s] DEBUG:colcon.colcon_core.event_handler.log_command:Invoked command in '/home/safwan/ros_ws/bumperbot_ws/build/bumperbot_controller' returned '0': CMAKE_PREFIX_PATH=${CMAKE_PREFIX_PATH}:/opt/ros/jazzy DEBUGINFOD_URLS=https://debuginfod.ubuntu.com /usr/bin/cmake --install /home/safwan/ros_ws/bumperbot_ws/build/bumperbot_controller
[1.644s] Level 1:colcon.colcon_core.environment:checking '/home/safwan/ros_ws/bumperbot_ws/install/bumperbot_controller' for CMake module files
[1.647s] Level 1:colcon.colcon_core.environment:checking '/home/safwan/ros_ws/bumperbot_ws/install/bumperbot_controller' for CMake config files
[1.648s] Level 1:colcon.colcon_core.shell:create_environment_hook('bumperbot_controller', 'cmake_prefix_path')
[1.649s] INFO:colcon.colcon_core.shell:Creating environment hook '/home/safwan/ros_ws/bumperbot_ws/install/bumperbot_controller/share/bumperbot_controller/hook/cmake_prefix_path.ps1'
[1.653s] INFO:colcon.colcon_core.shell:Creating environment descriptor '/home/safwan/ros_ws/bumperbot_ws/install/bumperbot_controller/share/bumperbot_controller/hook/cmake_prefix_path.dsv'
[1.654s] INFO:colcon.colcon_core.shell:Creating environment hook '/home/safwan/ros_ws/bumperbot_ws/install/bumperbot_controller/share/bumperbot_controller/hook/cmake_prefix_path.sh'
[1.658s] Level 1:colcon.colcon_core.environment:checking '/home/safwan/ros_ws/bumperbot_ws/install/bumperbot_controller/bin'
[1.658s] Level 1:colcon.colcon_core.environment:checking '/home/safwan/ros_ws/bumperbot_ws/install/bumperbot_controller/lib/pkgconfig/bumperbot_controller.pc'
[1.659s] Level 1:colcon.colcon_core.environment:checking '/home/safwan/ros_ws/bumperbot_ws/install/bumperbot_controller/lib/python3.12/site-packages'
[1.660s] Level 1:colcon.colcon_core.environment:checking '/home/safwan/ros_ws/bumperbot_ws/install/bumperbot_controller/bin'
[1.661s] INFO:colcon.colcon_core.shell:Creating package script '/home/safwan/ros_ws/bumperbot_ws/install/bumperbot_controller/share/bumperbot_controller/package.ps1'
[1.665s] INFO:colcon.colcon_core.shell:Creating package descriptor '/home/safwan/ros_ws/bumperbot_ws/install/bumperbot_controller/share/bumperbot_controller/package.dsv'
[1.668s] INFO:colcon.colcon_core.shell:Creating package script '/home/safwan/ros_ws/bumperbot_ws/install/bumperbot_controller/share/bumperbot_controller/package.sh'
[1.673s] INFO:colcon.colcon_core.shell:Creating package script '/home/safwan/ros_ws/bumperbot_ws/install/bumperbot_controller/share/bumperbot_controller/package.bash'
[1.677s] INFO:colcon.colcon_core.shell:Creating package script '/home/safwan/ros_ws/bumperbot_ws/install/bumperbot_controller/share/bumperbot_controller/package.zsh'
[1.683s] Level 1:colcon.colcon_core.environment:create_file_with_runtime_dependencies(/home/safwan/ros_ws/bumperbot_ws/install/bumperbot_controller/share/colcon-core/packages/bumperbot_controller)
[1.687s] Level 1:colcon.colcon_core.environment:create_environment_scripts_only(bumperbot_controller)
[1.688s] Level 1:colcon.colcon_core.environment:checking '/home/safwan/ros_ws/bumperbot_ws/install/bumperbot_controller' for CMake module files
[1.694s] Level 1:colcon.colcon_core.environment:checking '/home/safwan/ros_ws/bumperbot_ws/install/bumperbot_controller' for CMake config files
[1.695s] Level 1:colcon.colcon_core.shell:create_environment_hook('bumperbot_controller', 'cmake_prefix_path')
[1.697s] INFO:colcon.colcon_core.shell:Creating environment hook '/home/safwan/ros_ws/bumperbot_ws/install/bumperbot_controller/share/bumperbot_controller/hook/cmake_prefix_path.ps1'
[1.701s] INFO:colcon.colcon_core.shell:Creating environment descriptor '/home/safwan/ros_ws/bumperbot_ws/install/bumperbot_controller/share/bumperbot_controller/hook/cmake_prefix_path.dsv'
[1.704s] INFO:colcon.colcon_core.shell:Creating environment hook '/home/safwan/ros_ws/bumperbot_ws/install/bumperbot_controller/share/bumperbot_controller/hook/cmake_prefix_path.sh'
[1.708s] Level 1:colcon.colcon_core.environment:checking '/home/safwan/ros_ws/bumperbot_ws/install/bumperbot_controller/bin'
[1.709s] Level 1:colcon.colcon_core.environment:checking '/home/safwan/ros_ws/bumperbot_ws/install/bumperbot_controller/lib/pkgconfig/bumperbot_controller.pc'
[1.711s] Level 1:colcon.colcon_core.environment:checking '/home/safwan/ros_ws/bumperbot_ws/install/bumperbot_controller/lib/python3.12/site-packages'
[1.713s] Level 1:colcon.colcon_core.environment:checking '/home/safwan/ros_ws/bumperbot_ws/install/bumperbot_controller/bin'
[1.715s] INFO:colcon.colcon_core.shell:Creating package script '/home/safwan/ros_ws/bumperbot_ws/install/bumperbot_controller/share/bumperbot_controller/package.ps1'
[1.720s] INFO:colcon.colcon_core.shell:Creating package descriptor '/home/safwan/ros_ws/bumperbot_ws/install/bumperbot_controller/share/bumperbot_controller/package.dsv'
[1.724s] INFO:colcon.colcon_core.shell:Creating package script '/home/safwan/ros_ws/bumperbot_ws/install/bumperbot_controller/share/bumperbot_controller/package.sh'
[1.727s] INFO:colcon.colcon_core.shell:Creating package script '/home/safwan/ros_ws/bumperbot_ws/install/bumperbot_controller/share/bumperbot_controller/package.bash'
[1.729s] INFO:colcon.colcon_core.shell:Creating package script '/home/safwan/ros_ws/bumperbot_ws/install/bumperbot_controller/share/bumperbot_controller/package.zsh'
[1.732s] Level 1:colcon.colcon_core.environment:create_file_with_runtime_dependencies(/home/safwan/ros_ws/bumperbot_ws/install/bumperbot_controller/share/colcon-core/packages/bumperbot_controller)
[1.735s] Level 1:colcon.colcon_core.environment:create_environment_scripts_only(bumperbot_description)
[1.736s] Level 1:colcon.colcon_core.environment:checking '/home/safwan/ros_ws/bumperbot_ws/install/bumperbot_description' for CMake module files
[1.743s] DEBUG:colcon.colcon_core.event_handler.log_command:Invoked command in '/home/safwan/ros_ws/bumperbot_ws/build/bumperbot_description' returned '0': CMAKE_PREFIX_PATH=${CMAKE_PREFIX_PATH}:/opt/ros/jazzy DEBUGINFOD_URLS=https://debuginfod.ubuntu.com /usr/bin/cmake --install /home/safwan/ros_ws/bumperbot_ws/build/bumperbot_description
[1.744s] Level 1:colcon.colcon_core.environment:checking '/home/safwan/ros_ws/bumperbot_ws/install/bumperbot_description' for CMake config files
[1.746s] Level 1:colcon.colcon_core.shell:create_environment_hook('bumperbot_description', 'cmake_prefix_path')
[1.750s] INFO:colcon.colcon_core.shell:Creating environment hook '/home/safwan/ros_ws/bumperbot_ws/install/bumperbot_description/share/bumperbot_description/hook/cmake_prefix_path.ps1'
[1.757s] INFO:colcon.colcon_core.shell:Creating environment descriptor '/home/safwan/ros_ws/bumperbot_ws/install/bumperbot_description/share/bumperbot_description/hook/cmake_prefix_path.dsv'
[1.759s] INFO:colcon.colcon_core.shell:Creating environment hook '/home/safwan/ros_ws/bumperbot_ws/install/bumperbot_description/share/bumperbot_description/hook/cmake_prefix_path.sh'
[1.763s] Level 1:colcon.colcon_core.environment:checking '/home/safwan/ros_ws/bumperbot_ws/install/bumperbot_description/bin'
[1.764s] Level 1:colcon.colcon_core.environment:checking '/home/safwan/ros_ws/bumperbot_ws/install/bumperbot_description/lib/pkgconfig/bumperbot_description.pc'
[1.765s] Level 1:colcon.colcon_core.environment:checking '/home/safwan/ros_ws/bumperbot_ws/install/bumperbot_description/lib/python3.12/site-packages'
[1.767s] Level 1:colcon.colcon_core.environment:checking '/home/safwan/ros_ws/bumperbot_ws/install/bumperbot_description/bin'
[1.769s] INFO:colcon.colcon_core.shell:Creating package script '/home/safwan/ros_ws/bumperbot_ws/install/bumperbot_description/share/bumperbot_description/package.ps1'
[1.773s] INFO:colcon.colcon_core.shell:Creating package descriptor '/home/safwan/ros_ws/bumperbot_ws/install/bumperbot_description/share/bumperbot_description/package.dsv'
[1.776s] INFO:colcon.colcon_core.shell:Creating package script '/home/safwan/ros_ws/bumperbot_ws/install/bumperbot_description/share/bumperbot_description/package.sh'
[1.779s] INFO:colcon.colcon_core.shell:Creating package script '/home/safwan/ros_ws/bumperbot_ws/install/bumperbot_description/share/bumperbot_description/package.bash'
[1.782s] INFO:colcon.colcon_core.shell:Creating package script '/home/safwan/ros_ws/bumperbot_ws/install/bumperbot_description/share/bumperbot_description/package.zsh'
[1.785s] Level 1:colcon.colcon_core.environment:create_file_with_runtime_dependencies(/home/safwan/ros_ws/bumperbot_ws/install/bumperbot_description/share/colcon-core/packages/bumperbot_description)
[1.789s] Level 1:colcon.colcon_core.environment:create_environment_scripts_only(bumperbot_description)
[1.790s] Level 1:colcon.colcon_core.environment:checking '/home/safwan/ros_ws/bumperbot_ws/install/bumperbot_description' for CMake module files
[1.794s] Level 1:colcon.colcon_core.environment:checking '/home/safwan/ros_ws/bumperbot_ws/install/bumperbot_description' for CMake config files
[1.796s] Level 1:colcon.colcon_core.shell:create_environment_hook('bumperbot_description', 'cmake_prefix_path')
[1.799s] INFO:colcon.colcon_core.shell:Creating environment hook '/home/safwan/ros_ws/bumperbot_ws/install/bumperbot_description/share/bumperbot_description/hook/cmake_prefix_path.ps1'
[1.801s] INFO:colcon.colcon_core.shell:Creating environment descriptor '/home/safwan/ros_ws/bumperbot_ws/install/bumperbot_description/share/bumperbot_description/hook/cmake_prefix_path.dsv'
[1.804s] INFO:colcon.colcon_core.shell:Creating environment hook '/home/safwan/ros_ws/bumperbot_ws/install/bumperbot_description/share/bumperbot_description/hook/cmake_prefix_path.sh'
[1.808s] Level 1:colcon.colcon_core.environment:checking '/home/safwan/ros_ws/bumperbot_ws/install/bumperbot_description/bin'
[1.808s] Level 1:colcon.colcon_core.environment:checking '/home/safwan/ros_ws/bumperbot_ws/install/bumperbot_description/lib/pkgconfig/bumperbot_description.pc'
[1.810s] Level 1:colcon.colcon_core.environment:checking '/home/safwan/ros_ws/bumperbot_ws/install/bumperbot_description/lib/python3.12/site-packages'
[1.812s] Level 1:colcon.colcon_core.environment:checking '/home/safwan/ros_ws/bumperbot_ws/install/bumperbot_description/bin'
[1.813s] INFO:colcon.colcon_core.shell:Creating package script '/home/safwan/ros_ws/bumperbot_ws/install/bumperbot_description/share/bumperbot_description/package.ps1'
[1.818s] INFO:colcon.colcon_core.shell:Creating package descriptor '/home/safwan/ros_ws/bumperbot_ws/install/bumperbot_description/share/bumperbot_description/package.dsv'
[1.823s] INFO:colcon.colcon_core.shell:Creating package script '/home/safwan/ros_ws/bumperbot_ws/install/bumperbot_description/share/bumperbot_description/package.sh'
[1.826s] INFO:colcon.colcon_core.shell:Creating package script '/home/safwan/ros_ws/bumperbot_ws/install/bumperbot_description/share/bumperbot_description/package.bash'
[1.834s] INFO:colcon.colcon_core.shell:Creating package script '/home/safwan/ros_ws/bumperbot_ws/install/bumperbot_description/share/bumperbot_description/package.zsh'
[1.838s] Level 1:colcon.colcon_core.environment:create_file_with_runtime_dependencies(/home/safwan/ros_ws/bumperbot_ws/install/bumperbot_description/share/colcon-core/packages/bumperbot_description)
[1.841s] DEBUG:colcon.colcon_parallel_executor.executor.parallel:closing loop
[1.842s] DEBUG:colcon.colcon_parallel_executor.executor.parallel:loop closed
[1.842s] DEBUG:colcon.colcon_parallel_executor.executor.parallel:run_until_complete finished with '0'
[1.842s] DEBUG:colcon.colcon_core.event_reactor:joining thread
[1.910s] INFO:colcon.colcon_core.plugin_system:Skipping extension 'colcon_notification.desktop_notification.terminal_notifier': Not used on non-Darwin systems
[1.911s] INFO:colcon.colcon_core.plugin_system:Skipping extension 'colcon_notification.desktop_notification.win32': Not used on non-Windows systems
[1.911s] INFO:colcon.colcon_notification.desktop_notification:Sending desktop notification using 'notify2'
[1.953s] DEBUG:colcon.colcon_core.event_reactor:joined thread
[1.954s] INFO:colcon.colcon_core.shell:Creating prefix script '/home/safwan/ros_ws/bumperbot_ws/install/local_setup.ps1'
[1.956s] INFO:colcon.colcon_core.shell:Creating prefix util module '/home/safwan/ros_ws/bumperbot_ws/install/_local_setup_util_ps1.py'
[1.961s] INFO:colcon.colcon_core.shell:Creating prefix chain script '/home/safwan/ros_ws/bumperbot_ws/install/setup.ps1'
[1.965s] INFO:colcon.colcon_core.shell:Creating prefix script '/home/safwan/ros_ws/bumperbot_ws/install/local_setup.sh'
[1.967s] INFO:colcon.colcon_core.shell:Creating prefix util module '/home/safwan/ros_ws/bumperbot_ws/install/_local_setup_util_sh.py'
[1.970s] INFO:colcon.colcon_core.shell:Creating prefix chain script '/home/safwan/ros_ws/bumperbot_ws/install/setup.sh'
[1.975s] INFO:colcon.colcon_core.shell:Creating prefix script '/home/safwan/ros_ws/bumperbot_ws/install/local_setup.bash'
[1.977s] INFO:colcon.colcon_core.shell:Creating prefix chain script '/home/safwan/ros_ws/bumperbot_ws/install/setup.bash'
[1.982s] INFO:colcon.colcon_core.shell:Creating prefix script '/home/safwan/ros_ws/bumperbot_ws/install/local_setup.zsh'
[1.984s] INFO:colcon.colcon_core.shell:Creating prefix chain script '/home/safwan/ros_ws/bumperbot_ws/install/setup.zsh'
