[0.030s] Invoking command in '/home/safwan/ros_ws/bumperbot_ws/build/bumperbot_controller': CMAKE_PREFIX_PATH=${CMAKE_PREFIX_PATH}:/opt/ros/jazzy DEBUGINFOD_URLS=https://debuginfod.ubuntu.com /usr/bin/cmake --build /home/safwan/ros_ws/bumperbot_ws/build/bumperbot_controller -- -j8 -l8
[0.144s] [ 50%] Built target ament_cmake_python_copy_bumperbot_controller
[0.145s] [100%] Built target simple_controller
[0.642s] running egg_info
[0.673s] writing bumperbot_controller.egg-info/PKG-INFO
[0.673s] writing dependency_links to bumperbot_controller.egg-info/dependency_links.txt
[0.674s] writing top-level names to bumperbot_controller.egg-info/top_level.txt
[0.780s] reading manifest file 'bumperbot_controller.egg-info/SOURCES.txt'
[0.781s] writing manifest file 'bumperbot_controller.egg-info/SOURCES.txt'
[0.822s] [100%] Built target ament_cmake_python_build_bumperbot_controller_egg
[0.841s] Invoked command in '/home/safwan/ros_ws/bumperbot_ws/build/bumperbot_controller' returned '0': CMAKE_PREFIX_PATH=${CMAKE_PREFIX_PATH}:/opt/ros/jazzy DEBUGINFOD_URLS=https://debuginfod.ubuntu.com /usr/bin/cmake --build /home/safwan/ros_ws/bumperbot_ws/build/bumperbot_controller -- -j8 -l8
[0.843s] Invoking command in '/home/safwan/ros_ws/bumperbot_ws/build/bumperbot_controller': CMAKE_PREFIX_PATH=${CMAKE_PREFIX_PATH}:/opt/ros/jazzy DEBUGINFOD_URLS=https://debuginfod.ubuntu.com /usr/bin/cmake --install /home/safwan/ros_ws/bumperbot_ws/build/bumperbot_controller
[0.858s] -- Install configuration: ""
[0.858s] -- Up-to-date: /home/safwan/ros_ws/bumperbot_ws/install/bumperbot_controller/share/bumperbot_controller/environment/pythonpath.sh
[0.859s] -- Up-to-date: /home/safwan/ros_ws/bumperbot_ws/install/bumperbot_controller/share/bumperbot_controller/environment/pythonpath.dsv
[0.859s] -- Up-to-date: /home/safwan/ros_ws/bumperbot_ws/install/bumperbot_controller/lib/python3.12/site-packages/bumperbot_controller-0.0.0-py3.12.egg-info
[0.859s] -- Installing: /home/safwan/ros_ws/bumperbot_ws/install/bumperbot_controller/lib/python3.12/site-packages/bumperbot_controller-0.0.0-py3.12.egg-info/SOURCES.txt
[0.859s] -- Installing: /home/safwan/ros_ws/bumperbot_ws/install/bumperbot_controller/lib/python3.12/site-packages/bumperbot_controller-0.0.0-py3.12.egg-info/PKG-INFO
[0.859s] -- Installing: /home/safwan/ros_ws/bumperbot_ws/install/bumperbot_controller/lib/python3.12/site-packages/bumperbot_controller-0.0.0-py3.12.egg-info/top_level.txt
[0.860s] -- Installing: /home/safwan/ros_ws/bumperbot_ws/install/bumperbot_controller/lib/python3.12/site-packages/bumperbot_controller-0.0.0-py3.12.egg-info/dependency_links.txt
[0.860s] -- Up-to-date: /home/safwan/ros_ws/bumperbot_ws/install/bumperbot_controller/lib/python3.12/site-packages/bumperbot_controller
[0.860s] -- Up-to-date: /home/safwan/ros_ws/bumperbot_ws/install/bumperbot_controller/lib/python3.12/site-packages/bumperbot_controller/simple_controller.py
[0.860s] -- Up-to-date: /home/safwan/ros_ws/bumperbot_ws/install/bumperbot_controller/lib/python3.12/site-packages/bumperbot_controller/__init__.py
[0.919s] Listing '/home/safwan/ros_ws/bumperbot_ws/install/bumperbot_controller/lib/python3.12/site-packages/bumperbot_controller'...
[0.927s] -- Up-to-date: /home/safwan/ros_ws/bumperbot_ws/install/bumperbot_controller/include/include
[0.927s] -- Up-to-date: /home/safwan/ros_ws/bumperbot_ws/install/bumperbot_controller/include/include/bumperbot_controller
[0.927s] -- Up-to-date: /home/safwan/ros_ws/bumperbot_ws/install/bumperbot_controller/include/include/bumperbot_controller/simple_controller.hpp
[0.927s] -- Up-to-date: /home/safwan/ros_ws/bumperbot_ws/install/bumperbot_controller/lib/bumperbot_controller/simple_controller
[0.928s] -- Up-to-date: /home/safwan/ros_ws/bumperbot_ws/install/bumperbot_controller/share/bumperbot_controller/launch
[0.928s] -- Installing: /home/safwan/ros_ws/bumperbot_ws/install/bumperbot_controller/share/bumperbot_controller/launch/controller.launch.py
[0.928s] -- Up-to-date: /home/safwan/ros_ws/bumperbot_ws/install/bumperbot_controller/share/bumperbot_controller/config
[0.929s] -- Installing: /home/safwan/ros_ws/bumperbot_ws/install/bumperbot_controller/share/bumperbot_controller/config/bumperbot_controllers.yaml
[0.929s] -- Up-to-date: /home/safwan/ros_ws/bumperbot_ws/install/bumperbot_controller/lib/bumperbot_controller/simple_controller.py
[0.929s] -- Up-to-date: /home/safwan/ros_ws/bumperbot_ws/install/bumperbot_controller/share/ament_index/resource_index/package_run_dependencies/bumperbot_controller
[0.929s] -- Up-to-date: /home/safwan/ros_ws/bumperbot_ws/install/bumperbot_controller/share/ament_index/resource_index/parent_prefix_path/bumperbot_controller
[0.930s] -- Up-to-date: /home/safwan/ros_ws/bumperbot_ws/install/bumperbot_controller/share/bumperbot_controller/environment/ament_prefix_path.sh
[0.930s] -- Up-to-date: /home/safwan/ros_ws/bumperbot_ws/install/bumperbot_controller/share/bumperbot_controller/environment/ament_prefix_path.dsv
[0.930s] -- Up-to-date: /home/safwan/ros_ws/bumperbot_ws/install/bumperbot_controller/share/bumperbot_controller/environment/path.sh
[0.930s] -- Up-to-date: /home/safwan/ros_ws/bumperbot_ws/install/bumperbot_controller/share/bumperbot_controller/environment/path.dsv
[0.930s] -- Up-to-date: /home/safwan/ros_ws/bumperbot_ws/install/bumperbot_controller/share/bumperbot_controller/local_setup.bash
[0.930s] -- Up-to-date: /home/safwan/ros_ws/bumperbot_ws/install/bumperbot_controller/share/bumperbot_controller/local_setup.sh
[0.931s] -- Up-to-date: /home/safwan/ros_ws/bumperbot_ws/install/bumperbot_controller/share/bumperbot_controller/local_setup.zsh
[0.931s] -- Up-to-date: /home/safwan/ros_ws/bumperbot_ws/install/bumperbot_controller/share/bumperbot_controller/local_setup.dsv
[0.931s] -- Installing: /home/safwan/ros_ws/bumperbot_ws/install/bumperbot_controller/share/bumperbot_controller/package.dsv
[0.931s] -- Up-to-date: /home/safwan/ros_ws/bumperbot_ws/install/bumperbot_controller/share/ament_index/resource_index/packages/bumperbot_controller
[0.931s] -- Up-to-date: /home/safwan/ros_ws/bumperbot_ws/install/bumperbot_controller/share/bumperbot_controller/cmake/bumperbot_controllerConfig.cmake
[0.931s] -- Up-to-date: /home/safwan/ros_ws/bumperbot_ws/install/bumperbot_controller/share/bumperbot_controller/cmake/bumperbot_controllerConfig-version.cmake
[0.931s] -- Up-to-date: /home/safwan/ros_ws/bumperbot_ws/install/bumperbot_controller/share/bumperbot_controller/package.xml
[0.934s] Invoked command in '/home/safwan/ros_ws/bumperbot_ws/build/bumperbot_controller' returned '0': CMAKE_PREFIX_PATH=${CMAKE_PREFIX_PATH}:/opt/ros/jazzy DEBUGINFOD_URLS=https://debuginfod.ubuntu.com /usr/bin/cmake --install /home/safwan/ros_ws/bumperbot_ws/build/bumperbot_controller
