[0.040s] Invoking command in '/home/safwan/ros_ws/bumperbot_ws/build/bumperbot_description': CMAKE_PREFIX_PATH=${CMAKE_PREFIX_PATH}:/home/safwan/ros_ws/bumperbot_ws/install/bumperbot_py_examples:/opt/ros/jazzy DEBUGINFOD_URLS=https://debuginfod.ubuntu.com /usr/bin/cmake --build /home/safwan/ros_ws/bumperbot_ws/build/bumperbot_description -- -j8 -l8
[0.086s] -- Found ament_cmake: 2.5.4 (/opt/ros/jazzy/share/ament_cmake/cmake)
[0.495s] -- Found ament_lint_auto: 0.17.2 (/opt/ros/jazzy/share/ament_lint_auto/cmake)
[0.707s] -- Added test 'lint_cmake' to check CMake code style
[0.710s] -- Added test 'xmllint' to check XML markup files
[0.712s] -- Configuring done (0.6s)
[0.719s] -- Generating done (0.0s)
[0.723s] -- Build files have been written to: /home/safwan/ros_ws/bumperbot_ws/build/bumperbot_description
[0.759s] Invoked command in '/home/safwan/ros_ws/bumperbot_ws/build/bumperbot_description' returned '0': CMAKE_PREFIX_PATH=${CMAKE_PREFIX_PATH}:/home/safwan/ros_ws/bumperbot_ws/install/bumperbot_py_examples:/opt/ros/jazzy DEBUGINFOD_URLS=https://debuginfod.ubuntu.com /usr/bin/cmake --build /home/safwan/ros_ws/bumperbot_ws/build/bumperbot_description -- -j8 -l8
[0.762s] Invoking command in '/home/safwan/ros_ws/bumperbot_ws/build/bumperbot_description': CMAKE_PREFIX_PATH=${CMAKE_PREFIX_PATH}:/home/safwan/ros_ws/bumperbot_ws/install/bumperbot_py_examples:/opt/ros/jazzy DEBUGINFOD_URLS=https://debuginfod.ubuntu.com /usr/bin/cmake --install /home/safwan/ros_ws/bumperbot_ws/build/bumperbot_description
[0.775s] -- Install configuration: ""
[0.775s] -- Up-to-date: /home/safwan/ros_ws/bumperbot_ws/install/bumperbot_description/share/bumperbot_description/meshes
[0.775s] -- Up-to-date: /home/safwan/ros_ws/bumperbot_ws/install/bumperbot_description/share/bumperbot_description/meshes/wheel_left_link.STL
[0.775s] -- Installing: /home/safwan/ros_ws/bumperbot_ws/install/bumperbot_description/share/bumperbot_description/meshes/imu_link.dae
[0.776s] -- Up-to-date: /home/safwan/ros_ws/bumperbot_ws/install/bumperbot_description/share/bumperbot_description/meshes/caster_front_link.STL
[0.776s] -- Up-to-date: /home/safwan/ros_ws/bumperbot_ws/install/bumperbot_description/share/bumperbot_description/meshes/base_link.STL
[0.776s] -- Installing: /home/safwan/ros_ws/bumperbot_ws/install/bumperbot_description/share/bumperbot_description/meshes/caster_rear_link.dae
[0.779s] -- Installing: /home/safwan/ros_ws/bumperbot_ws/install/bumperbot_description/share/bumperbot_description/meshes/caster_front_link.dae
[0.781s] -- Up-to-date: /home/safwan/ros_ws/bumperbot_ws/install/bumperbot_description/share/bumperbot_description/meshes/base_link.dae
[0.781s] -- Up-to-date: /home/safwan/ros_ws/bumperbot_ws/install/bumperbot_description/share/bumperbot_description/meshes/caster_rear_link.STL
[0.782s] -- Up-to-date: /home/safwan/ros_ws/bumperbot_ws/install/bumperbot_description/share/bumperbot_description/meshes/imu_link.STL
[0.782s] -- Installing: /home/safwan/ros_ws/bumperbot_ws/install/bumperbot_description/share/bumperbot_description/meshes/wheel_left_link.dae
[0.788s] -- Up-to-date: /home/safwan/ros_ws/bumperbot_ws/install/bumperbot_description/share/bumperbot_description/meshes/wheel_right_link.STL
[0.789s] -- Installing: /home/safwan/ros_ws/bumperbot_ws/install/bumperbot_description/share/bumperbot_description/meshes/wheel_right_link.dae
[0.798s] -- Up-to-date: /home/safwan/ros_ws/bumperbot_ws/install/bumperbot_description/share/bumperbot_description/urdf
[0.798s] -- Installing: /home/safwan/ros_ws/bumperbot_ws/install/bumperbot_description/share/bumperbot_description/urdf/bumperbot.urdf.xacro
[0.798s] -- Up-to-date: /home/safwan/ros_ws/bumperbot_ws/install/bumperbot_description/share/ament_index/resource_index/package_run_dependencies/bumperbot_description
[0.799s] -- Up-to-date: /home/safwan/ros_ws/bumperbot_ws/install/bumperbot_description/share/ament_index/resource_index/parent_prefix_path/bumperbot_description
[0.799s] -- Up-to-date: /home/safwan/ros_ws/bumperbot_ws/install/bumperbot_description/share/bumperbot_description/environment/ament_prefix_path.sh
[0.799s] -- Up-to-date: /home/safwan/ros_ws/bumperbot_ws/install/bumperbot_description/share/bumperbot_description/environment/ament_prefix_path.dsv
[0.799s] -- Up-to-date: /home/safwan/ros_ws/bumperbot_ws/install/bumperbot_description/share/bumperbot_description/environment/path.sh
[0.799s] -- Up-to-date: /home/safwan/ros_ws/bumperbot_ws/install/bumperbot_description/share/bumperbot_description/environment/path.dsv
[0.800s] -- Up-to-date: /home/safwan/ros_ws/bumperbot_ws/install/bumperbot_description/share/bumperbot_description/local_setup.bash
[0.800s] -- Up-to-date: /home/safwan/ros_ws/bumperbot_ws/install/bumperbot_description/share/bumperbot_description/local_setup.sh
[0.800s] -- Up-to-date: /home/safwan/ros_ws/bumperbot_ws/install/bumperbot_description/share/bumperbot_description/local_setup.zsh
[0.800s] -- Up-to-date: /home/safwan/ros_ws/bumperbot_ws/install/bumperbot_description/share/bumperbot_description/local_setup.dsv
[0.801s] -- Installing: /home/safwan/ros_ws/bumperbot_ws/install/bumperbot_description/share/bumperbot_description/package.dsv
[0.801s] -- Up-to-date: /home/safwan/ros_ws/bumperbot_ws/install/bumperbot_description/share/ament_index/resource_index/packages/bumperbot_description
[0.801s] -- Up-to-date: /home/safwan/ros_ws/bumperbot_ws/install/bumperbot_description/share/bumperbot_description/cmake/bumperbot_descriptionConfig.cmake
[0.801s] -- Up-to-date: /home/safwan/ros_ws/bumperbot_ws/install/bumperbot_description/share/bumperbot_description/cmake/bumperbot_descriptionConfig-version.cmake
[0.802s] -- Installing: /home/safwan/ros_ws/bumperbot_ws/install/bumperbot_description/share/bumperbot_description/package.xml
[0.804s] Invoked command in '/home/safwan/ros_ws/bumperbot_ws/build/bumperbot_description' returned '0': CMAKE_PREFIX_PATH=${CMAKE_PREFIX_PATH}:/home/safwan/ros_ws/bumperbot_ws/install/bumperbot_py_examples:/opt/ros/jazzy DEBUGINFOD_URLS=https://debuginfod.ubuntu.com /usr/bin/cmake --install /home/safwan/ros_ws/bumperbot_ws/build/bumperbot_description
