[0.017s] Invoking command in '/home/safwan/ros_ws/bumperbot_ws/build/bumperbot_description': CMAKE_PREFIX_PATH=${CMAKE_PREFIX_PATH}:/opt/ros/jazzy DEBUGINFOD_URLS=https://debuginfod.ubuntu.com /usr/bin/cmake --build /home/safwan/ros_ws/bumperbot_ws/build/bumperbot_description -- -j8 -l8
[0.053s] -- Found ament_cmake: 2.5.4 (/opt/ros/jazzy/share/ament_cmake/cmake)
[0.355s] -- Found ament_lint_auto: 0.17.2 (/opt/ros/jazzy/share/ament_lint_auto/cmake)
[0.519s] -- Added test 'flake8' to check Python code syntax and style conventions
[0.519s] -- Configured 'flake8' exclude dirs and/or files: 
[0.520s] -- Added test 'lint_cmake' to check CMake code style
[0.521s] -- Added test 'pep257' to check Python code against some of the docstring style conventions in PEP 257
[0.524s] -- Added test 'xmllint' to check XML markup files
[0.525s] -- Configuring done (0.5s)
[0.531s] -- Generating done (0.0s)
[0.535s] -- Build files have been written to: /home/safwan/ros_ws/bumperbot_ws/build/bumperbot_description
[0.569s] Invoked command in '/home/safwan/ros_ws/bumperbot_ws/build/bumperbot_description' returned '0': CMAKE_PREFIX_PATH=${CMAKE_PREFIX_PATH}:/opt/ros/jazzy DEBUGINFOD_URLS=https://debuginfod.ubuntu.com /usr/bin/cmake --build /home/safwan/ros_ws/bumperbot_ws/build/bumperbot_description -- -j8 -l8
[0.583s] Invoking command in '/home/safwan/ros_ws/bumperbot_ws/build/bumperbot_description': CMAKE_PREFIX_PATH=${CMAKE_PREFIX_PATH}:/opt/ros/jazzy DEBUGINFOD_URLS=https://debuginfod.ubuntu.com /usr/bin/cmake --install /home/safwan/ros_ws/bumperbot_ws/build/bumperbot_description
[0.594s] -- Install configuration: ""
[0.595s] -- Up-to-date: /home/safwan/ros_ws/bumperbot_ws/install/bumperbot_description/share/bumperbot_description/meshes
[0.595s] -- Up-to-date: /home/safwan/ros_ws/bumperbot_ws/install/bumperbot_description/share/bumperbot_description/meshes/wheel_left_link.STL
[0.595s] -- Up-to-date: /home/safwan/ros_ws/bumperbot_ws/install/bumperbot_description/share/bumperbot_description/meshes/imu_link.dae
[0.595s] -- Up-to-date: /home/safwan/ros_ws/bumperbot_ws/install/bumperbot_description/share/bumperbot_description/meshes/caster_front_link.STL
[0.595s] -- Up-to-date: /home/safwan/ros_ws/bumperbot_ws/install/bumperbot_description/share/bumperbot_description/meshes/base_link.STL
[0.596s] -- Up-to-date: /home/safwan/ros_ws/bumperbot_ws/install/bumperbot_description/share/bumperbot_description/meshes/caster_rear_link.dae
[0.596s] -- Up-to-date: /home/safwan/ros_ws/bumperbot_ws/install/bumperbot_description/share/bumperbot_description/meshes/caster_front_link.dae
[0.596s] -- Up-to-date: /home/safwan/ros_ws/bumperbot_ws/install/bumperbot_description/share/bumperbot_description/meshes/base_link.dae
[0.596s] -- Up-to-date: /home/safwan/ros_ws/bumperbot_ws/install/bumperbot_description/share/bumperbot_description/meshes/caster_rear_link.STL
[0.596s] -- Up-to-date: /home/safwan/ros_ws/bumperbot_ws/install/bumperbot_description/share/bumperbot_description/meshes/imu_link.STL
[0.597s] -- Up-to-date: /home/safwan/ros_ws/bumperbot_ws/install/bumperbot_description/share/bumperbot_description/meshes/wheel_left_link.dae
[0.597s] -- Up-to-date: /home/safwan/ros_ws/bumperbot_ws/install/bumperbot_description/share/bumperbot_description/meshes/wheel_right_link.STL
[0.597s] -- Up-to-date: /home/safwan/ros_ws/bumperbot_ws/install/bumperbot_description/share/bumperbot_description/meshes/wheel_right_link.dae
[0.597s] -- Up-to-date: /home/safwan/ros_ws/bumperbot_ws/install/bumperbot_description/share/bumperbot_description/urdf
[0.598s] -- Up-to-date: /home/safwan/ros_ws/bumperbot_ws/install/bumperbot_description/share/bumperbot_description/urdf/bumperbot.urdf.xacro
[0.598s] -- Up-to-date: /home/safwan/ros_ws/bumperbot_ws/install/bumperbot_description/share/bumperbot_description/urdf/bumperbot_gazebo.xacro
[0.598s] -- Up-to-date: /home/safwan/ros_ws/bumperbot_ws/install/bumperbot_description/share/bumperbot_description/launch
[0.598s] -- Installing: /home/safwan/ros_ws/bumperbot_ws/install/bumperbot_description/share/bumperbot_description/launch/gazebo.launch.py
[0.598s] -- Up-to-date: /home/safwan/ros_ws/bumperbot_ws/install/bumperbot_description/share/bumperbot_description/launch/display.launch.py
[0.598s] -- Up-to-date: /home/safwan/ros_ws/bumperbot_ws/install/bumperbot_description/share/bumperbot_description/rviz
[0.598s] -- Up-to-date: /home/safwan/ros_ws/bumperbot_ws/install/bumperbot_description/share/bumperbot_description/rviz/display.rviz
[0.599s] -- Installing: /home/safwan/ros_ws/bumperbot_ws/install/bumperbot_description/share/ament_index/resource_index/package_run_dependencies/bumperbot_description
[0.599s] -- Up-to-date: /home/safwan/ros_ws/bumperbot_ws/install/bumperbot_description/share/ament_index/resource_index/parent_prefix_path/bumperbot_description
[0.599s] -- Up-to-date: /home/safwan/ros_ws/bumperbot_ws/install/bumperbot_description/share/bumperbot_description/environment/ament_prefix_path.sh
[0.600s] -- Up-to-date: /home/safwan/ros_ws/bumperbot_ws/install/bumperbot_description/share/bumperbot_description/environment/ament_prefix_path.dsv
[0.601s] -- Up-to-date: /home/safwan/ros_ws/bumperbot_ws/install/bumperbot_description/share/bumperbot_description/environment/path.sh
[0.601s] -- Up-to-date: /home/safwan/ros_ws/bumperbot_ws/install/bumperbot_description/share/bumperbot_description/environment/path.dsv
[0.602s] -- Up-to-date: /home/safwan/ros_ws/bumperbot_ws/install/bumperbot_description/share/bumperbot_description/local_setup.bash
[0.602s] -- Up-to-date: /home/safwan/ros_ws/bumperbot_ws/install/bumperbot_description/share/bumperbot_description/local_setup.sh
[0.603s] -- Up-to-date: /home/safwan/ros_ws/bumperbot_ws/install/bumperbot_description/share/bumperbot_description/local_setup.zsh
[0.603s] -- Up-to-date: /home/safwan/ros_ws/bumperbot_ws/install/bumperbot_description/share/bumperbot_description/local_setup.dsv
[0.603s] -- Installing: /home/safwan/ros_ws/bumperbot_ws/install/bumperbot_description/share/bumperbot_description/package.dsv
[0.604s] -- Up-to-date: /home/safwan/ros_ws/bumperbot_ws/install/bumperbot_description/share/ament_index/resource_index/packages/bumperbot_description
[0.604s] -- Up-to-date: /home/safwan/ros_ws/bumperbot_ws/install/bumperbot_description/share/bumperbot_description/cmake/bumperbot_descriptionConfig.cmake
[0.605s] -- Up-to-date: /home/safwan/ros_ws/bumperbot_ws/install/bumperbot_description/share/bumperbot_description/cmake/bumperbot_descriptionConfig-version.cmake
[0.605s] -- Installing: /home/safwan/ros_ws/bumperbot_ws/install/bumperbot_description/share/bumperbot_description/package.xml
[0.605s] Invoked command in '/home/safwan/ros_ws/bumperbot_ws/build/bumperbot_description' returned '0': CMAKE_PREFIX_PATH=${CMAKE_PREFIX_PATH}:/opt/ros/jazzy DEBUGINFOD_URLS=https://debuginfod.ubuntu.com /usr/bin/cmake --install /home/safwan/ros_ws/bumperbot_ws/build/bumperbot_description
