[0.048s] Invoking command in '/home/safwan/ros_ws/bumperbot_ws/build/bumperbot_cpp_examples': CMAKE_PREFIX_PATH=${CMAKE_PREFIX_PATH}:/opt/ros/jazzy DEBUGINFOD_URLS=https://debuginfod.ubuntu.com /usr/bin/cmake --build /home/safwan/ros_ws/bumperbot_ws/build/bumperbot_cpp_examples -- -j8 -l8
[0.558s] Invoked command in '/home/safwan/ros_ws/bumperbot_ws/build/bumperbot_cpp_examples' returned '0': CMAKE_PREFIX_PATH=${CMAKE_PREFIX_PATH}:/opt/ros/jazzy DEBUGINFOD_URLS=https://debuginfod.ubuntu.com /usr/bin/cmake --build /home/safwan/ros_ws/bumperbot_ws/build/bumperbot_cpp_examples -- -j8 -l8
[0.562s] Invoking command in '/home/safwan/ros_ws/bumperbot_ws/build/bumperbot_cpp_examples': CMAKE_PREFIX_PATH=${CMAKE_PREFIX_PATH}:/opt/ros/jazzy DEBUGINFOD_URLS=https://debuginfod.ubuntu.com /usr/bin/cmake --install /home/safwan/ros_ws/bumperbot_ws/build/bumperbot_cpp_examples
[0.591s] -- Install configuration: ""
[0.591s] -- Up-to-date: /home/safwan/ros_ws/bumperbot_ws/install/bumperbot_cpp_examples/share/ament_index/resource_index/package_run_dependencies/bumperbot_cpp_examples
[0.591s] -- Up-to-date: /home/safwan/ros_ws/bumperbot_ws/install/bumperbot_cpp_examples/share/ament_index/resource_index/parent_prefix_path/bumperbot_cpp_examples
[0.591s] -- Up-to-date: /home/safwan/ros_ws/bumperbot_ws/install/bumperbot_cpp_examples/share/bumperbot_cpp_examples/environment/ament_prefix_path.sh
[0.592s] -- Up-to-date: /home/safwan/ros_ws/bumperbot_ws/install/bumperbot_cpp_examples/share/bumperbot_cpp_examples/environment/ament_prefix_path.dsv
[0.592s] -- Up-to-date: /home/safwan/ros_ws/bumperbot_ws/install/bumperbot_cpp_examples/share/bumperbot_cpp_examples/environment/path.sh
[0.593s] -- Up-to-date: /home/safwan/ros_ws/bumperbot_ws/install/bumperbot_cpp_examples/share/bumperbot_cpp_examples/environment/path.dsv
[0.594s] -- Up-to-date: /home/safwan/ros_ws/bumperbot_ws/install/bumperbot_cpp_examples/share/bumperbot_cpp_examples/local_setup.bash
[0.594s] -- Up-to-date: /home/safwan/ros_ws/bumperbot_ws/install/bumperbot_cpp_examples/share/bumperbot_cpp_examples/local_setup.sh
[0.595s] -- Up-to-date: /home/safwan/ros_ws/bumperbot_ws/install/bumperbot_cpp_examples/share/bumperbot_cpp_examples/local_setup.zsh
[0.595s] -- Up-to-date: /home/safwan/ros_ws/bumperbot_ws/install/bumperbot_cpp_examples/share/bumperbot_cpp_examples/local_setup.dsv
[0.595s] -- Installing: /home/safwan/ros_ws/bumperbot_ws/install/bumperbot_cpp_examples/share/bumperbot_cpp_examples/package.dsv
[0.595s] -- Up-to-date: /home/safwan/ros_ws/bumperbot_ws/install/bumperbot_cpp_examples/share/ament_index/resource_index/packages/bumperbot_cpp_examples
[0.596s] -- Up-to-date: /home/safwan/ros_ws/bumperbot_ws/install/bumperbot_cpp_examples/share/bumperbot_cpp_examples/cmake/bumperbot_cpp_examplesConfig.cmake
[0.596s] -- Up-to-date: /home/safwan/ros_ws/bumperbot_ws/install/bumperbot_cpp_examples/share/bumperbot_cpp_examples/cmake/bumperbot_cpp_examplesConfig-version.cmake
[0.596s] -- Up-to-date: /home/safwan/ros_ws/bumperbot_ws/install/bumperbot_cpp_examples/share/bumperbot_cpp_examples/package.xml
[0.628s] Invoked command in '/home/safwan/ros_ws/bumperbot_ws/build/bumperbot_cpp_examples' returned '0': CMAKE_PREFIX_PATH=${CMAKE_PREFIX_PATH}:/opt/ros/jazzy DEBUGINFOD_URLS=https://debuginfod.ubuntu.com /usr/bin/cmake --install /home/safwan/ros_ws/bumperbot_ws/build/bumperbot_cpp_examples
