[0.049s] Invoking command in '/home/safwan/ros_ws/bumperbot_ws/build/bumperbot_description': CMAKE_PREFIX_PATH=${CMAKE_PREFIX_PATH}:/home/safwan/ros_ws/bumperbot_ws/install/bumperbot_py_examples:/opt/ros/jazzy DEBUGINFOD_URLS=https://debuginfod.ubuntu.com /usr/bin/cmake --build /home/safwan/ros_ws/bumperbot_ws/build/bumperbot_description -- -j8 -l8
[0.220s] Invoked command in '/home/safwan/ros_ws/bumperbot_ws/build/bumperbot_description' returned '0': CMAKE_PREFIX_PATH=${CMAKE_PREFIX_PATH}:/home/safwan/ros_ws/bumperbot_ws/install/bumperbot_py_examples:/opt/ros/jazzy DEBUGINFOD_URLS=https://debuginfod.ubuntu.com /usr/bin/cmake --build /home/safwan/ros_ws/bumperbot_ws/build/bumperbot_description -- -j8 -l8
[0.225s] Invoking command in '/home/safwan/ros_ws/bumperbot_ws/build/bumperbot_description': CMAKE_PREFIX_PATH=${CMAKE_PREFIX_PATH}:/home/safwan/ros_ws/bumperbot_ws/install/bumperbot_py_examples:/opt/ros/jazzy DEBUGINFOD_URLS=https://debuginfod.ubuntu.com /usr/bin/cmake --install /home/safwan/ros_ws/bumperbot_ws/build/bumperbot_description
[0.261s] -- Install configuration: ""
[0.262s] -- Up-to-date: /home/safwan/ros_ws/bumperbot_ws/install/bumperbot_description/share/bumperbot_description/meshes
[0.262s] -- Up-to-date: /home/safwan/ros_ws/bumperbot_ws/install/bumperbot_description/share/bumperbot_description/meshes/wheel_left_link.STL
[0.263s] -- Up-to-date: /home/safwan/ros_ws/bumperbot_ws/install/bumperbot_description/share/bumperbot_description/meshes/imu_link.dae
[0.263s] -- Up-to-date: /home/safwan/ros_ws/bumperbot_ws/install/bumperbot_description/share/bumperbot_description/meshes/caster_front_link.STL
[0.264s] -- Up-to-date: /home/safwan/ros_ws/bumperbot_ws/install/bumperbot_description/share/bumperbot_description/meshes/base_link.STL
[0.265s] -- Up-to-date: /home/safwan/ros_ws/bumperbot_ws/install/bumperbot_description/share/bumperbot_description/meshes/caster_rear_link.dae
[0.266s] -- Up-to-date: /home/safwan/ros_ws/bumperbot_ws/install/bumperbot_description/share/bumperbot_description/meshes/caster_front_link.dae
[0.267s] -- Up-to-date: /home/safwan/ros_ws/bumperbot_ws/install/bumperbot_description/share/bumperbot_description/meshes/base_link.dae
[0.269s] -- Up-to-date: /home/safwan/ros_ws/bumperbot_ws/install/bumperbot_description/share/bumperbot_description/meshes/caster_rear_link.STL
[0.270s] -- Up-to-date: /home/safwan/ros_ws/bumperbot_ws/install/bumperbot_description/share/bumperbot_description/meshes/imu_link.STL
[0.271s] -- Up-to-date: /home/safwan/ros_ws/bumperbot_ws/install/bumperbot_description/share/bumperbot_description/meshes/wheel_left_link.dae
[0.272s] -- Up-to-date: /home/safwan/ros_ws/bumperbot_ws/install/bumperbot_description/share/bumperbot_description/meshes/wheel_right_link.STL
[0.272s] -- Up-to-date: /home/safwan/ros_ws/bumperbot_ws/install/bumperbot_description/share/bumperbot_description/meshes/wheel_right_link.dae
[0.273s] -- Up-to-date: /home/safwan/ros_ws/bumperbot_ws/install/bumperbot_description/share/bumperbot_description/urdf
[0.273s] -- Up-to-date: /home/safwan/ros_ws/bumperbot_ws/install/bumperbot_description/share/bumperbot_description/urdf/bumperbot_ros2_control.xacro
[0.275s] -- Up-to-date: /home/safwan/ros_ws/bumperbot_ws/install/bumperbot_description/share/bumperbot_description/urdf/bumperbot.urdf.xacro
[0.276s] -- Up-to-date: /home/safwan/ros_ws/bumperbot_ws/install/bumperbot_description/share/bumperbot_description/urdf/bumperbot_gazebo.xacro
[0.277s] -- Up-to-date: /home/safwan/ros_ws/bumperbot_ws/install/bumperbot_description/share/bumperbot_description/launch
[0.277s] -- Up-to-date: /home/safwan/ros_ws/bumperbot_ws/install/bumperbot_description/share/bumperbot_description/launch/gazebo.launch.py
[0.277s] -- Up-to-date: /home/safwan/ros_ws/bumperbot_ws/install/bumperbot_description/share/bumperbot_description/launch/display.launch.py
[0.278s] -- Up-to-date: /home/safwan/ros_ws/bumperbot_ws/install/bumperbot_description/share/bumperbot_description/rviz
[0.278s] -- Up-to-date: /home/safwan/ros_ws/bumperbot_ws/install/bumperbot_description/share/bumperbot_description/rviz/display.rviz
[0.279s] -- Up-to-date: /home/safwan/ros_ws/bumperbot_ws/install/bumperbot_description/share/ament_index/resource_index/package_run_dependencies/bumperbot_description
[0.280s] -- Up-to-date: /home/safwan/ros_ws/bumperbot_ws/install/bumperbot_description/share/ament_index/resource_index/parent_prefix_path/bumperbot_description
[0.280s] -- Up-to-date: /home/safwan/ros_ws/bumperbot_ws/install/bumperbot_description/share/bumperbot_description/environment/ament_prefix_path.sh
[0.281s] -- Up-to-date: /home/safwan/ros_ws/bumperbot_ws/install/bumperbot_description/share/bumperbot_description/environment/ament_prefix_path.dsv
[0.282s] -- Up-to-date: /home/safwan/ros_ws/bumperbot_ws/install/bumperbot_description/share/bumperbot_description/environment/path.sh
[0.283s] -- Up-to-date: /home/safwan/ros_ws/bumperbot_ws/install/bumperbot_description/share/bumperbot_description/environment/path.dsv
[0.283s] -- Up-to-date: /home/safwan/ros_ws/bumperbot_ws/install/bumperbot_description/share/bumperbot_description/local_setup.bash
[0.284s] -- Up-to-date: /home/safwan/ros_ws/bumperbot_ws/install/bumperbot_description/share/bumperbot_description/local_setup.sh
[0.284s] -- Up-to-date: /home/safwan/ros_ws/bumperbot_ws/install/bumperbot_description/share/bumperbot_description/local_setup.zsh
[0.285s] -- Up-to-date: /home/safwan/ros_ws/bumperbot_ws/install/bumperbot_description/share/bumperbot_description/local_setup.dsv
[0.286s] -- Installing: /home/safwan/ros_ws/bumperbot_ws/install/bumperbot_description/share/bumperbot_description/package.dsv
[0.286s] -- Up-to-date: /home/safwan/ros_ws/bumperbot_ws/install/bumperbot_description/share/ament_index/resource_index/packages/bumperbot_description
[0.287s] -- Up-to-date: /home/safwan/ros_ws/bumperbot_ws/install/bumperbot_description/share/bumperbot_description/cmake/bumperbot_descriptionConfig.cmake
[0.288s] -- Up-to-date: /home/safwan/ros_ws/bumperbot_ws/install/bumperbot_description/share/bumperbot_description/cmake/bumperbot_descriptionConfig-version.cmake
[0.289s] -- Up-to-date: /home/safwan/ros_ws/bumperbot_ws/install/bumperbot_description/share/bumperbot_description/package.xml
[0.347s] Invoked command in '/home/safwan/ros_ws/bumperbot_ws/build/bumperbot_description' returned '0': CMAKE_PREFIX_PATH=${CMAKE_PREFIX_PATH}:/home/safwan/ros_ws/bumperbot_ws/install/bumperbot_py_examples:/opt/ros/jazzy DEBUGINFOD_URLS=https://debuginfod.ubuntu.com /usr/bin/cmake --install /home/safwan/ros_ws/bumperbot_ws/build/bumperbot_description
